#
# A fatal error has been detected by the Java Runtime Environment:
#
#  SIGSEGV (0xb) at pc=0x00007f926822b78e, pid=6249, tid=140266347349760
#
# JRE version: OpenJDK Runtime Environment (8.0_20-b23) (build 1.8.0_20-b23)
# Java VM: OpenJDK 64-Bit Server VM (25.20-b22 mixed mode linux-amd64 compressed oops)
# Problematic frame:
# C  [libLeap.so+0x6e78e]
#
# Core dump written. Default location: /home/pold/Documents/Radboud/Java/photo-album/core or core.6249
#
# If you would like to submit a bug report, please visit:
#   http://bugreport.sun.com/bugreport/crash.jsp
# The crash happened outside the Java Virtual Machine in native code.
# See problematic frame for where to report the bug.
#

---------------  T H R E A D  ---------------

Current thread (0x00007f922c001800):  JavaThread "Thread-2236" [_thread_in_native, id=6288, stack(0x00007f924d4ec000,0x00007f924dced000)]

siginfo: si_signo: 11 (SIGSEGV), si_code: 1 (SEGV_MAPERR), si_addr: 0x0000000000000008

Registers:
RAX=0x00007f922c10e9d0, RBX=0x0000000000000000, RCX=0x00007f922c000020, RDX=0x0000000066666667
RSP=0x00007f924dceb2f0, RBP=0x0000000000000005, RSI=0x0000000000000000, RDI=0x0000000000000000
R8 =0x00007f9228017a80, R9 =0x00000000dcb8ea60, R10=0x00007f92a13e2f55, R11=0x00007f924dceb660
R12=0x0000000000000000, R13=0x00007f924dceb300, R14=0x00007f92280791a0, R15=0x00007f924dceb310
RIP=0x00007f926822b78e, EFLAGS=0x0000000000010206, CSGSFS=0x0000000000000033, ERR=0x0000000000000004
  TRAPNO=0x000000000000000e

Top of Stack: (sp=0x00007f924dceb2f0)
0x00007f924dceb2f0:   00007f924dceb480 00007f924dceb3a0
0x00007f924dceb300:   00007f92b5335710 00007f922c001800
0x00007f924dceb310:   00007f922c10e9d0 00007f922c10e9d0
0x00007f924dceb320:   00007f922c10ea20 00007f922c001800
0x00007f924dceb330:   0000000000000000 00007f92b559b048
0x00007f924dceb340:   00007f924dceb640 00007f922c001800
0x00007f924dceb350:   00007f924dceb3b0 00007f924dceb3a0
0x00007f924dceb360:   00007f924dceb3a0 0000000000000000
0x00007f924dceb370:   00007f92b559b048 00007f924dceb400
0x00007f924dceb380:   00007f922c001800 00007f926822b947
0x00007f924dceb390:   0000000000000000 00007f92685801d6
0x00007f924dceb3a0:   00007f92b559b048 00007f924dceb640
0x00007f924dceb3b0:   0000000000000000 00007f924dceb410
0x00007f924dceb3c0:   0000000000000000 00007f92a13e2fc7
0x00007f924dceb3d0:   00007f926889d598 00000000dcb8ea60
0x00007f924dceb3e0:   0000000000000000 0000000000000000
0x00007f924dceb3f0:   0000000000000000 0000000000000000
0x00007f924dceb400:   0000000086ecebe8 0000000000000000
0x00007f924dceb410:   00007f924dceb9b0 00007f92a14edd7c
0x00007f924dceb420:   0000000000000000 0000000000000000
0x00007f924dceb430:   0000000000000000 0000000000000000
0x00007f924dceb440:   9000000000000000 0000000000004004
0x00007f924dceb450:   e5585fd151001191 0000000000004000
0x00007f924dceb460:   0000000041291766 0000000000000000
0x00007f924dceb470:   00000000413c346d 0000000000000000
0x00007f924dceb480:   000000007f7fffff 0000000000000000
0x00007f924dceb490:   0000000074736f6d 0000000000000000
0x00007f924dceb4a0:   0000000000ff0000 0000000000000000
0x00007f924dceb4b0:   00000000bca830d6 0000000000000000
0x00007f924dceb4c0:   000000003cb33356 0000000000000000
0x00007f924dceb4d0:   65676e696620646e 0000000000000000
0x00007f924dceb4e0:   0000000000000000 0000000000000000 

Instructions: (pc=0x00007f926822b78e)
0x00007f926822b76e:   e8 cd 83 ff ff 4c 8d 6c 24 10 31 db 48 85 ed 74
0x00007f926822b77e:   6b 4d 8b 86 58 01 00 00 ba 67 66 66 66 49 8b 30
0x00007f926822b78e:   8b 4e 08 89 c8 f7 ea 89 c8 c1 f8 1f c1 fa 02 29
0x00007f926822b79e:   c2 8d 04 92 01 c0 29 c1 39 cb 0f 84 a2 00 00 00 

Register to memory mapping:

RAX=0x00007f922c10e9d0 is an unknown value
RBX=0x0000000000000000 is an unknown value
RCX=0x00007f922c000020 is an unknown value
RDX=0x0000000066666667 is an unknown value
RSP=0x00007f924dceb2f0 is pointing into the stack for thread: 0x00007f922c001800
RBP=0x0000000000000005 is an unknown value
RSI=0x0000000000000000 is an unknown value
RDI=0x0000000000000000 is an unknown value
R8 =0x00007f9228017a80 is an unknown value
R9 =0x00000000dcb8ea60 is an oop
com.leapmotion.leap.Hand 
 - klass: 'com/leapmotion/leap/Hand'
R10=0x00007f92a13e2f55 is at entry_point+85 in (nmethod*)0x00007f92a13e2d90
R11=0x00007f924dceb660 is pointing into the stack for thread: 0x00007f922c001800
R12=0x0000000000000000 is an unknown value
R13=0x00007f924dceb300 is pointing into the stack for thread: 0x00007f922c001800
R14=0x00007f92280791a0 is an unknown value
R15=0x00007f924dceb310 is pointing into the stack for thread: 0x00007f922c001800


Stack: [0x00007f924d4ec000,0x00007f924dced000],  sp=0x00007f924dceb2f0,  free space=8188k
Native frames: (J=compiled Java code, j=interpreted, Vv=VM code, C=native code)
C  [libLeap.so+0x6e78e]

Java frames: (J=compiled Java code, j=interpreted, Vv=VM code)
J 1196  com.leapmotion.leap.LeapJNI.Hand_fingers(JLcom/leapmotion/leap/Hand;)J (0 bytes) @ 0x00007f92a13e2f55 [0x00007f92a13e2f00+0x55]
J 1594 C1 main.java.gesturerecognition.VolkerLeapListener.updateRightHand(Lcom/leapmotion/leap/Frame;Lcom/leapmotion/leap/Hand;)V (310 bytes) @ 0x00007f92a14edd7c [0x00007f92a14ed580+0x7fc]
J 1410 C1 main.java.gesturerecognition.VolkerLeapListener.onFrame(Lcom/leapmotion/leap/Controller;)V (110 bytes) @ 0x00007f92a145424c [0x00007f92a1452880+0x19cc]
J 1409 C1 com.leapmotion.leap.LeapJNI.SwigDirector_Listener_onFrame(Lcom/leapmotion/leap/Listener;J)V (14 bytes) @ 0x00007f92a1451f24 [0x00007f92a1451ca0+0x284]
v  ~StubRoutines::call_stub

---------------  P R O C E S S  ---------------

Java Threads: ( => current thread )
=>0x00007f922c001800 JavaThread "Thread-2236" [_thread_in_native, id=6288, stack(0x00007f924d4ec000,0x00007f924dced000)]
  0x00007f92b0009800 JavaThread "DestroyJavaVM" [_thread_blocked, id=6251, stack(0x00007f92b9170000,0x00007f92b9271000)]
  0x00007f92b024e800 JavaThread "AWT-EventQueue-0" [_thread_blocked, id=6277, stack(0x00007f92687a3000,0x00007f92688a4000)]
  0x00007f92b024d000 JavaThread "AWT-Shutdown" [_thread_blocked, id=6276, stack(0x00007f92688a4000,0x00007f92689a5000)]
  0x00007f92b0248800 JavaThread "AWT-XAWT" daemon [_thread_in_native, id=6275, stack(0x00007f92689a5000,0x00007f9268aa6000)]
  0x00007f92b0227000 JavaThread "Java2D Disposer" daemon [_thread_blocked, id=6273, stack(0x00007f9268eb7000,0x00007f9268fb8000)]
  0x00007f92b01a4000 JavaThread "Monitor Ctrl-Break" daemon [_thread_in_native, id=6268, stack(0x00007f929802e000,0x00007f929812f000)]
  0x00007f92b00b6800 JavaThread "Service Thread" daemon [_thread_blocked, id=6265, stack(0x00007f92a00f0000,0x00007f92a01f1000)]
  0x00007f92b00b1800 JavaThread "C1 CompilerThread2" daemon [_thread_blocked, id=6264, stack(0x00007f92a01f1000,0x00007f92a02f2000)]
  0x00007f92b00af800 JavaThread "C2 CompilerThread1" daemon [_thread_blocked, id=6263, stack(0x00007f92a02f2000,0x00007f92a03f3000)]
  0x00007f92b00ad000 JavaThread "C2 CompilerThread0" daemon [_thread_blocked, id=6262, stack(0x00007f92a03f3000,0x00007f92a04f4000)]
  0x00007f92b00aa800 JavaThread "Signal Dispatcher" daemon [_thread_blocked, id=6261, stack(0x00007f92a04f4000,0x00007f92a05f5000)]
  0x00007f92b007b800 JavaThread "Finalizer" daemon [_thread_blocked, id=6259, stack(0x00007f92a07f8000,0x00007f92a08f9000)]
  0x00007f92b0079800 JavaThread "Reference Handler" daemon [_thread_blocked, id=6258, stack(0x00007f92a08f9000,0x00007f92a09fa000)]

Other Threads:
  0x00007f92b0072800 VMThread [stack: 0x00007f92a09fa000,0x00007f92a0afb000] [id=6257]
  0x00007f92b00b9000 WatcherThread [stack: 0x00007f929812f000,0x00007f9298230000] [id=6266]

VM state:not at safepoint (normal execution)

VM Mutex/Monitor currently owned by a thread: None

Heap:
 PSYoungGen      total 145408K, used 98322K [0x00000000d6d00000, 0x00000000f4100000, 0x0000000100000000)
  eden space 140288K, 70% used [0x00000000d6d00000,0x00000000dccecbd0,0x00000000df600000)
  from space 5120K, 1% used [0x00000000f3700000,0x00000000f3718000,0x00000000f3c00000)
  to   space 5120K, 0% used [0x00000000f3c00000,0x00000000f3c00000,0x00000000f4100000)
 ParOldGen       total 84992K, used 45939K [0x0000000084600000, 0x0000000089900000, 0x00000000d6d00000)
  object space 84992K, 54% used [0x0000000084600000,0x00000000872dcc90,0x0000000089900000)
 Metaspace       used 17203K, capacity 17334K, committed 17536K, reserved 1064960K
  class space    used 1989K, capacity 2051K, committed 2176K, reserved 1048576K

Card table byte_map: [0x00007f92b6050000,0x00007f92b642e000] byte_map_base: 0x00007f92b5c2d000

Marking Bits: (ParMarkBitMap*) 0x00007f92b8478780
 Begin Bits: [0x00007f9298230000, 0x00007f929a118000)
 End Bits:   [0x00007f929a118000, 0x00007f929c000000)

Polling page: 0x00007f92b92aa000

CodeCache: size=245760Kb used=5710Kb max_used=5724Kb free=240049Kb
 bounds [0x00007f92a1000000, 0x00007f92a15a0000, 0x00007f92b0000000]
 total_blobs=2449 nmethods=1818 adapters=545
 compilation: enabled

Compilation events (10 events):
Event: 28.545 Thread 0x00007f92b00ad000 nmethod 1819 0x00007f92a15976d0 code [0x00007f92a1597860, 0x00007f92a1597e38]
Event: 28.545 Thread 0x00007f92b00ad000 1820   !   4       java.lang.ref.Finalizer::remove (94 bytes)
Event: 28.546 Thread 0x00007f92b00af800 nmethod 1818 0x00007f92a158c210 code [0x00007f92a158c3a0, 0x00007f92a158ca30]
Event: 28.546 Thread 0x00007f92b00af800 1817       4       com.leapmotion.leap.Hand::finalize (5 bytes)
Event: 28.546 Thread 0x00007f92b00ad000 nmethod 1820 0x00007f92a1597110 code [0x00007f92a1597260, 0x00007f92a1597558]
Event: 28.548 Thread 0x00007f92b00af800 nmethod 1817 0x00007f92a1577c90 code [0x00007f92a1577de0, 0x00007f92a1578108]
Event: 29.300 Thread 0x00007f92b00ad000 1821   !   4       sun.awt.image.SurfaceManager::getManager (47 bytes)
Event: 29.302 Thread 0x00007f92b00ad000 nmethod 1821 0x00007f92a158bc90 code [0x00007f92a158be20, 0x00007f92a158c018]
Event: 29.423 Thread 0x00007f92b00af800 1822  s    4       java.util.Hashtable::put (104 bytes)
Event: 29.428 Thread 0x00007f92b00af800 nmethod 1822 0x00007f92a1598b50 code [0x00007f92a1598ce0, 0x00007f92a1599628]

GC Heap History (10 events):
Event: 26.367 GC heap before
{Heap before GC invocations=17 (full 0):
 PSYoungGen      total 172544K, used 172448K [0x00000000d6d00000, 0x00000000f4b00000, 0x0000000100000000)
  eden space 172032K, 100% used [0x00000000d6d00000,0x00000000e1500000,0x00000000e1500000)
  from space 512K, 81% used [0x00000000f4a80000,0x00000000f4ae8000,0x00000000f4b00000)
  to   space 6144K, 0% used [0x00000000f3f00000,0x00000000f3f00000,0x00000000f4500000)
 ParOldGen       total 84992K, used 45888K [0x0000000084600000, 0x0000000089900000, 0x00000000d6d00000)
  object space 84992K, 53% used [0x0000000084600000,0x00000000872d0120,0x0000000089900000)
 Metaspace       used 17198K, capacity 17334K, committed 17536K, reserved 1064960K
  class space    used 1989K, capacity 2051K, committed 2176K, reserved 1048576K
Event: 26.370 GC heap after
Heap after GC invocations=17 (full 0):
 PSYoungGen      total 171008K, used 448K [0x00000000d6d00000, 0x00000000f4b00000, 0x0000000100000000)
  eden space 164864K, 0% used [0x00000000d6d00000,0x00000000d6d00000,0x00000000e0e00000)
  from space 6144K, 7% used [0x00000000f3f00000,0x00000000f3f70000,0x00000000f4500000)
  to   space 5632K, 0% used [0x00000000f4580000,0x00000000f4580000,0x00000000f4b00000)
 ParOldGen       total 84992K, used 45896K [0x0000000084600000, 0x0000000089900000, 0x00000000d6d00000)
  object space 84992K, 54% used [0x0000000084600000,0x00000000872d2120,0x0000000089900000)
 Metaspace       used 17198K, capacity 17334K, committed 17536K, reserved 1064960K
  class space    used 1989K, capacity 2051K, committed 2176K, reserved 1048576K
}
Event: 27.437 GC heap before
{Heap before GC invocations=18 (full 0):
 PSYoungGen      total 171008K, used 165312K [0x00000000d6d00000, 0x00000000f4b00000, 0x0000000100000000)
  eden space 164864K, 100% used [0x00000000d6d00000,0x00000000e0e00000,0x00000000e0e00000)
  from space 6144K, 7% used [0x00000000f3f00000,0x00000000f3f70000,0x00000000f4500000)
  to   space 5632K, 0% used [0x00000000f4580000,0x00000000f4580000,0x00000000f4b00000)
 ParOldGen       total 84992K, used 45896K [0x0000000084600000, 0x0000000089900000, 0x00000000d6d00000)
  object space 84992K, 54% used [0x0000000084600000,0x00000000872d2120,0x0000000089900000)
 Metaspace       used 17198K, capacity 17334K, committed 17536K, reserved 1064960K
  class space    used 1989K, capacity 2051K, committed 2176K, reserved 1048576K
Event: 27.438 GC heap after
Heap after GC invocations=18 (full 0):
 PSYoungGen      total 158720K, used 288K [0x00000000d6d00000, 0x00000000f4600000, 0x0000000100000000)
  eden space 158208K, 0% used [0x00000000d6d00000,0x00000000d6d00000,0x00000000e0780000)
  from space 512K, 56% used [0x00000000f4580000,0x00000000f45c8000,0x00000000f4600000)
  to   space 5632K, 0% used [0x00000000f3b00000,0x00000000f3b00000,0x00000000f4080000)
 ParOldGen       total 84992K, used 45904K [0x0000000084600000, 0x0000000089900000, 0x00000000d6d00000)
  object space 84992K, 54% used [0x0000000084600000,0x00000000872d4120,0x0000000089900000)
 Metaspace       used 17198K, capacity 17334K, committed 17536K, reserved 1064960K
  class space    used 1989K, capacity 2051K, committed 2176K, reserved 1048576K
}
Event: 28.540 GC heap before
{Heap before GC invocations=19 (full 0):
 PSYoungGen      total 158720K, used 158496K [0x00000000d6d00000, 0x00000000f4600000, 0x0000000100000000)
  eden space 158208K, 100% used [0x00000000d6d00000,0x00000000e0780000,0x00000000e0780000)
  from space 512K, 56% used [0x00000000f4580000,0x00000000f45c8000,0x00000000f4600000)
  to   space 5632K, 0% used [0x00000000f3b00000,0x00000000f3b00000,0x00000000f4080000)
 ParOldGen       total 84992K, used 45904K [0x0000000084600000, 0x0000000089900000, 0x00000000d6d00000)
  object space 84992K, 54% used [0x0000000084600000,0x00000000872d4120,0x0000000089900000)
 Metaspace       used 17203K, capacity 17334K, committed 17536K, reserved 1064960K
  class space    used 1989K, capacity 2051K, committed 2176K, reserved 1048576K
Event: 28.541 GC heap after
Heap after GC invocations=19 (full 0):
 PSYoungGen      total 157696K, used 320K [0x00000000d6d00000, 0x00000000f4600000, 0x0000000100000000)
  eden space 152064K, 0% used [0x00000000d6d00000,0x00000000d6d00000,0x00000000e0180000)
  from space 5632K, 5% used [0x00000000f3b00000,0x00000000f3b50000,0x00000000f4080000)
  to   space 5632K, 0% used [0x00000000f4080000,0x00000000f4080000,0x00000000f4600000)
 ParOldGen       total 84992K, used 45912K [0x0000000084600000, 0x0000000089900000, 0x00000000d6d00000)
  object space 84992K, 54% used [0x0000000084600000,0x00000000872d6120,0x0000000089900000)
 Metaspace       used 17203K, capacity 17334K, committed 17536K, reserved 1064960K
  class space    used 1989K, capacity 2051K, committed 2176K, reserved 1048576K
}
Event: 29.742 GC heap before
{Heap before GC invocations=20 (full 0):
 PSYoungGen      total 157696K, used 152384K [0x00000000d6d00000, 0x00000000f4600000, 0x0000000100000000)
  eden space 152064K, 100% used [0x00000000d6d00000,0x00000000e0180000,0x00000000e0180000)
  from space 5632K, 5% used [0x00000000f3b00000,0x00000000f3b50000,0x00000000f4080000)
  to   space 5632K, 0% used [0x00000000f4080000,0x00000000f4080000,0x00000000f4600000)
 ParOldGen       total 84992K, used 45912K [0x0000000084600000, 0x0000000089900000, 0x00000000d6d00000)
  object space 84992K, 54% used [0x0000000084600000,0x00000000872d6120,0x0000000089900000)
 Metaspace       used 17203K, capacity 17334K, committed 17536K, reserved 1064960K
  class space    used 1989K, capacity 2051K, committed 2176K, reserved 1048576K
Event: 29.744 GC heap after
Heap after GC invocations=20 (full 0):
 PSYoungGen      total 146432K, used 288K [0x00000000d6d00000, 0x00000000f4100000, 0x0000000100000000)
  eden space 145920K, 0% used [0x00000000d6d00000,0x00000000d6d00000,0x00000000dfb80000)
  from space 512K, 56% used [0x00000000f4080000,0x00000000f40c8000,0x00000000f4100000)
  to   space 5120K, 0% used [0x00000000f3700000,0x00000000f3700000,0x00000000f3c00000)
 ParOldGen       total 84992K, used 45931K [0x0000000084600000, 0x0000000089900000, 0x00000000d6d00000)
  object space 84992K, 54% used [0x0000000084600000,0x00000000872dac90,0x0000000089900000)
 Metaspace       used 17203K, capacity 17334K, committed 17536K, reserved 1064960K
  class space    used 1989K, capacity 2051K, committed 2176K, reserved 1048576K
}
Event: 31.493 GC heap before
{Heap before GC invocations=21 (full 0):
 PSYoungGen      total 146432K, used 146208K [0x00000000d6d00000, 0x00000000f4100000, 0x0000000100000000)
  eden space 145920K, 100% used [0x00000000d6d00000,0x00000000dfb80000,0x00000000dfb80000)
  from space 512K, 56% used [0x00000000f4080000,0x00000000f40c8000,0x00000000f4100000)
  to   space 5120K, 0% used [0x00000000f3700000,0x00000000f3700000,0x00000000f3c00000)
 ParOldGen       total 84992K, used 45931K [0x0000000084600000, 0x0000000089900000, 0x00000000d6d00000)
  object space 84992K, 54% used [0x0000000084600000,0x00000000872dac90,0x0000000089900000)
 Metaspace       used 17203K, capacity 17334K, committed 17536K, reserved 1064960K
  class space    used 1989K, capacity 2051K, committed 2176K, reserved 1048576K
Event: 31.495 GC heap after
Heap after GC invocations=21 (full 0):
 PSYoungGen      total 145408K, used 96K [0x00000000d6d00000, 0x00000000f4100000, 0x0000000100000000)
  eden space 140288K, 0% used [0x00000000d6d00000,0x00000000d6d00000,0x00000000df600000)
  from space 5120K, 1% used [0x00000000f3700000,0x00000000f3718000,0x00000000f3c00000)
  to   space 5120K, 0% used [0x00000000f3c00000,0x00000000f3c00000,0x00000000f4100000)
 ParOldGen       total 84992K, used 45939K [0x0000000084600000, 0x0000000089900000, 0x00000000d6d00000)
  object space 84992K, 54% used [0x0000000084600000,0x00000000872dcc90,0x0000000089900000)
 Metaspace       used 17203K, capacity 17334K, committed 17536K, reserved 1064960K
  class space    used 1989K, capacity 2051K, committed 2176K, reserved 1048576K
}

Deoptimization events (10 events):
Event: 1.079 Thread 0x00007f92b024e800 Uncommon trap: reason=null_check action=make_not_entrant pc=0x00007f92a128b9a8 method=sun.java2d.cmm.lcms.LCMSProfile$TagCache.getTag(I)Lsun/java2d/cmm/lcms/LCMSProfile$TagData; @ 11
Event: 1.079 Thread 0x00007f92b024e800 Uncommon trap: reason=null_check action=make_not_entrant pc=0x00007f92a1288d28 method=sun.java2d.cmm.lcms.LCMSProfile$TagCache.getTag(I)Lsun/java2d/cmm/lcms/LCMSProfile$TagData; @ 11
Event: 1.097 Thread 0x00007f92b024e800 Uncommon trap: reason=unreached action=reinterpret pc=0x00007f92a128a1e4 method=java.awt.image.ColorConvertOp.filter(Ljava/awt/image/Raster;Ljava/awt/image/WritableRaster;)Ljava/awt/image/WritableRaster; @ 138
Event: 3.630 Thread 0x00007f92b024e800 Uncommon trap: reason=class_check action=maybe_recompile pc=0x00007f92a11dbf30 method=java.lang.String.equals(Ljava/lang/Object;)Z @ 8
Event: 3.630 Thread 0x00007f92b024e800 Uncommon trap: reason=class_check action=maybe_recompile pc=0x00007f92a11dbf30 method=java.lang.String.equals(Ljava/lang/Object;)Z @ 8
Event: 3.631 Thread 0x00007f92b024e800 Uncommon trap: reason=class_check action=maybe_recompile pc=0x00007f92a11dbf30 method=java.lang.String.equals(Ljava/lang/Object;)Z @ 8
Event: 3.631 Thread 0x00007f92b024e800 Uncommon trap: reason=class_check action=maybe_recompile pc=0x00007f92a11dbf30 method=java.lang.String.equals(Ljava/lang/Object;)Z @ 8
Event: 16.804 Thread 0x00007f92b007b800 Uncommon trap: reason=unreached action=reinterpret pc=0x00007f92a1514658 method=java.lang.ref.Finalizer.remove()V @ 10
Event: 16.804 Thread 0x00007f92b007b800 Uncommon trap: reason=unreached action=reinterpret pc=0x00007f92a1516484 method=java.lang.ref.Finalizer.remove()V @ 10
Event: 16.804 Thread 0x00007f92b007b800 Uncommon trap: reason=unreached action=reinterpret pc=0x00007f92a151b70c method=java.lang.ref.Finalizer.remove()V @ 10

Internal exceptions (10 events):
Event: 7.216 Thread 0x00007f922c001800 Exception <a 'java/security/PrivilegedActionException'> (0x00000000e01fb000) thrown at [/build/java8-openjdk/src/jdk8u-jdk8u20-b23/hotspot/src/share/vm/prims/jvm.cpp, line 1275]
Event: 7.217 Thread 0x00007f922c001800 Exception <a 'java/security/PrivilegedActionException'> (0x00000000e0200548) thrown at [/build/java8-openjdk/src/jdk8u-jdk8u20-b23/hotspot/src/share/vm/prims/jvm.cpp, line 1275]
Event: 7.218 Thread 0x00007f922c001800 Exception <a 'java/security/PrivilegedActionException'> (0x00000000e0207c40) thrown at [/build/java8-openjdk/src/jdk8u-jdk8u20-b23/hotspot/src/share/vm/prims/jvm.cpp, line 1275]
Event: 7.218 Thread 0x00007f922c001800 Exception <a 'java/security/PrivilegedActionException'> (0x00000000e020de50) thrown at [/build/java8-openjdk/src/jdk8u-jdk8u20-b23/hotspot/src/share/vm/prims/jvm.cpp, line 1275]
Event: 7.812 Thread 0x00007f922c001800 Exception <a 'java/security/PrivilegedActionException'> (0x00000000e5e26e40) thrown at [/build/java8-openjdk/src/jdk8u-jdk8u20-b23/hotspot/src/share/vm/prims/jvm.cpp, line 1275]
Event: 7.813 Thread 0x00007f922c001800 Exception <a 'java/security/PrivilegedActionException'> (0x00000000e5e2d000) thrown at [/build/java8-openjdk/src/jdk8u-jdk8u20-b23/hotspot/src/share/vm/prims/jvm.cpp, line 1275]
Event: 7.813 Thread 0x00007f922c001800 Exception <a 'java/security/PrivilegedActionException'> (0x00000000e5e30178) thrown at [/build/java8-openjdk/src/jdk8u-jdk8u20-b23/hotspot/src/share/vm/prims/jvm.cpp, line 1275]
Event: 7.814 Thread 0x00007f922c001800 Exception <a 'java/security/PrivilegedActionException'> (0x00000000e5e35f08) thrown at [/build/java8-openjdk/src/jdk8u-jdk8u20-b23/hotspot/src/share/vm/prims/jvm.cpp, line 1275]
Event: 7.822 Thread 0x00007f922c001800 Exception <a 'java/security/PrivilegedActionException'> (0x00000000e5fcc958) thrown at [/build/java8-openjdk/src/jdk8u-jdk8u20-b23/hotspot/src/share/vm/prims/jvm.cpp, line 1275]
Event: 7.823 Thread 0x00007f922c001800 Exception <a 'java/security/PrivilegedActionException'> (0x00000000e5fd2b20) thrown at [/build/java8-openjdk/src/jdk8u-jdk8u20-b23/hotspot/src/share/vm/prims/jvm.cpp, line 1275]

Events (10 events):
Event: 32.327 Thread 0x00007f922c001800 Thread exited: 0x00007f922c001800
Event: 32.332 Thread 0x00007f922c001800 Thread added: 0x00007f922c001800
Event: 32.333 Thread 0x00007f922c001800 Thread exited: 0x00007f922c001800
Event: 32.338 Thread 0x00007f922c001800 Thread added: 0x00007f922c001800
Event: 32.338 Thread 0x00007f922c001800 Thread exited: 0x00007f922c001800
Event: 32.348 Thread 0x00007f922c001800 Thread added: 0x00007f922c001800
Event: 32.348 Thread 0x00007f922c001800 Thread exited: 0x00007f922c001800
Event: 32.362 Thread 0x00007f922c001800 Thread added: 0x00007f922c001800
Event: 32.362 Thread 0x00007f922c001800 Thread exited: 0x00007f922c001800
Event: 32.366 Thread 0x00007f922c001800 Thread added: 0x00007f922c001800


Dynamic libraries:
00400000-00401000 r-xp 00000000 08:13 3039260                            /usr/lib/jvm/java-8-openjdk/jre/bin/java
00600000-00601000 rw-p 00000000 08:13 3039260                            /usr/lib/jvm/java-8-openjdk/jre/bin/java
0236c000-0238d000 rw-p 00000000 00:00 0                                  [heap]
84600000-89900000 rw-p 00000000 00:00 0 
89900000-d6d00000 ---p 00000000 00:00 0 
d6d00000-f4100000 rw-p 00000000 00:00 0 
f4100000-100000000 ---p 00000000 00:00 0 
100000000-100220000 rw-p 00000000 00:00 0 
100220000-140000000 ---p 00000000 00:00 0 
7f9218000000-7f9218021000 rw-p 00000000 00:00 0 
7f9218021000-7f921c000000 ---p 00000000 00:00 0 
7f9220000000-7f922005e000 rw-p 00000000 00:00 0 
7f922005e000-7f9224000000 ---p 00000000 00:00 0 
7f9224000000-7f9224021000 rw-p 00000000 00:00 0 
7f9224021000-7f9228000000 ---p 00000000 00:00 0 
7f9228000000-7f92280d4000 rw-p 00000000 00:00 0 
7f92280d4000-7f922c000000 ---p 00000000 00:00 0 
7f922c000000-7f922c16a000 rw-p 00000000 00:00 0 
7f922c16a000-7f9230000000 ---p 00000000 00:00 0 
7f9230000000-7f92301d0000 rw-p 00000000 00:00 0 
7f92301d0000-7f9234000000 ---p 00000000 00:00 0 
7f9234000000-7f9234021000 rw-p 00000000 00:00 0 
7f9234021000-7f9238000000 ---p 00000000 00:00 0 
7f9238000000-7f9238021000 rw-p 00000000 00:00 0 
7f9238021000-7f923c000000 ---p 00000000 00:00 0 
7f923c000000-7f923c021000 rw-p 00000000 00:00 0 
7f923c021000-7f9240000000 ---p 00000000 00:00 0 
7f9240000000-7f9240021000 rw-p 00000000 00:00 0 
7f9240021000-7f9244000000 ---p 00000000 00:00 0 
7f9246364000-7f9246464000 rw-p 00000000 00:00 0 
7f9246464000-7f9246564000 ---p 00000000 00:00 0 
7f9246564000-7f9246764000 rw-p 00000000 00:00 0 
7f9246764000-7f92467c1000 r-xp 00000000 08:13 3188478                    /usr/lib/jvm/java-8-openjdk/jre/lib/amd64/liblcms.so
7f92467c1000-7f92469c1000 ---p 0005d000 08:13 3188478                    /usr/lib/jvm/java-8-openjdk/jre/lib/amd64/liblcms.so
7f92469c1000-7f92469c6000 rw-p 0005d000 08:13 3188478                    /usr/lib/jvm/java-8-openjdk/jre/lib/amd64/liblcms.so
7f92469c6000-7f92469fb000 r-xp 00000000 08:13 3188473                    /usr/lib/jvm/java-8-openjdk/jre/lib/amd64/libjpeg.so
7f92469fb000-7f9246bfb000 ---p 00035000 08:13 3188473                    /usr/lib/jvm/java-8-openjdk/jre/lib/amd64/libjpeg.so
7f9246bfb000-7f9246bfc000 rw-p 00035000 08:13 3188473                    /usr/lib/jvm/java-8-openjdk/jre/lib/amd64/libjpeg.so
7f9246bfc000-7f9246bff000 ---p 00000000 00:00 0 
7f9246bff000-7f9246cfd000 rw-p 00000000 00:00 0 
7f9246cfd000-7f9246d00000 ---p 00000000 00:00 0 
7f9246d00000-7f9246ffe000 rw-p 00000000 00:00 0 
7f9246ffe000-7f9246fff000 ---p 00000000 00:00 0 
7f9246fff000-7f92477ff000 rw-p 00000000 00:00 0                          [stack:6294]
7f92477ff000-7f9247800000 ---p 00000000 00:00 0 
7f9247800000-7f9248000000 rw-p 00000000 00:00 0                          [stack:6286]
7f9248000000-7f9248021000 rw-p 00000000 00:00 0 
7f9248021000-7f924c000000 ---p 00000000 00:00 0 
7f924c0d9000-7f924c0ea000 r-xp 00000000 08:13 3188476                    /usr/lib/jvm/java-8-openjdk/jre/lib/amd64/libnio.so
7f924c0ea000-7f924c2e9000 ---p 00011000 08:13 3188476                    /usr/lib/jvm/java-8-openjdk/jre/lib/amd64/libnio.so
7f924c2e9000-7f924c2ea000 rw-p 00010000 08:13 3188476                    /usr/lib/jvm/java-8-openjdk/jre/lib/amd64/libnio.so
7f924c2ea000-7f924c4ea000 rw-p 00000000 00:00 0 
7f924c4ea000-7f924c4eb000 ---p 00000000 00:00 0 
7f924c4eb000-7f924cceb000 rw-p 00000000 00:00 0                          [stack:6293]
7f924cceb000-7f924ccec000 ---p 00000000 00:00 0 
7f924ccec000-7f924d4ec000 rw-p 00000000 00:00 0                          [stack:6292]
7f924d4ec000-7f924d4ef000 ---p 00000000 00:00 0 
7f924d4ef000-7f924dced000 rw-p 00000000 00:00 0                          [stack:6288]
7f924dced000-7f924dcee000 ---p 00000000 00:00 0 
7f924dcee000-7f924e4ee000 rw-p 00000000 00:00 0                          [stack:6285]
7f924e4ee000-7f924e4ef000 ---p 00000000 00:00 0 
7f924e4ef000-7f924ecef000 rw-p 00000000 00:00 0                          [stack:6284]
7f924ecef000-7f924ecf0000 ---p 00000000 00:00 0 
7f924ecf0000-7f924f4f0000 rw-p 00000000 00:00 0                          [stack:6283]
7f924f4f0000-7f924f4f1000 ---p 00000000 00:00 0 
7f924f4f1000-7f924fcf1000 rw-p 00000000 00:00 0                          [stack:6282]
7f924fcf1000-7f924fde1000 r-xp 00000000 08:13 2901864                    /usr/lib/libstdc++.so.6.0.20
7f924fde1000-7f924ffe1000 ---p 000f0000 08:13 2901864                    /usr/lib/libstdc++.so.6.0.20
7f924ffe1000-7f924ffe9000 r--p 000f0000 08:13 2901864                    /usr/lib/libstdc++.so.6.0.20
7f924ffe9000-7f924ffeb000 rw-p 000f8000 08:13 2901864                    /usr/lib/libstdc++.so.6.0.20
7f924ffeb000-7f9250000000 rw-p 00000000 00:00 0 
7f9250000000-7f9250021000 rw-p 00000000 00:00 0 
7f9250021000-7f9254000000 ---p 00000000 00:00 0 
7f9254000000-7f9254b13000 rw-p 00000000 00:00 0 
7f9254b13000-7f9258000000 ---p 00000000 00:00 0 
7f9258000000-7f9258021000 rw-p 00000000 00:00 0 
7f9258021000-7f925c000000 ---p 00000000 00:00 0 
7f925c000000-7f925c021000 rw-p 00000000 00:00 0 
7f925c021000-7f9260000000 ---p 00000000 00:00 0 
7f9260000000-7f9260021000 rw-p 00000000 00:00 0 
7f9260021000-7f9264000000 ---p 00000000 00:00 0 
7f9264000000-7f9264021000 rw-p 00000000 00:00 0 
7f9264021000-7f9268000000 ---p 00000000 00:00 0 
7f9268046000-7f92680bc000 rw-s 00000000 00:04 9306118                    /SYSV00000000 (deleted)
7f92680bc000-7f92680bf000 ---p 00000000 00:00 0 
7f92680bf000-7f92681bd000 rw-p 00000000 00:00 0 
7f92681bd000-7f9268355000 r-xp 00000000 08:14 3934408                    /home/pold/Documents/Radboud/Java/photo-album/lib/native/nux/x64/libLeap.so
7f9268355000-7f9268554000 ---p 00198000 08:14 3934408                    /home/pold/Documents/Radboud/Java/photo-album/lib/native/nux/x64/libLeap.so
7f9268554000-7f9268562000 r--p 00197000 08:14 3934408                    /home/pold/Documents/Radboud/Java/photo-album/lib/native/nux/x64/libLeap.so
7f9268562000-7f9268564000 rw-p 001a5000 08:14 3934408                    /home/pold/Documents/Radboud/Java/photo-album/lib/native/nux/x64/libLeap.so
7f9268564000-7f9268566000 rw-p 00000000 00:00 0 
7f9268566000-7f92685a2000 r-xp 00000000 08:14 3934409                    /home/pold/Documents/Radboud/Java/photo-album/lib/native/nux/x64/libLeapJava.so
7f92685a2000-7f92687a1000 ---p 0003c000 08:14 3934409                    /home/pold/Documents/Radboud/Java/photo-album/lib/native/nux/x64/libLeapJava.so
7f92687a1000-7f92687a2000 r--p 0003b000 08:14 3934409                    /home/pold/Documents/Radboud/Java/photo-album/lib/native/nux/x64/libLeapJava.so
7f92687a2000-7f92687a3000 rw-p 0003c000 08:14 3934409                    /home/pold/Documents/Radboud/Java/photo-album/lib/native/nux/x64/libLeapJava.so
7f92687a3000-7f92687a6000 ---p 00000000 00:00 0 
7f92687a6000-7f92688a4000 rw-p 00000000 00:00 0                          [stack:6277]
7f92688a4000-7f92688a7000 ---p 00000000 00:00 0 
7f92688a7000-7f92689a5000 rw-p 00000000 00:00 0                          [stack:6276]
7f92689a5000-7f92689a8000 ---p 00000000 00:00 0 
7f92689a8000-7f9268aa6000 rw-p 00000000 00:00 0                          [stack:6275]
7f9268aa6000-7f9268aab000 r-xp 00000000 08:13 2906917                    /usr/lib/libXfixes.so.3.1.0
7f9268aab000-7f9268caa000 ---p 00005000 08:13 2906917                    /usr/lib/libXfixes.so.3.1.0
7f9268caa000-7f9268cab000 r--p 00004000 08:13 2906917                    /usr/lib/libXfixes.so.3.1.0
7f9268cab000-7f9268cac000 rw-p 00005000 08:13 2906917                    /usr/lib/libXfixes.so.3.1.0
7f9268cac000-7f9268cb6000 r-xp 00000000 08:13 2908044                    /usr/lib/libXcursor.so.1.0.2
7f9268cb6000-7f9268eb5000 ---p 0000a000 08:13 2908044                    /usr/lib/libXcursor.so.1.0.2
7f9268eb5000-7f9268eb6000 r--p 00009000 08:13 2908044                    /usr/lib/libXcursor.so.1.0.2
7f9268eb6000-7f9268eb7000 rw-p 0000a000 08:13 2908044                    /usr/lib/libXcursor.so.1.0.2
7f9268eb7000-7f9268eba000 ---p 00000000 00:00 0 
7f9268eba000-7f9268fb8000 rw-p 00000000 00:00 0                          [stack:6273]
7f9268fb8000-7f9269021000 r-xp 00000000 08:13 2894270                    /usr/lib/libpcre.so.1.2.3
7f9269021000-7f9269220000 ---p 00069000 08:13 2894270                    /usr/lib/libpcre.so.1.2.3
7f9269220000-7f9269221000 r--p 00068000 08:13 2894270                    /usr/lib/libpcre.so.1.2.3
7f9269221000-7f9269222000 rw-p 00069000 08:13 2894270                    /usr/lib/libpcre.so.1.2.3
7f9269222000-7f926923e000 r-xp 00000000 08:13 2903074                    /usr/lib/libgraphite2.so.3.0.1
7f926923e000-7f926943d000 ---p 0001c000 08:13 2903074                    /usr/lib/libgraphite2.so.3.0.1
7f926943d000-7f926943f000 r--p 0001b000 08:13 2903074                    /usr/lib/libgraphite2.so.3.0.1
7f926943f000-7f9269440000 rw-p 0001d000 08:13 2903074                    /usr/lib/libgraphite2.so.3.0.1
7f9269440000-7f9269548000 r-xp 00000000 08:13 2894477                    /usr/lib/libglib-2.0.so.0.4000.0
7f9269548000-7f9269747000 ---p 00108000 08:13 2894477                    /usr/lib/libglib-2.0.so.0.4000.0
7f9269747000-7f9269748000 r--p 00107000 08:13 2894477                    /usr/lib/libglib-2.0.so.0.4000.0
7f9269748000-7f9269749000 rw-p 00108000 08:13 2894477                    /usr/lib/libglib-2.0.so.0.4000.0
7f9269749000-7f926974a000 rw-p 00000000 00:00 0 
7f926974a000-7f92697a0000 r-xp 00000000 08:13 2903086                    /usr/lib/libharfbuzz.so.0.935.0
7f92697a0000-7f926999f000 ---p 00056000 08:13 2903086                    /usr/lib/libharfbuzz.so.0.935.0
7f926999f000-7f92699a1000 r--p 00055000 08:13 2903086                    /usr/lib/libharfbuzz.so.0.935.0
7f92699a1000-7f92699a2000 rw-p 00057000 08:13 2903086                    /usr/lib/libharfbuzz.so.0.935.0
7f92699a2000-7f92699d7000 r-xp 00000000 08:13 2903059                    /usr/lib/libpng16.so.16.13.0
7f92699d7000-7f9269bd6000 ---p 00035000 08:13 2903059                    /usr/lib/libpng16.so.16.13.0
7f9269bd6000-7f9269bd7000 r--p 00034000 08:13 2903059                    /usr/lib/libpng16.so.16.13.0
7f9269bd7000-7f9269bd8000 rw-p 00035000 08:13 2903059                    /usr/lib/libpng16.so.16.13.0
7f9269bd8000-7f9269be7000 r-xp 00000000 08:13 2889842                    /usr/lib/libbz2.so.1.0.6
7f9269be7000-7f9269de6000 ---p 0000f000 08:13 2889842                    /usr/lib/libbz2.so.1.0.6
7f9269de6000-7f9269de8000 rw-p 0000e000 08:13 2889842                    /usr/lib/libbz2.so.1.0.6
7f9269de8000-7f9269dfe000 r-xp 00000000 08:13 2890099                    /usr/lib/libgcc_s.so.1
7f9269dfe000-7f9269ffd000 ---p 00016000 08:13 2890099                    /usr/lib/libgcc_s.so.1
7f9269ffd000-7f9269ffe000 rw-p 00015000 08:13 2890099                    /usr/lib/libgcc_s.so.1
7f9269ffe000-7f926a0a1000 r-xp 00000000 08:13 2903092                    /usr/lib/libfreetype.so.6.11.2
7f926a0a1000-7f926a2a0000 ---p 000a3000 08:13 2903092                    /usr/lib/libfreetype.so.6.11.2
7f926a2a0000-7f926a2a6000 r--p 000a2000 08:13 2903092                    /usr/lib/libfreetype.so.6.11.2
7f926a2a6000-7f926a2a7000 rw-p 000a8000 08:13 2903092                    /usr/lib/libfreetype.so.6.11.2
7f926a2a7000-7f926a307000 r-xp 00000000 08:13 3188480                    /usr/lib/jvm/java-8-openjdk/jre/lib/amd64/libfontmanager.so
7f926a307000-7f926a507000 ---p 00060000 08:13 3188480                    /usr/lib/jvm/java-8-openjdk/jre/lib/amd64/libfontmanager.so
7f926a507000-7f926a50b000 rw-p 00060000 08:13 3188480                    /usr/lib/jvm/java-8-openjdk/jre/lib/amd64/libfontmanager.so
7f926a50b000-7f926a51e000 rw-p 00000000 00:00 0 
7f926a51e000-7f926a534000 r-xp 00000000 08:13 3188465                    /usr/lib/jvm/java-8-openjdk/jre/lib/amd64/libnet.so
7f926a534000-7f926a734000 ---p 00016000 08:13 3188465                    /usr/lib/jvm/java-8-openjdk/jre/lib/amd64/libnet.so
7f926a734000-7f926a735000 rw-p 00016000 08:13 3188465                    /usr/lib/jvm/java-8-openjdk/jre/lib/amd64/libnet.so
7f926a735000-7f926a73a000 r-xp 00000000 08:13 2903054                    /usr/lib/libXdmcp.so.6.0.0
7f926a73a000-7f926a939000 ---p 00005000 08:13 2903054                    /usr/lib/libXdmcp.so.6.0.0
7f926a939000-7f926a93a000 r--p 00004000 08:13 2903054                    /usr/lib/libXdmcp.so.6.0.0
7f926a93a000-7f926a93b000 rw-p 00005000 08:13 2903054                    /usr/lib/libXdmcp.so.6.0.0
7f926a93b000-7f926a93d000 r-xp 00000000 08:13 2903138                    /usr/lib/libXau.so.6.0.0
7f926a93d000-7f926ab3d000 ---p 00002000 08:13 2903138                    /usr/lib/libXau.so.6.0.0
7f926ab3d000-7f926ab3e000 r--p 00002000 08:13 2903138                    /usr/lib/libXau.so.6.0.0
7f926ab3e000-7f926ab3f000 rw-p 00003000 08:13 2903138                    /usr/lib/libXau.so.6.0.0
7f926ab3f000-7f926ab60000 r-xp 00000000 08:13 2905498                    /usr/lib/libxcb.so.1.1.0
7f926ab60000-7f926ad5f000 ---p 00021000 08:13 2905498                    /usr/lib/libxcb.so.1.1.0
7f926ad5f000-7f926ad60000 r--p 00020000 08:13 2905498                    /usr/lib/libxcb.so.1.1.0
7f926ad60000-7f926ad61000 rw-p 00021000 08:13 2905498                    /usr/lib/libxcb.so.1.1.0
7f926ad61000-7f926ad70000 r-xp 00000000 08:13 2907959                    /usr/lib/libXi.so.6.1.0
7f926ad70000-7f926af70000 ---p 0000f000 08:13 2907959                    /usr/lib/libXi.so.6.1.0
7f926af70000-7f926af71000 r--p 0000f000 08:13 2907959                    /usr/lib/libXi.so.6.1.0
7f926af71000-7f926af72000 rw-p 00010000 08:13 2907959                    /usr/lib/libXi.so.6.1.0
7f926af72000-7f926af77000 r-xp 00000000 08:13 2908798                    /usr/lib/libXtst.so.6.1.0
7f926af77000-7f926b176000 ---p 00005000 08:13 2908798                    /usr/lib/libXtst.so.6.1.0
7f926b176000-7f926b177000 r--p 00004000 08:13 2908798                    /usr/lib/libXtst.so.6.1.0
7f926b177000-7f926b178000 rw-p 00005000 08:13 2908798                    /usr/lib/libXtst.so.6.1.0
7f926b178000-7f926b181000 r-xp 00000000 08:13 2906708                    /usr/lib/libXrender.so.1.3.0
7f926b181000-7f926b380000 ---p 00009000 08:13 2906708                    /usr/lib/libXrender.so.1.3.0
7f926b380000-7f926b381000 r--p 00008000 08:13 2906708                    /usr/lib/libXrender.so.1.3.0
7f926b381000-7f926b382000 rw-p 00009000 08:13 2906708                    /usr/lib/libXrender.so.1.3.0
7f926b382000-7f926b4bd000 r-xp 00000000 08:13 2906397                    /usr/lib/libX11.so.6.3.0
7f926b4bd000-7f926b6bc000 ---p 0013b000 08:13 2906397                    /usr/lib/libX11.so.6.3.0
7f926b6bc000-7f926b6be000 r--p 0013a000 08:13 2906397                    /usr/lib/libX11.so.6.3.0
7f926b6be000-7f926b6c3000 rw-p 0013c000 08:13 2906397                    /usr/lib/libX11.so.6.3.0
7f926b6c3000-7f926b6c4000 rw-p 00000000 00:00 0 
7f926b6c4000-7f926b6d5000 r-xp 00000000 08:13 2906773                    /usr/lib/libXext.so.6.4.0
7f926b6d5000-7f926b8d4000 ---p 00011000 08:13 2906773                    /usr/lib/libXext.so.6.4.0
7f926b8d4000-7f926b8d5000 r--p 00010000 08:13 2906773                    /usr/lib/libXext.so.6.4.0
7f926b8d5000-7f926b8d6000 rw-p 00011000 08:13 2906773                    /usr/lib/libXext.so.6.4.0
7f926b8d6000-7f926b92a000 r-xp 00000000 08:13 3188479                    /usr/lib/jvm/java-8-openjdk/jre/lib/amd64/libawt_xawt.so
7f926b92a000-7f926bb29000 ---p 00054000 08:13 3188479                    /usr/lib/jvm/java-8-openjdk/jre/lib/amd64/libawt_xawt.so
7f926bb29000-7f926bb2c000 rw-p 00053000 08:13 3188479                    /usr/lib/jvm/java-8-openjdk/jre/lib/amd64/libawt_xawt.so
7f926bb2c000-7f926bb2e000 rw-p 00000000 00:00 0 
7f926bb2e000-7f926bbce000 r-xp 00000000 08:13 3188475                    /usr/lib/jvm/java-8-openjdk/jre/lib/amd64/libawt.so
7f926bbce000-7f926bdce000 ---p 000a0000 08:13 3188475                    /usr/lib/jvm/java-8-openjdk/jre/lib/amd64/libawt.so
7f926bdce000-7f926bdda000 rw-p 000a0000 08:13 3188475                    /usr/lib/jvm/java-8-openjdk/jre/lib/amd64/libawt.so
7f926bdda000-7f926bdfe000 rw-p 00000000 00:00 0 
7f926bdfe000-7f926bdff000 r-xp 00000000 08:13 3562549                    /usr/share/intellij-idea-ultimate-edition/bin/libbreakgen64.so
7f926bdff000-7f926bffe000 ---p 00001000 08:13 3562549                    /usr/share/intellij-idea-ultimate-edition/bin/libbreakgen64.so
7f926bffe000-7f926bfff000 r--p 00000000 08:13 3562549                    /usr/share/intellij-idea-ultimate-edition/bin/libbreakgen64.so
7f926bfff000-7f926c000000 rw-p 00001000 08:13 3562549                    /usr/share/intellij-idea-ultimate-edition/bin/libbreakgen64.so
7f926c000000-7f926c44f000 rw-p 00000000 00:00 0 
7f926c44f000-7f9270000000 ---p 00000000 00:00 0 
7f9270000000-7f9270021000 rw-p 00000000 00:00 0 
7f9270021000-7f9274000000 ---p 00000000 00:00 0 
7f9274000000-7f927421e000 rw-p 00000000 00:00 0 
7f927421e000-7f9278000000 ---p 00000000 00:00 0 
7f9278000000-7f927832f000 rw-p 00000000 00:00 0 
7f927832f000-7f927c000000 ---p 00000000 00:00 0 
7f927c000000-7f927c024000 rw-p 00000000 00:00 0 
7f927c024000-7f9280000000 ---p 00000000 00:00 0 
7f9280000000-7f9280021000 rw-p 00000000 00:00 0 
7f9280021000-7f9284000000 ---p 00000000 00:00 0 
7f9284000000-7f9284021000 rw-p 00000000 00:00 0 
7f9284021000-7f9288000000 ---p 00000000 00:00 0 
7f9288000000-7f9288021000 rw-p 00000000 00:00 0 
7f9288021000-7f928c000000 ---p 00000000 00:00 0 
7f928c000000-7f928c021000 rw-p 00000000 00:00 0 
7f928c021000-7f9290000000 ---p 00000000 00:00 0 
7f9290000000-7f9290021000 rw-p 00000000 00:00 0 
7f9290021000-7f9294000000 ---p 00000000 00:00 0 
7f9294000000-7f9294021000 rw-p 00000000 00:00 0 
7f9294021000-7f9298000000 ---p 00000000 00:00 0 
7f929802e000-7f9298031000 ---p 00000000 00:00 0 
7f9298031000-7f929812f000 rw-p 00000000 00:00 0                          [stack:6268]
7f929812f000-7f9298130000 ---p 00000000 00:00 0 
7f9298130000-7f929c000000 rw-p 00000000 00:00 0                          [stack:6266]
7f929c000000-7f929c021000 rw-p 00000000 00:00 0 
7f929c021000-7f92a0000000 ---p 00000000 00:00 0 
7f92a0056000-7f92a0057000 rw-p 00000000 00:00 0 
7f92a0057000-7f92a0073000 r--s 00393000 08:13 3188431                    /usr/lib/jvm/java-8-openjdk/jre/lib/ext/cldrdata.jar
7f92a0073000-7f92a007d000 r--s 00116000 08:13 3188433                    /usr/lib/jvm/java-8-openjdk/jre/lib/ext/localedata.jar
7f92a007d000-7f92a0096000 r--s 00000000 08:13 393956                     /var/cache/fontconfig/8d4af663993b81a124ee82e610bb31f9-le64.cache-4
7f92a0096000-7f92a00bf000 r--s 00000000 08:13 393952                     /var/cache/fontconfig/f6b893a7224233d96cb72fd88691c0b4-le64.cache-4
7f92a00bf000-7f92a00f0000 rw-p 00000000 00:00 0 
7f92a00f0000-7f92a00f3000 ---p 00000000 00:00 0 
7f92a00f3000-7f92a01f1000 rw-p 00000000 00:00 0                          [stack:6265]
7f92a01f1000-7f92a01f4000 ---p 00000000 00:00 0 
7f92a01f4000-7f92a02f2000 rw-p 00000000 00:00 0                          [stack:6264]
7f92a02f2000-7f92a02f5000 ---p 00000000 00:00 0 
7f92a02f5000-7f92a03f3000 rw-p 00000000 00:00 0                          [stack:6263]
7f92a03f3000-7f92a03f6000 ---p 00000000 00:00 0 
7f92a03f6000-7f92a04f4000 rw-p 00000000 00:00 0                          [stack:6262]
7f92a04f4000-7f92a04f7000 ---p 00000000 00:00 0 
7f92a04f7000-7f92a05f5000 rw-p 00000000 00:00 0                          [stack:6261]
7f92a05f5000-7f92a07f8000 r--p 00000000 08:13 2922356                    /usr/lib/locale/locale-archive
7f92a07f8000-7f92a07fb000 ---p 00000000 00:00 0 
7f92a07fb000-7f92a08f9000 rw-p 00000000 00:00 0                          [stack:6259]
7f92a08f9000-7f92a08fc000 ---p 00000000 00:00 0 
7f92a08fc000-7f92a09fa000 rw-p 00000000 00:00 0                          [stack:6258]
7f92a09fa000-7f92a09fb000 ---p 00000000 00:00 0 
7f92a09fb000-7f92a1000000 rw-p 00000000 00:00 0                          [stack:6257]
7f92a1000000-7f92a15a0000 rwxp 00000000 00:00 0 
7f92a15a0000-7f92b0000000 ---p 00000000 00:00 0 
7f92b0000000-7f92b0269000 rw-p 00000000 00:00 0 
7f92b0269000-7f92b4000000 ---p 00000000 00:00 0 
7f92b4000000-7f92b4001000 r--s 00000000 08:13 406718                     /var/cache/fontconfig/6ba42ae0000f58711b5caaf10d690066-le64.cache-4
7f92b4001000-7f92b4013000 r--s 00000000 08:13 404570                     /var/cache/fontconfig/d62e99ef547d1d24cdb1bd22ec1a2976-le64.cache-4
7f92b4013000-7f92b4015000 r--s 00015000 08:13 3039235                    /usr/lib/jvm/java-8-openjdk/jre/lib/jce.jar
7f92b4015000-7f92b401a000 r--s 00092000 08:13 3039238                    /usr/lib/jvm/java-8-openjdk/jre/lib/jsse.jar
7f92b401a000-7f92b401c000 r--s 00016000 08:13 3299778                    /usr/share/intellij-idea-ultimate-edition/lib/idea_rt.jar
7f92b401c000-7f92b401f000 r--s 00012000 08:14 10751537                   /home/pold/.m2/repository/org/glassfish/javax.json/1.0.4/javax.json-1.0.4.jar
7f92b401f000-7f92b4021000 r--s 00011000 08:14 1838136                    /home/pold/Documents/Radboud/Java/photo-album/lib/LeapJava.jar
7f92b4021000-7f92b402d000 r--s 000a4000 08:14 10490126                   /home/pold/.m2/repository/com/seaglasslookandfeel/seaglasslookandfeel/0.2/seaglasslookandfeel-0.2.jar
7f92b402d000-7f92b4030000 r--s 00007000 08:14 11144186                   /home/pold/.m2/repository/com/fasterxml/jackson/core/jackson-annotations/2.4.4/jackson-annotations-2.4.4.jar
7f92b4030000-7f92b4041000 r--s 000f6000 08:14 10751423                   /home/pold/.m2/repository/com/fasterxml/jackson/core/jackson-databind/2.4.4/jackson-databind-2.4.4.jar
7f92b4041000-7f92b4045000 r--s 00034000 08:14 10882043                   /home/pold/.m2/repository/com/fasterxml/jackson/core/jackson-core/2.4.4/jackson-core-2.4.4.jar
7f92b4045000-7f92b4047000 r--s 00008000 08:14 1837465                    /home/pold/.m2/repository/org/apache/httpcomponents/httpmime/4.3.6/httpmime-4.3.6.jar
7f92b4047000-7f92b404d000 r--s 00033000 08:14 11537519                   /home/pold/.m2/repository/commons-codec/commons-codec/1.6/commons-codec-1.6.jar
7f92b404d000-7f92b404f000 r--s 0000e000 08:14 11930171                   /home/pold/.m2/repository/commons-logging/commons-logging/1.1.3/commons-logging-1.1.3.jar
7f92b404f000-7f92b4056000 r--s 0003f000 08:14 11275927                   /home/pold/.m2/repository/org/apache/httpcomponents/httpcore/4.3.3/httpcore-4.3.3.jar
7f92b4056000-7f92b4062000 r--s 00085000 08:14 11013003                   /home/pold/.m2/repository/org/apache/httpcomponents/httpclient/4.3.6/httpclient-4.3.6.jar
7f92b4062000-7f92b408d000 r--s 001f9000 08:14 11929891                   /home/pold/.m2/repository/com/google/guava/guava/17.0/guava-17.0.jar
7f92b408d000-7f92b40ab000 r--s 00180000 08:14 10489951                   /home/pold/.m2/repository/org/apache/commons/commons-math3/3.2/commons-math3-3.2.jar
7f92b40ab000-7f92b40bd000 r--s 00112000 08:14 11929886                   /home/pold/.m2/repository/edu/cmu/sphinx/sphinx4-core/1.0-SNAPSHOT/sphinx4-core-1.0-20140806.210945-2.jar
7f92b40bd000-7f92b4b98000 rw-p 00000000 00:00 0 
7f92b4b98000-7f92b4d65000 r--s 03bb2000 08:13 3039239                    /usr/lib/jvm/java-8-openjdk/jre/lib/rt.jar
7f92b4d65000-7f92b59b8000 rw-p 00000000 00:00 0 
7f92b59b8000-7f92b59b9000 ---p 00000000 00:00 0 
7f92b59b9000-7f92b5ab9000 rw-p 00000000 00:00 0                          [stack:6256]
7f92b5ab9000-7f92b5aba000 ---p 00000000 00:00 0 
7f92b5aba000-7f92b5bba000 rw-p 00000000 00:00 0                          [stack:6255]
7f92b5bba000-7f92b5bbb000 ---p 00000000 00:00 0 
7f92b5bbb000-7f92b5cbb000 rw-p 00000000 00:00 0                          [stack:6254]
7f92b5cbb000-7f92b5cbc000 ---p 00000000 00:00 0 
7f92b5cbc000-7f92b5de6000 rw-p 00000000 00:00 0                          [stack:6253]
7f92b5de6000-7f92b6050000 ---p 00000000 00:00 0 
7f92b6050000-7f92b607a000 rw-p 00000000 00:00 0 
7f92b607a000-7f92b62e3000 ---p 00000000 00:00 0 
7f92b62e3000-7f92b63ce000 rw-p 00000000 00:00 0 
7f92b63ce000-7f92b642d000 ---p 00000000 00:00 0 
7f92b642d000-7f92b6445000 rw-p 00000000 00:00 0 
7f92b6445000-7f92b67ee000 ---p 00000000 00:00 0 
7f92b67ee000-7f92b67f6000 r-xp 00000000 08:13 3188464                    /usr/lib/jvm/java-8-openjdk/jre/lib/amd64/libzip.so
7f92b67f6000-7f92b69f5000 ---p 00008000 08:13 3188464                    /usr/lib/jvm/java-8-openjdk/jre/lib/amd64/libzip.so
7f92b69f5000-7f92b69f6000 rw-p 00007000 08:13 3188464                    /usr/lib/jvm/java-8-openjdk/jre/lib/amd64/libzip.so
7f92b69f6000-7f92b6a01000 r-xp 00000000 08:13 2886812                    /usr/lib/libnss_files-2.20.so
7f92b6a01000-7f92b6c01000 ---p 0000b000 08:13 2886812                    /usr/lib/libnss_files-2.20.so
7f92b6c01000-7f92b6c02000 r--p 0000b000 08:13 2886812                    /usr/lib/libnss_files-2.20.so
7f92b6c02000-7f92b6c03000 rw-p 0000c000 08:13 2886812                    /usr/lib/libnss_files-2.20.so
7f92b6c03000-7f92b6c30000 r-xp 00000000 08:13 3188463                    /usr/lib/jvm/java-8-openjdk/jre/lib/amd64/libjava.so
7f92b6c30000-7f92b6e30000 ---p 0002d000 08:13 3188463                    /usr/lib/jvm/java-8-openjdk/jre/lib/amd64/libjava.so
7f92b6e30000-7f92b6e32000 rw-p 0002d000 08:13 3188463                    /usr/lib/jvm/java-8-openjdk/jre/lib/amd64/libjava.so
7f92b6e32000-7f92b6e3f000 r-xp 00000000 08:13 3188453                    /usr/lib/jvm/java-8-openjdk/jre/lib/amd64/libverify.so
7f92b6e3f000-7f92b703e000 ---p 0000d000 08:13 3188453                    /usr/lib/jvm/java-8-openjdk/jre/lib/amd64/libverify.so
7f92b703e000-7f92b7040000 rw-p 0000c000 08:13 3188453                    /usr/lib/jvm/java-8-openjdk/jre/lib/amd64/libverify.so
7f92b7040000-7f92b7047000 r-xp 00000000 08:13 2886867                    /usr/lib/librt-2.20.so
7f92b7047000-7f92b7246000 ---p 00007000 08:13 2886867                    /usr/lib/librt-2.20.so
7f92b7246000-7f92b7247000 r--p 00006000 08:13 2886867                    /usr/lib/librt-2.20.so
7f92b7247000-7f92b7248000 rw-p 00007000 08:13 2886867                    /usr/lib/librt-2.20.so
7f92b7248000-7f92b734b000 r-xp 00000000 08:13 2886849                    /usr/lib/libm-2.20.so
7f92b734b000-7f92b754b000 ---p 00103000 08:13 2886849                    /usr/lib/libm-2.20.so
7f92b754b000-7f92b754c000 r--p 00103000 08:13 2886849                    /usr/lib/libm-2.20.so
7f92b754c000-7f92b754d000 rw-p 00104000 08:13 2886849                    /usr/lib/libm-2.20.so
7f92b754d000-7f92b819a000 r-xp 00000000 08:13 3293118                    /usr/lib/jvm/java-8-openjdk/jre/lib/amd64/server/libjvm.so
7f92b819a000-7f92b839a000 ---p 00c4d000 08:13 3293118                    /usr/lib/jvm/java-8-openjdk/jre/lib/amd64/server/libjvm.so
7f92b839a000-7f92b8466000 rw-p 00c4d000 08:13 3293118                    /usr/lib/jvm/java-8-openjdk/jre/lib/amd64/server/libjvm.so
7f92b8466000-7f92b84a5000 rw-p 00000000 00:00 0 
7f92b84a5000-7f92b863e000 r-xp 00000000 08:13 2886850                    /usr/lib/libc-2.20.so
7f92b863e000-7f92b883e000 ---p 00199000 08:13 2886850                    /usr/lib/libc-2.20.so
7f92b883e000-7f92b8842000 r--p 00199000 08:13 2886850                    /usr/lib/libc-2.20.so
7f92b8842000-7f92b8844000 rw-p 0019d000 08:13 2886850                    /usr/lib/libc-2.20.so
7f92b8844000-7f92b8848000 rw-p 00000000 00:00 0 
7f92b8848000-7f92b884b000 r-xp 00000000 08:13 2886804                    /usr/lib/libdl-2.20.so
7f92b884b000-7f92b8a4a000 ---p 00003000 08:13 2886804                    /usr/lib/libdl-2.20.so
7f92b8a4a000-7f92b8a4b000 r--p 00002000 08:13 2886804                    /usr/lib/libdl-2.20.so
7f92b8a4b000-7f92b8a4c000 rw-p 00003000 08:13 2886804                    /usr/lib/libdl-2.20.so
7f92b8a4c000-7f92b8a59000 r-xp 00000000 08:13 3556665                    /usr/lib/jvm/java-8-openjdk/jre/lib/amd64/jli/libjli.so
7f92b8a59000-7f92b8c58000 ---p 0000d000 08:13 3556665                    /usr/lib/jvm/java-8-openjdk/jre/lib/amd64/jli/libjli.so
7f92b8c58000-7f92b8c59000 rw-p 0000c000 08:13 3556665                    /usr/lib/jvm/java-8-openjdk/jre/lib/amd64/jli/libjli.so
7f92b8c59000-7f92b8c6e000 r-xp 00000000 08:13 2889850                    /usr/lib/libz.so.1.2.8
7f92b8c6e000-7f92b8e6d000 ---p 00015000 08:13 2889850                    /usr/lib/libz.so.1.2.8
7f92b8e6d000-7f92b8e6e000 r--p 00014000 08:13 2889850                    /usr/lib/libz.so.1.2.8
7f92b8e6e000-7f92b8e6f000 rw-p 00015000 08:13 2889850                    /usr/lib/libz.so.1.2.8
7f92b8e6f000-7f92b8e86000 r-xp 00000000 08:13 2886818                    /usr/lib/libpthread-2.20.so
7f92b8e86000-7f92b9085000 ---p 00017000 08:13 2886818                    /usr/lib/libpthread-2.20.so
7f92b9085000-7f92b9086000 r--p 00016000 08:13 2886818                    /usr/lib/libpthread-2.20.so
7f92b9086000-7f92b9087000 rw-p 00017000 08:13 2886818                    /usr/lib/libpthread-2.20.so
7f92b9087000-7f92b908b000 rw-p 00000000 00:00 0 
7f92b908b000-7f92b90ad000 r-xp 00000000 08:13 2886814                    /usr/lib/ld-2.20.so
7f92b90ad000-7f92b90af000 r--s 02bf8000 08:14 11929885                   /home/pold/.m2/repository/edu/cmu/sphinx/sphinx4-data/1.0-SNAPSHOT/sphinx4-data-1.0-20140806.205007-2.jar
7f92b90af000-7f92b90b4000 r--s 00092000 08:13 3039238                    /usr/lib/jvm/java-8-openjdk/jre/lib/jsse.jar
7f92b90b4000-7f92b90c7000 r--s 00345000 08:13 3039241                    /usr/lib/jvm/java-8-openjdk/jre/lib/resources.jar
7f92b90c7000-7f92b90cc000 r--s 002f8000 08:13 3039240                    /usr/lib/jvm/java-8-openjdk/jre/lib/charsets.jar
7f92b90cc000-7f92b9170000 rw-p 00000000 00:00 0 
7f92b9170000-7f92b9173000 ---p 00000000 00:00 0 
7f92b9173000-7f92b9275000 rw-p 00000000 00:00 0                          [stack:6251]
7f92b9275000-7f92b9277000 r--s 00006000 08:14 11929892                   /home/pold/.m2/repository/org/slf4j/slf4j-api/1.7.6/slf4j-api-1.7.6.jar
7f92b9277000-7f92b9278000 r--s 00000000 08:13 3039236                    /usr/lib/jvm/java-8-openjdk/jre/lib/management-agent.jar
7f92b9278000-7f92b927a000 r--s 00015000 08:13 3039235                    /usr/lib/jvm/java-8-openjdk/jre/lib/jce.jar
7f92b927a000-7f92b92a1000 rw-p 00000000 00:00 0 
7f92b92a1000-7f92b92a9000 rw-s 00000000 00:1e 474459                     /tmp/hsperfdata_pold/6249
7f92b92a9000-7f92b92aa000 rw-p 00000000 00:00 0 
7f92b92aa000-7f92b92ab000 r--p 00000000 00:00 0 
7f92b92ab000-7f92b92ac000 rw-p 00000000 00:00 0 
7f92b92ac000-7f92b92ad000 r--p 00021000 08:13 2886814                    /usr/lib/ld-2.20.so
7f92b92ad000-7f92b92ae000 rw-p 00022000 08:13 2886814                    /usr/lib/ld-2.20.so
7f92b92ae000-7f92b92af000 rw-p 00000000 00:00 0 
7fff3d673000-7fff3d695000 rw-p 00000000 00:00 0                          [stack]
7fff3d707000-7fff3d709000 r-xp 00000000 00:00 0                          [vdso]
7fff3d709000-7fff3d70b000 r--p 00000000 00:00 0                          [vvar]
ffffffffff600000-ffffffffff601000 r-xp 00000000 00:00 0                  [vsyscall]

VM Arguments:
jvm_args: -Djava.library.path=file:///home/pold/Documents/Radboud/Java/photo-album/lib/native/nux/x64/ -Didea.launcher.port=7538 -Didea.launcher.bin.path=/usr/share/intellij-idea-ultimate-edition/bin -Dfile.encoding=UTF-8 
java_command: com.intellij.rt.execution.application.AppMain main.java.userInterface.App
java_class_path (initial): /usr/lib/jvm/default/jre/lib/rt.jar:/usr/lib/jvm/default/jre/lib/jce.jar:/usr/lib/jvm/default/jre/lib/charsets.jar:/usr/lib/jvm/default/jre/lib/resources.jar:/usr/lib/jvm/default/jre/lib/management-agent.jar:/usr/lib/jvm/default/jre/lib/jsse.jar:/usr/lib/jvm/default/jre/lib/ext/sunec.jar:/usr/lib/jvm/default/jre/lib/ext/dnsns.jar:/usr/lib/jvm/default/jre/lib/ext/nashorn.jar:/usr/lib/jvm/default/jre/lib/ext/sunjce_provider.jar:/usr/lib/jvm/default/jre/lib/ext/sunpkcs11.jar:/usr/lib/jvm/default/jre/lib/ext/zipfs.jar:/usr/lib/jvm/default/jre/lib/ext/localedata.jar:/usr/lib/jvm/default/jre/lib/ext/cldrdata.jar:/home/pold/Documents/Radboud/Java/photo-album/target/classes:/home/pold/.m2/repository/edu/cmu/sphinx/sphinx4-core/1.0-SNAPSHOT/sphinx4-core-1.0-20140806.210945-2.jar:/home/pold/.m2/repository/org/apache/commons/commons-math3/3.2/commons-math3-3.2.jar:/home/pold/.m2/repository/com/google/guava/guava/17.0/guava-17.0.jar:/home/pold/.m2/repository/org/slf4j/slf4j-api/1.7.6/slf4j-api-1.7.6.jar:/home/pold/.m2/repository/edu/cmu/sphinx/sphinx4-data/1.0-SNAPSHOT/sphinx4-data-1.0-20140806.205007-2.jar:/home/pold/.m2/repository/org/apache/httpcomponents/httpclient/4.3.6/httpclient-4.3.6.jar:/home/pold/.m2/repository/org/apache/httpcomponents/httpcore/4.3.3/httpcore-4.3.3.jar:/home/pold/.m2/repository/commons-logging/commons-logging/1.1.3/commons-logging-1.1.3.jar:/home/pold/.m2/repository/commons-codec/commons-codec/1.6/commons-codec-1.6.jar:/home/pold/.m2/repository/org/apache/httpcomponents/httpmime/4.3.6/httpmime-4.3.6.jar:/home/pold/.m2/repository/com/fasterxml/jackson/core/jackson-core/2.4.4/jackson-core-2.4.4.jar:/home/pold/.m2/repository/com/fasterxml/jackson/core/jackson-databind/2.4.4/jackson-databind-2.4.4.jar:/home/pold/.m2/repository/com/fasterxml/jackson/core/jackson-annotations/2.4.4/jackson-annotations-2.4.4.jar:/home/pold/.m2/repository/com/seaglasslookandfeel/seaglasslookandfeel/0.2/seaglasslookandfeel-0.2.jar:/home/pold/Docume
Launcher Type: SUN_STANDARD

Environment Variables:
JAVA_HOME=/usr/lib/jvm/default
CLASSPATH=./../lib/bootstrap.jar:./../lib/extensions.jar:./../lib/util.jar:./../lib/jdom.jar:./../lib/log4j.jar:./../lib/trove4j.jar:./../lib/jna.jar:/usr/lib/jvm/default//lib/tools.jar
PATH=/usr/local/sbin:/usr/local/bin:/usr/bin:/usr/bin/site_perl:/usr/bin/vendor_perl:/usr/bin/core_perl:/home/pold/bin:/usr/local/MATLAB/R2014a/bin:/home/pold/.cabal/bin:/home/pold/.config/sublime-text-2/Packages/myPDDL/
LD_LIBRARY_PATH=.:
SHELL=/usr/bin/zsh
DISPLAY=:0

Signal Handlers:
SIGSEGV: [libjvm.so+0xa49330], sa_mask[0]=11111111011111111101111111111110, sa_flags=SA_RESTART|SA_SIGINFO
SIGBUS: [libjvm.so+0xa49330], sa_mask[0]=11111111011111111101111111111110, sa_flags=SA_RESTART|SA_SIGINFO
SIGFPE: [libjvm.so+0x89f390], sa_mask[0]=11111111011111111101111111111110, sa_flags=SA_RESTART|SA_SIGINFO
SIGPIPE: [libjvm.so+0x89f390], sa_mask[0]=11111111011111111101111111111110, sa_flags=SA_RESTART|SA_SIGINFO
SIGXFSZ: [libjvm.so+0x89f390], sa_mask[0]=11111111011111111101111111111110, sa_flags=SA_RESTART|SA_SIGINFO
SIGILL: [libjvm.so+0x89f390], sa_mask[0]=11111111011111111101111111111110, sa_flags=SA_RESTART|SA_SIGINFO
SIGUSR1: SIG_DFL, sa_mask[0]=00000000000000000000000000000000, sa_flags=none
SIGUSR2: [libjvm.so+0x89f240], sa_mask[0]=00100000000000000000000000000000, sa_flags=SA_RESTART|SA_SIGINFO
SIGHUP: [libjvm.so+0x89f450], sa_mask[0]=11111111011111111101111111111110, sa_flags=SA_RESTART|SA_SIGINFO
SIGINT: [libjvm.so+0x89f450], sa_mask[0]=11111111011111111101111111111110, sa_flags=SA_RESTART|SA_SIGINFO
SIGTERM: [libjvm.so+0x89f450], sa_mask[0]=11111111011111111101111111111110, sa_flags=SA_RESTART|SA_SIGINFO
SIGQUIT: [libjvm.so+0x89f450], sa_mask[0]=11111111011111111101111111111110, sa_flags=SA_RESTART|SA_SIGINFO


---------------  S Y S T E M  ---------------

OS:LSB_VERSION=1.4
DISTRIB_ID=Arch
DISTRIB_RELEASE=rolling
DISTRIB_DESCRIPTION="Arch Linux"

uname:Linux 3.16.3-1-ARCH #1 SMP PREEMPT Wed Sep 17 21:54:13 CEST 2014 x86_64
libc:glibc 2.20 NPTL 2.20 
rlimit: STACK 8192k, CORE infinity, NPROC 31620, NOFILE 4096, AS infinity
load average:4.93 4.86 4.54

/proc/meminfo:
MemTotal:        8100400 kB
MemFree:         3404652 kB
MemAvailable:    4595512 kB
Buffers:           98668 kB
Cached:          1308536 kB
SwapCached:            0 kB
Active:          3620320 kB
Inactive:         837832 kB
Active(anon):    3056144 kB
Inactive(anon):    71148 kB
Active(file):     564176 kB
Inactive(file):   766684 kB
Unevictable:           4 kB
Mlocked:               4 kB
SwapTotal:             0 kB
SwapFree:              0 kB
Dirty:             12560 kB
Writeback:             0 kB
AnonPages:       3051116 kB
Mapped:           316428 kB
Shmem:             76352 kB
Slab:              84120 kB
SReclaimable:      57888 kB
SUnreclaim:        26232 kB
KernelStack:        8752 kB
PageTables:        33136 kB
NFS_Unstable:          0 kB
Bounce:                0 kB
WritebackTmp:          0 kB
CommitLimit:     4050200 kB
Committed_AS:    5994452 kB
VmallocTotal:   34359738367 kB
VmallocUsed:      169496 kB
VmallocChunk:   34359526648 kB
HardwareCorrupted:     0 kB
AnonHugePages:   1290240 kB
HugePages_Total:       0
HugePages_Free:        0
HugePages_Rsvd:        0
HugePages_Surp:        0
Hugepagesize:       2048 kB
DirectMap4k:       54492 kB
DirectMap2M:     1961984 kB
DirectMap1G:     6291456 kB


CPU:total 4 (4 cores per cpu, 1 threads per core) family 6 model 60 stepping 3, cmov, cx8, fxsr, mmx, sse, sse2, sse3, ssse3, sse4.1, sse4.2, popcnt, avx, avx2, aes, clmul, erms, rtm, lzcnt, tsc, tscinvbit, bmi1, bmi2

/proc/cpuinfo:
processor	: 0
vendor_id	: GenuineIntel
cpu family	: 6
model		: 60
model name	: Intel(R) Core(TM) i5-4570 CPU @ 3.20GHz
stepping	: 3
microcode	: 0x16
cpu MHz		: 3400.000
cache size	: 6144 KB
physical id	: 0
siblings	: 4
core id		: 0
cpu cores	: 4
apicid		: 0
initial apicid	: 0
fpu		: yes
fpu_exception	: yes
cpuid level	: 13
wp		: yes
flags		: fpu vme de pse tsc msr pae mce cx8 apic sep mtrr pge mca cmov pat pse36 clflush dts acpi mmx fxsr sse sse2 ss ht tm pbe syscall nx pdpe1gb rdtscp lm constant_tsc arch_perfmon pebs bts rep_good nopl xtopology nonstop_tsc aperfmperf eagerfpu pni pclmulqdq dtes64 monitor ds_cpl vmx smx est tm2 ssse3 fma cx16 xtpr pdcm pcid sse4_1 sse4_2 x2apic movbe popcnt tsc_deadline_timer aes xsave avx f16c rdrand lahf_lm abm ida arat epb xsaveopt pln pts dtherm tpr_shadow vnmi flexpriority ept vpid fsgsbase tsc_adjust bmi1 hle avx2 smep bmi2 erms invpcid rtm
bogomips	: 6388.66
clflush size	: 64
cache_alignment	: 64
address sizes	: 39 bits physical, 48 bits virtual
power management:

processor	: 1
vendor_id	: GenuineIntel
cpu family	: 6
model		: 60
model name	: Intel(R) Core(TM) i5-4570 CPU @ 3.20GHz
stepping	: 3
microcode	: 0x16
cpu MHz		: 3402.875
cache size	: 6144 KB
physical id	: 0
siblings	: 4
core id		: 1
cpu cores	: 4
apicid		: 2
initial apicid	: 2
fpu		: yes
fpu_exception	: yes
cpuid level	: 13
wp		: yes
flags		: fpu vme de pse tsc msr pae mce cx8 apic sep mtrr pge mca cmov pat pse36 clflush dts acpi mmx fxsr sse sse2 ss ht tm pbe syscall nx pdpe1gb rdtscp lm constant_tsc arch_perfmon pebs bts rep_good nopl xtopology nonstop_tsc aperfmperf eagerfpu pni pclmulqdq dtes64 monitor ds_cpl vmx smx est tm2 ssse3 fma cx16 xtpr pdcm pcid sse4_1 sse4_2 x2apic movbe popcnt tsc_deadline_timer aes xsave avx f16c rdrand lahf_lm abm ida arat epb xsaveopt pln pts dtherm tpr_shadow vnmi flexpriority ept vpid fsgsbase tsc_adjust bmi1 hle avx2 smep bmi2 erms invpcid rtm
bogomips	: 6388.66
clflush size	: 64
cache_alignment	: 64
address sizes	: 39 bits physical, 48 bits virtual
power management:

processor	: 2
vendor_id	: GenuineIntel
cpu family	: 6
model		: 60
model name	: Intel(R) Core(TM) i5-4570 CPU @ 3.20GHz
stepping	: 3
microcode	: 0x16
cpu MHz		: 3403.500
cache size	: 6144 KB
physical id	: 0
siblings	: 4
core id		: 2
cpu cores	: 4
apicid		: 4
initial apicid	: 4
fpu		: yes
fpu_exception	: yes
cpuid level	: 13
wp		: yes
flags		: fpu vme de pse tsc msr pae mce cx8 apic sep mtrr pge mca cmov pat pse36 clflush dts acpi mmx fxsr sse sse2 ss ht tm pbe syscall nx pdpe1gb rdtscp lm constant_tsc arch_perfmon pebs bts rep_good nopl xtopology nonstop_tsc aperfmperf eagerfpu pni pclmulqdq dtes64 monitor ds_cpl vmx smx est tm2 ssse3 fma cx16 xtpr pdcm pcid sse4_1 sse4_2 x2apic movbe popcnt tsc_deadline_timer aes xsave avx f16c rdrand lahf_lm abm ida arat epb xsaveopt pln pts dtherm tpr_shadow vnmi flexpriority ept vpid fsgsbase tsc_adjust bmi1 hle avx2 smep bmi2 erms invpcid rtm
bogomips	: 6388.66
clflush size	: 64
cache_alignment	: 64
address sizes	: 39 bits physical, 48 bits virtual
power management:

processor	: 3
vendor_id	: GenuineIntel
cpu family	: 6
model		: 60
model name	: Intel(R) Core(TM) i5-4570 CPU @ 3.20GHz
stepping	: 3
microcode	: 0x16
cpu MHz		: 3403.500
cache size	: 6144 KB
physical id	: 0
siblings	: 4
core id		: 3
cpu cores	: 4
apicid		: 6
initial apicid	: 6
fpu		: yes
fpu_exception	: yes
cpuid level	: 13
wp		: yes
flags		: fpu vme de pse tsc msr pae mce cx8 apic sep mtrr pge mca cmov pat pse36 clflush dts acpi mmx fxsr sse sse2 ss ht tm pbe syscall nx pdpe1gb rdtscp lm constant_tsc arch_perfmon pebs bts rep_good nopl xtopology nonstop_tsc aperfmperf eagerfpu pni pclmulqdq dtes64 monitor ds_cpl vmx smx est tm2 ssse3 fma cx16 xtpr pdcm pcid sse4_1 sse4_2 x2apic movbe popcnt tsc_deadline_timer aes xsave avx f16c rdrand lahf_lm abm ida arat epb xsaveopt pln pts dtherm tpr_shadow vnmi flexpriority ept vpid fsgsbase tsc_adjust bmi1 hle avx2 smep bmi2 erms invpcid rtm
bogomips	: 6388.66
clflush size	: 64
cache_alignment	: 64
address sizes	: 39 bits physical, 48 bits virtual
power management:



Memory: 4k page, physical 8100400k(3404652k free), swap 0k(0k free)

vm_info: OpenJDK 64-Bit Server VM (25.20-b22) for linux-amd64 JRE (1.8.0_20-b23), built on Sep 17 2014 13:04:28 by "nobody" with gcc 4.9.1 20140903 (prerelease)

time: Mon Jan 19 14:02:58 2015
elapsed time: 32 seconds (0d 0h 0m 32s)

