#
# A fatal error has been detected by the Java Runtime Environment:
#
#  SIGSEGV (0xb) at pc=0x00007f65bd6c478e, pid=24851, tid=140074696034048
#
# JRE version: OpenJDK Runtime Environment (8.0_31-b13) (build 1.8.0_31-b13)
# Java VM: OpenJDK 64-Bit Server VM (25.31-b07 mixed mode linux-amd64 compressed oops)
# Problematic frame:
# C  [libLeap.so+0x6e78e]
#
# Core dump written. Default location: /home/pold/Documents/Radboud/Java/photo-album/core or core.24851
#
# If you would like to submit a bug report, please visit:
#   http://bugreport.java.com/bugreport/crash.jsp
# The crash happened outside the Java Virtual Machine in native code.
# See problematic frame for where to report the bug.
#

---------------  T H R E A D  ---------------

Current thread (0x00007f6584127000):  JavaThread "Thread-11546" [_thread_in_native, id=24925, stack(0x00007f65adffc000,0x00007f65ae7fd000)]

siginfo: si_signo: 11 (SIGSEGV), si_code: 1 (SEGV_MAPERR), si_addr: 0x0000000000000008

Registers:
RAX=0x00007f65840b5790, RBX=0x0000000000000000, RCX=0x00007f6584000020, RDX=0x0000000066666667
RSP=0x00007f65ae7fb680, RBP=0x0000000000000005, RSI=0x0000000000000000, RDI=0x0000000000000000
R8 =0x00007f6590043030, R9 =0x0000000000000018, R10=0x00007f6605481c55, R11=0x00000000f802b87c
R12=0x0000000000000000, R13=0x00007f65ae7fb690, R14=0x00007f6590085780, R15=0x00007f65ae7fb6a0
RIP=0x00007f65bd6c478e, EFLAGS=0x0000000000010206, CSGSFS=0x0000000000000033, ERR=0x0000000000000004
  TRAPNO=0x000000000000000e

Top of Stack: (sp=0x00007f65ae7fb680)
0x00007f65ae7fb680:   0000000000000000 00007f65ae7fb730
0x00007f65ae7fb690:   0000000000000000 0000000000000000
0x00007f65ae7fb6a0:   00007f65840b5790 00007f65840b5790
0x00007f65ae7fb6b0:   00007f65840b57e0 0000000000004000
0x00007f65ae7fb6c0:   000000003ec28f5c 0000000000000000
0x00007f65ae7fb6d0:   0000000000000000 0000000000000000
0x00007f65ae7fb6e0:   000000007f7fffff 00007f65ae7fb730
0x00007f65ae7fb6f0:   00007f65ae7fb730 0000000000000000
0x00007f65ae7fb700:   00007f65ae7fb808 00007f65ae7fb790
0x00007f65ae7fb710:   00007f6584127000 00007f65bd6c4947
0x00007f65ae7fb720:   00007f65ac5c03f8 00007f65bda191d6
0x00007f65ae7fb730:   000001b897894d00 00007f65bd6c1159
0x00007f65ae7fb740:   00007f65ac5c03f8 00007f65ae7fb7a0
0x00007f65ae7fb750:   0000000000000000 00007f6605481cc7
0x00007f65ae7fb760:   ffff000000000000 0000000780ec5908
0x00007f65ae7fb770:   ffff000000000000 0000000000000000
0x00007f65ae7fb780:   00000006c00b9140 0000000000000000
0x00007f65ae7fb790:   00000006c00b9140 00007f6605007160
0x00007f65ae7fb7a0:   0000000780ec5950 00007f6605636b54
0x00007f65ae7fb7b0:   0000000780ec5908 0000000000000000
0x00007f65ae7fb7c0:   00007f65ae7fb7c0 00007f65ac5c154d
0x00007f65ae7fb7d0:   00007f65ae7fb810 00007f65ac5c18b8
0x00007f65ae7fb7e0:   00007f6583c95640 00007f65ac5c1558
0x00007f65ae7fb7f0:   00007f65ae7fb858 00007f6605007710
0x00007f65ae7fb800:   00007f6605007710 0000000780ec5908
0x00007f65ae7fb810:   0000000000000000 00007f65ae7fb818
0x00007f65ae7fb820:   00007f65ff55d327 00007f65ae7fb8b8
0x00007f65ae7fb830:   00007f65ff7ca6d0 00007f6583c95808
0x00007f65ae7fb840:   00007f65ff55d520 00007f65ae7fb808
0x00007f65ae7fb850:   00007f65ae7fb8c0 0000000780ec5908
0x00007f65ae7fb860:   00007f66051a91b0 0000000000000000
0x00007f65ae7fb870:   0000000000000000 0000000000000000 

Instructions: (pc=0x00007f65bd6c478e)
0x00007f65bd6c476e:   e8 cd 83 ff ff 4c 8d 6c 24 10 31 db 48 85 ed 74
0x00007f65bd6c477e:   6b 4d 8b 86 58 01 00 00 ba 67 66 66 66 49 8b 30
0x00007f65bd6c478e:   8b 4e 08 89 c8 f7 ea 89 c8 c1 f8 1f c1 fa 02 29
0x00007f65bd6c479e:   c2 8d 04 92 01 c0 29 c1 39 cb 0f 84 a2 00 00 00 

Register to memory mapping:

RAX=0x00007f65840b5790 is an unknown value
RBX=0x0000000000000000 is an unknown value
RCX=0x00007f6584000020 is an unknown value
RDX=0x0000000066666667 is an unknown value
RSP=0x00007f65ae7fb680 is pointing into the stack for thread: 0x00007f6584127000
RBP=0x0000000000000005 is an unknown value
RSI=0x0000000000000000 is an unknown value
RDI=0x0000000000000000 is an unknown value
R8 =0x00007f6590043030 is an unknown value
R9 =0x0000000000000018 is an unknown value
R10=0x00007f6605481c55 is at entry_point+85 in (nmethod*)0x00007f6605481a90
R11=0x00000000f802b87c is an unknown value
R12=0x0000000000000000 is an unknown value
R13=0x00007f65ae7fb690 is pointing into the stack for thread: 0x00007f6584127000
R14=0x00007f6590085780 is an unknown value
R15=0x00007f65ae7fb6a0 is pointing into the stack for thread: 0x00007f6584127000


Stack: [0x00007f65adffc000,0x00007f65ae7fd000],  sp=0x00007f65ae7fb680,  free space=8189k
Native frames: (J=compiled Java code, j=interpreted, Vv=VM code, C=native code)
C  [libLeap.so+0x6e78e]

Java frames: (J=compiled Java code, j=interpreted, Vv=VM code)
J 1367  com.leapmotion.leap.LeapJNI.Hand_fingers(JLcom/leapmotion/leap/Hand;)J (0 bytes) @ 0x00007f6605481c55 [0x00007f6605481c00+0x55]
J 1955 C2 com.leapmotion.leap.Hand.fingers()Lcom/leapmotion/leap/FingerList; (17 bytes) @ 0x00007f6605636b54 [0x00007f6605636ac0+0x94]
j  main.java.gesturerecognition.VolkerLeapListener.updateLeftHand(Lcom/leapmotion/leap/Frame;Lcom/leapmotion/leap/Hand;)V+15
J 2180 C2 com.leapmotion.leap.LeapJNI.SwigDirector_Listener_onFrame(Lcom/leapmotion/leap/Listener;J)V (14 bytes) @ 0x00007f66051a91b0 [0x00007f66051a8b20+0x690]
v  ~StubRoutines::call_stub

---------------  P R O C E S S  ---------------

Java Threads: ( => current thread )
=>0x00007f6584127000 JavaThread "Thread-11546" [_thread_in_native, id=24925, stack(0x00007f65adffc000,0x00007f65ae7fd000)]
  0x00007f6614009800 JavaThread "DestroyJavaVM" [_thread_blocked, id=24853, stack(0x00007f661b34f000,0x00007f661b450000)]
  0x00007f6614235800 JavaThread "AWT-EventQueue-0" [_thread_in_native, id=24902, stack(0x00007f65bdc3c000,0x00007f65bdd3d000)]
  0x00007f6614234000 JavaThread "AWT-Shutdown" [_thread_blocked, id=24901, stack(0x00007f65bdd3d000,0x00007f65bde3e000)]
  0x00007f661422f800 JavaThread "AWT-XAWT" daemon [_thread_in_native, id=24899, stack(0x00007f65bde3e000,0x00007f65bdf3f000)]
  0x00007f661420d800 JavaThread "Java2D Disposer" daemon [_thread_blocked, id=24896, stack(0x00007f65be350000,0x00007f65be451000)]
  0x00007f6614188800 JavaThread "Monitor Ctrl-Break" daemon [_thread_in_native, id=24882, stack(0x00007f65fd3c4000,0x00007f65fd4c5000)]
  0x00007f66140b2800 JavaThread "Service Thread" daemon [_thread_blocked, id=24876, stack(0x00007f65fd7e7000,0x00007f65fd8e8000)]
  0x00007f66140af800 JavaThread "C1 CompilerThread2" daemon [_thread_blocked, id=24875, stack(0x00007f65fd8e8000,0x00007f65fd9e9000)]
  0x00007f66140ae000 JavaThread "C2 CompilerThread1" daemon [_thread_blocked, id=24873, stack(0x00007f65fd9e9000,0x00007f65fdaea000)]
  0x00007f66140ab000 JavaThread "C2 CompilerThread0" daemon [_thread_blocked, id=24872, stack(0x00007f65fdaea000,0x00007f65fdbeb000)]
  0x00007f66140a9000 JavaThread "Signal Dispatcher" daemon [_thread_blocked, id=24871, stack(0x00007f65fdbeb000,0x00007f65fdcec000)]
  0x00007f661407b800 JavaThread "Finalizer" daemon [_thread_blocked, id=24865, stack(0x00007f65fdeef000,0x00007f65fdff0000)]
  0x00007f6614079800 JavaThread "Reference Handler" daemon [_thread_blocked, id=24864, stack(0x00007f65fdff0000,0x00007f65fe0f1000)]

Other Threads:
  0x00007f6614074800 VMThread [stack: 0x00007f65fe0f1000,0x00007f65fe1f2000] [id=24860]
  0x00007f66140b9800 WatcherThread [stack: 0x00007f65fd6e6000,0x00007f65fd7e7000] [id=24877]

VM state:not at safepoint (normal execution)

VM Mutex/Monitor currently owned by a thread: None

Heap:
 PSYoungGen      total 698368K, used 371574K [0x000000076ab00000, 0x0000000795580000, 0x00000007c0000000)
  eden space 697856K, 53% used [0x000000076ab00000,0x0000000781595998,0x0000000795480000)
  from space 512K, 56% used [0x0000000795500000,0x0000000795548000,0x0000000795580000)
  to   space 512K, 0% used [0x0000000795480000,0x0000000795480000,0x0000000795500000)
 ParOldGen       total 1398272K, used 6832K [0x00000006c0000000, 0x0000000715580000, 0x000000076ab00000)
  object space 1398272K, 0% used [0x00000006c0000000,0x00000006c06ac208,0x0000000715580000)
 Metaspace       used 17486K, capacity 17654K, committed 18048K, reserved 1064960K
  class space    used 2019K, capacity 2051K, committed 2176K, reserved 1048576K

Card table byte_map: [0x00007f66047ff000,0x00007f6605000000] byte_map_base: 0x00007f66011ff000

Marking Bits: (ParMarkBitMap*) 0x00007f661a64f800
 Begin Bits: [0x00007f65f0000000, 0x00007f65f4000000)
 End Bits:   [0x00007f65f4000000, 0x00007f65f8000000)

Polling page: 0x00007f661b481000

CodeCache: size=245760Kb used=6016Kb max_used=7265Kb free=239743Kb
 bounds [0x00007f6605000000, 0x00007f6605730000, 0x00007f6614000000]
 total_blobs=2441 nmethods=1801 adapters=554
 compilation: enabled

Compilation events (10 events):
Event: 103.601 Thread 0x00007f66140ab000 2175       4       com.leapmotion.leap.HandList::finalize (5 bytes)
Event: 103.603 Thread 0x00007f66140ab000 nmethod 2175 0x00007f6605344ad0 code [0x00007f6605344c20, 0x00007f6605344f48]
Event: 103.603 Thread 0x00007f66140ab000 2176  s    4       com.leapmotion.leap.HandList::delete (38 bytes)
Event: 103.604 Thread 0x00007f66140ab000 nmethod 2176 0x00007f6605500310 code [0x00007f6605500460, 0x00007f6605500788]
Event: 114.486 Thread 0x00007f66140ab000 2177       4       com.leapmotion.leap.Frame::finalize (5 bytes)
Event: 114.488 Thread 0x00007f66140ab000 nmethod 2177 0x00007f66053673d0 code [0x00007f6605367520, 0x00007f6605367848]
Event: 114.488 Thread 0x00007f66140ae000 2178  s    4       com.leapmotion.leap.Frame::delete (38 bytes)
Event: 114.489 Thread 0x00007f66140ae000 nmethod 2178 0x00007f66053e2550 code [0x00007f66053e26a0, 0x00007f66053e29c8]
Event: 149.314 Thread 0x00007f66140ae000 2180       4       com.leapmotion.leap.LeapJNI::SwigDirector_Listener_onFrame (14 bytes)
Event: 149.330 Thread 0x00007f66140ae000 nmethod 2180 0x00007f66051a87d0 code [0x00007f66051a8b20, 0x00007f66051a97b0]

GC Heap History (10 events):
Event: 146.546 GC heap before
{Heap before GC invocations=142 (full 0):
 PSYoungGen      total 698368K, used 698144K [0x000000076ab00000, 0x0000000795580000, 0x00000007c0000000)
  eden space 697856K, 100% used [0x000000076ab00000,0x0000000795480000,0x0000000795480000)
  from space 512K, 56% used [0x0000000795480000,0x00000007954c8000,0x0000000795500000)
  to   space 512K, 0% used [0x0000000795500000,0x0000000795500000,0x0000000795580000)
 ParOldGen       total 1398272K, used 6787K [0x00000006c0000000, 0x0000000715580000, 0x000000076ab00000)
  object space 1398272K, 0% used [0x00000006c0000000,0x00000006c06a0fc0,0x0000000715580000)
 Metaspace       used 17486K, capacity 17654K, committed 18048K, reserved 1064960K
  class space    used 2019K, capacity 2051K, committed 2176K, reserved 1048576K
Event: 146.548 GC heap after
Heap after GC invocations=142 (full 0):
 PSYoungGen      total 698368K, used 288K [0x000000076ab00000, 0x0000000795580000, 0x00000007c0000000)
  eden space 697856K, 0% used [0x000000076ab00000,0x000000076ab00000,0x0000000795480000)
  from space 512K, 56% used [0x0000000795500000,0x0000000795548000,0x0000000795580000)
  to   space 512K, 0% used [0x0000000795480000,0x0000000795480000,0x0000000795500000)
 ParOldGen       total 1398272K, used 6795K [0x00000006c0000000, 0x0000000715580000, 0x000000076ab00000)
  object space 1398272K, 0% used [0x00000006c0000000,0x00000006c06a2fc0,0x0000000715580000)
 Metaspace       used 17486K, capacity 17654K, committed 18048K, reserved 1064960K
  class space    used 2019K, capacity 2051K, committed 2176K, reserved 1048576K
}
Event: 147.551 GC heap before
{Heap before GC invocations=143 (full 0):
 PSYoungGen      total 698368K, used 698144K [0x000000076ab00000, 0x0000000795580000, 0x00000007c0000000)
  eden space 697856K, 100% used [0x000000076ab00000,0x0000000795480000,0x0000000795480000)
  from space 512K, 56% used [0x0000000795500000,0x0000000795548000,0x0000000795580000)
  to   space 512K, 0% used [0x0000000795480000,0x0000000795480000,0x0000000795500000)
 ParOldGen       total 1398272K, used 6795K [0x00000006c0000000, 0x0000000715580000, 0x000000076ab00000)
  object space 1398272K, 0% used [0x00000006c0000000,0x00000006c06a2fc0,0x0000000715580000)
 Metaspace       used 17486K, capacity 17654K, committed 18048K, reserved 1064960K
  class space    used 2019K, capacity 2051K, committed 2176K, reserved 1048576K
Event: 147.553 GC heap after
Heap after GC invocations=143 (full 0):
 PSYoungGen      total 698368K, used 288K [0x000000076ab00000, 0x0000000795580000, 0x00000007c0000000)
  eden space 697856K, 0% used [0x000000076ab00000,0x000000076ab00000,0x0000000795480000)
  from space 512K, 56% used [0x0000000795480000,0x00000007954c8000,0x0000000795500000)
  to   space 512K, 0% used [0x0000000795500000,0x0000000795500000,0x0000000795580000)
 ParOldGen       total 1398272K, used 6803K [0x00000006c0000000, 0x0000000715580000, 0x000000076ab00000)
  object space 1398272K, 0% used [0x00000006c0000000,0x00000006c06a4fc0,0x0000000715580000)
 Metaspace       used 17486K, capacity 17654K, committed 18048K, reserved 1064960K
  class space    used 2019K, capacity 2051K, committed 2176K, reserved 1048576K
}
Event: 148.528 GC heap before
{Heap before GC invocations=144 (full 0):
 PSYoungGen      total 698368K, used 698144K [0x000000076ab00000, 0x0000000795580000, 0x00000007c0000000)
  eden space 697856K, 100% used [0x000000076ab00000,0x0000000795480000,0x0000000795480000)
  from space 512K, 56% used [0x0000000795480000,0x00000007954c8000,0x0000000795500000)
  to   space 512K, 0% used [0x0000000795500000,0x0000000795500000,0x0000000795580000)
 ParOldGen       total 1398272K, used 6803K [0x00000006c0000000, 0x0000000715580000, 0x000000076ab00000)
  object space 1398272K, 0% used [0x00000006c0000000,0x00000006c06a4fc0,0x0000000715580000)
 Metaspace       used 17486K, capacity 17654K, committed 18048K, reserved 1064960K
  class space    used 2019K, capacity 2051K, committed 2176K, reserved 1048576K
Event: 148.531 GC heap after
Heap after GC invocations=144 (full 0):
 PSYoungGen      total 698368K, used 288K [0x000000076ab00000, 0x0000000795580000, 0x00000007c0000000)
  eden space 697856K, 0% used [0x000000076ab00000,0x000000076ab00000,0x0000000795480000)
  from space 512K, 56% used [0x0000000795500000,0x0000000795548000,0x0000000795580000)
  to   space 512K, 0% used [0x0000000795480000,0x0000000795480000,0x0000000795500000)
 ParOldGen       total 1398272K, used 6811K [0x00000006c0000000, 0x0000000715580000, 0x000000076ab00000)
  object space 1398272K, 0% used [0x00000006c0000000,0x00000006c06a6fc0,0x0000000715580000)
 Metaspace       used 17486K, capacity 17654K, committed 18048K, reserved 1064960K
  class space    used 2019K, capacity 2051K, committed 2176K, reserved 1048576K
}
Event: 149.522 GC heap before
{Heap before GC invocations=145 (full 0):
 PSYoungGen      total 698368K, used 698144K [0x000000076ab00000, 0x0000000795580000, 0x00000007c0000000)
  eden space 697856K, 100% used [0x000000076ab00000,0x0000000795480000,0x0000000795480000)
  from space 512K, 56% used [0x0000000795500000,0x0000000795548000,0x0000000795580000)
  to   space 512K, 0% used [0x0000000795480000,0x0000000795480000,0x0000000795500000)
 ParOldGen       total 1398272K, used 6821K [0x00000006c0000000, 0x0000000715580000, 0x000000076ab00000)
  object space 1398272K, 0% used [0x00000006c0000000,0x00000006c06a9748,0x0000000715580000)
 Metaspace       used 17486K, capacity 17654K, committed 18048K, reserved 1064960K
  class space    used 2019K, capacity 2051K, committed 2176K, reserved 1048576K
Event: 149.524 GC heap after
Heap after GC invocations=145 (full 0):
 PSYoungGen      total 698368K, used 288K [0x000000076ab00000, 0x0000000795580000, 0x00000007c0000000)
  eden space 697856K, 0% used [0x000000076ab00000,0x000000076ab00000,0x0000000795480000)
  from space 512K, 56% used [0x0000000795480000,0x00000007954c8000,0x0000000795500000)
  to   space 512K, 0% used [0x0000000795500000,0x0000000795500000,0x0000000795580000)
 ParOldGen       total 1398272K, used 6829K [0x00000006c0000000, 0x0000000715580000, 0x000000076ab00000)
  object space 1398272K, 0% used [0x00000006c0000000,0x00000006c06ab748,0x0000000715580000)
 Metaspace       used 17486K, capacity 17654K, committed 18048K, reserved 1064960K
  class space    used 2019K, capacity 2051K, committed 2176K, reserved 1048576K
}
Event: 150.491 GC heap before
{Heap before GC invocations=146 (full 0):
 PSYoungGen      total 698368K, used 698144K [0x000000076ab00000, 0x0000000795580000, 0x00000007c0000000)
  eden space 697856K, 100% used [0x000000076ab00000,0x0000000795480000,0x0000000795480000)
  from space 512K, 56% used [0x0000000795480000,0x00000007954c8000,0x0000000795500000)
  to   space 512K, 0% used [0x0000000795500000,0x0000000795500000,0x0000000795580000)
 ParOldGen       total 1398272K, used 6832K [0x00000006c0000000, 0x0000000715580000, 0x000000076ab00000)
  object space 1398272K, 0% used [0x00000006c0000000,0x00000006c06ac208,0x0000000715580000)
 Metaspace       used 17486K, capacity 17654K, committed 18048K, reserved 1064960K
  class space    used 2019K, capacity 2051K, committed 2176K, reserved 1048576K
Event: 150.493 GC heap after
Heap after GC invocations=146 (full 0):
 PSYoungGen      total 698368K, used 288K [0x000000076ab00000, 0x0000000795580000, 0x00000007c0000000)
  eden space 697856K, 0% used [0x000000076ab00000,0x000000076ab00000,0x0000000795480000)
  from space 512K, 56% used [0x0000000795500000,0x0000000795548000,0x0000000795580000)
  to   space 512K, 0% used [0x0000000795480000,0x0000000795480000,0x0000000795500000)
 ParOldGen       total 1398272K, used 6832K [0x00000006c0000000, 0x0000000715580000, 0x000000076ab00000)
  object space 1398272K, 0% used [0x00000006c0000000,0x00000006c06ac208,0x0000000715580000)
 Metaspace       used 17486K, capacity 17654K, committed 18048K, reserved 1064960K
  class space    used 2019K, capacity 2051K, committed 2176K, reserved 1048576K
}

Deoptimization events (10 events):
Event: 3.857 Thread 0x00007f6614235800 Uncommon trap: reason=class_check action=maybe_recompile pc=0x00007f66051d9004 method=java.lang.String.equals(Ljava/lang/Object;)Z @ 8
Event: 3.857 Thread 0x00007f6614235800 Uncommon trap: reason=class_check action=maybe_recompile pc=0x00007f66051d9004 method=java.lang.String.equals(Ljava/lang/Object;)Z @ 8
Event: 3.857 Thread 0x00007f6614235800 Uncommon trap: reason=class_check action=maybe_recompile pc=0x00007f66051d9004 method=java.lang.String.equals(Ljava/lang/Object;)Z @ 8
Event: 3.857 Thread 0x00007f6614235800 Uncommon trap: reason=class_check action=maybe_recompile pc=0x00007f66051d9004 method=java.lang.String.equals(Ljava/lang/Object;)Z @ 8
Event: 6.798 Thread 0x00007f6614235800 Uncommon trap: reason=unloaded action=reinterpret pc=0x00007f6605522e64 method=sun.java2d.SunGraphics2D.validatePipe()V @ 10
Event: 6.807 Thread 0x00007f6614235800 Uncommon trap: reason=unreached action=reinterpret pc=0x00007f66054a45a8 method=java.util.IdentityHashMap.get(Ljava/lang/Object;)Ljava/lang/Object; @ 43
Event: 12.883 Thread 0x00007f6614235800 Uncommon trap: reason=unreached action=reinterpret pc=0x00007f66055db1b0 method=java.awt.BasicStroke.<init>(FIIF[FF)V @ 87
Event: 27.554 Thread 0x00007f6614235800 Uncommon trap: reason=unloaded action=reinterpret pc=0x00007f66056f4d08 method=main.java.userInterface.MyImage.paint(Ljava/awt/Graphics;)V @ 77
Event: 47.743 Thread 0x00007f6614079800 Uncommon trap: reason=unreached action=reinterpret pc=0x00007f660540fa84 method=java.lang.ref.Reference$ReferenceHandler.run()V @ 90
Event: 85.085 Thread 0x00007f6584109000 Uncommon trap: reason=unloaded action=reinterpret pc=0x00007f6605376af4 method=com.leapmotion.leap.HandList.get(I)Lcom/leapmotion/leap/Hand; @ 0

Internal exceptions (10 events):
Event: 3.813 Thread 0x00007f6584001800 Exception <a 'java/security/PrivilegedActionException'> (0x0000000786bdb008) thrown at [/build/java8-openjdk/src/jdk8u-jdk8u31-b13/hotspot/src/share/vm/prims/jvm.cpp, line 1312]
Event: 3.954 Thread 0x00007f6614235800 Exception <a 'java/security/PrivilegedActionException'> (0x000000076d1baab8) thrown at [/build/java8-openjdk/src/jdk8u-jdk8u31-b13/hotspot/src/share/vm/prims/jvm.cpp, line 1312]
Event: 4.169 Thread 0x00007f6614235800 Exception <a 'java/lang/UnsupportedOperationException': > (0x000000076d3d42a8) thrown at [/build/java8-openjdk/src/jdk8u-jdk8u31-b13/hotspot/src/share/vm/prims/jni.cpp, line 742]
Event: 9.272 Thread 0x00007f6614235800 Exception <a 'java/security/PrivilegedActionException'> (0x000000076de300c0) thrown at [/build/java8-openjdk/src/jdk8u-jdk8u31-b13/hotspot/src/share/vm/prims/jvm.cpp, line 1312]
Event: 9.273 Thread 0x00007f6614235800 Exception <a 'java/security/PrivilegedActionException'> (0x000000076de32a48) thrown at [/build/java8-openjdk/src/jdk8u-jdk8u31-b13/hotspot/src/share/vm/prims/jvm.cpp, line 1312]
Event: 12.880 Thread 0x00007f6584001800 Exception <a 'java/security/PrivilegedActionException'> (0x0000000782d01a58) thrown at [/build/java8-openjdk/src/jdk8u-jdk8u31-b13/hotspot/src/share/vm/prims/jvm.cpp, line 1312]
Event: 13.156 Thread 0x00007f6584001800 Exception <a 'java/security/PrivilegedActionException'> (0x0000000788c52398) thrown at [/build/java8-openjdk/src/jdk8u-jdk8u31-b13/hotspot/src/share/vm/prims/jvm.cpp, line 1312]
Event: 13.157 Thread 0x00007f6584001800 Exception <a 'java/security/PrivilegedActionException'> (0x0000000788c58348) thrown at [/build/java8-openjdk/src/jdk8u-jdk8u31-b13/hotspot/src/share/vm/prims/jvm.cpp, line 1312]
Event: 13.157 Thread 0x00007f6584001800 Exception <a 'java/security/PrivilegedActionException'> (0x0000000788c5b2e0) thrown at [/build/java8-openjdk/src/jdk8u-jdk8u31-b13/hotspot/src/share/vm/prims/jvm.cpp, line 1312]
Event: 13.158 Thread 0x00007f6584001800 Exception <a 'java/security/PrivilegedActionException'> (0x0000000788c60e30) thrown at [/build/java8-openjdk/src/jdk8u-jdk8u31-b13/hotspot/src/share/vm/prims/jvm.cpp, line 1312]

Events (10 events):
Event: 150.957 Thread 0x00007f6584127000 Thread exited: 0x00007f6584127000
Event: 150.969 Thread 0x00007f6584127000 Thread added: 0x00007f6584127000
Event: 150.969 Thread 0x00007f6584127000 Thread exited: 0x00007f6584127000
Event: 150.976 Thread 0x00007f6584127000 Thread added: 0x00007f6584127000
Event: 150.976 Thread 0x00007f6584127000 Thread exited: 0x00007f6584127000
Event: 150.985 Thread 0x00007f6584127000 Thread added: 0x00007f6584127000
Event: 150.985 Thread 0x00007f6584127000 Thread exited: 0x00007f6584127000
Event: 150.994 Thread 0x00007f6584127000 Thread added: 0x00007f6584127000
Event: 150.994 Thread 0x00007f6584127000 Thread exited: 0x00007f6584127000
Event: 151.007 Thread 0x00007f6584127000 Thread added: 0x00007f6584127000


Dynamic libraries:
00400000-00401000 r-xp 00000000 08:13 3039260                            /usr/lib/jvm/java-8-openjdk/jre/bin/java
00600000-00601000 rw-p 00000000 08:13 3039260                            /usr/lib/jvm/java-8-openjdk/jre/bin/java
01554000-01575000 rw-p 00000000 00:00 0                                  [heap]
6c0000000-715580000 rw-p 00000000 00:00 0 
715580000-76ab00000 ---p 00000000 00:00 0 
76ab00000-795580000 rw-p 00000000 00:00 0 
795580000-7c0000000 ---p 00000000 00:00 0 
7c0000000-7c0220000 rw-p 00000000 00:00 0 
7c0220000-800000000 ---p 00000000 00:00 0 
7f658399e000-7f6583b1e000 rw-p 00000000 00:00 0 
7f6583b1e000-7f6583b9e000 ---p 00000000 00:00 0 
7f6583b9e000-7f6583d9e000 rw-p 00000000 00:00 0 
7f6583d9e000-7f6583dfb000 r-xp 00000000 08:13 3188476                    /usr/lib/jvm/java-8-openjdk/jre/lib/amd64/liblcms.so
7f6583dfb000-7f6583ffb000 ---p 0005d000 08:13 3188476                    /usr/lib/jvm/java-8-openjdk/jre/lib/amd64/liblcms.so
7f6583ffb000-7f6584000000 rw-p 0005d000 08:13 3188476                    /usr/lib/jvm/java-8-openjdk/jre/lib/amd64/liblcms.so
7f6584000000-7f65841bb000 rw-p 00000000 00:00 0 
7f65841bb000-7f6588000000 ---p 00000000 00:00 0 
7f6588000000-7f6588060000 rw-p 00000000 00:00 0 
7f6588060000-7f658c000000 ---p 00000000 00:00 0 
7f658c000000-7f658c021000 rw-p 00000000 00:00 0 
7f658c021000-7f6590000000 ---p 00000000 00:00 0 
7f6590000000-7f6590105000 rw-p 00000000 00:00 0 
7f6590105000-7f6594000000 ---p 00000000 00:00 0 
7f6594000000-7f6594021000 rw-p 00000000 00:00 0 
7f6594021000-7f6598000000 ---p 00000000 00:00 0 
7f6598000000-7f659820b000 rw-p 00000000 00:00 0 
7f659820b000-7f659c000000 ---p 00000000 00:00 0 
7f659c000000-7f659c021000 rw-p 00000000 00:00 0 
7f659c021000-7f65a0000000 ---p 00000000 00:00 0 
7f65a0000000-7f65a0021000 rw-p 00000000 00:00 0 
7f65a0021000-7f65a4000000 ---p 00000000 00:00 0 
7f65a4000000-7f65a4021000 rw-p 00000000 00:00 0 
7f65a4021000-7f65a8000000 ---p 00000000 00:00 0 
7f65a8000000-7f65a8cb3000 rw-p 00000000 00:00 0 
7f65a8cb3000-7f65ac000000 ---p 00000000 00:00 0 
7f65ac13c000-7f65ac1b2000 rw-s 00000000 00:04 12648457                   /SYSV00000000 (deleted)
7f65ac1b2000-7f65ac1e7000 r-xp 00000000 08:13 3188472                    /usr/lib/jvm/java-8-openjdk/jre/lib/amd64/libjpeg.so
7f65ac1e7000-7f65ac3e7000 ---p 00035000 08:13 3188472                    /usr/lib/jvm/java-8-openjdk/jre/lib/amd64/libjpeg.so
7f65ac3e7000-7f65ac3e8000 rw-p 00035000 08:13 3188472                    /usr/lib/jvm/java-8-openjdk/jre/lib/amd64/libjpeg.so
7f65ac3e8000-7f65ac5e8000 rw-p 00000000 00:00 0 
7f65ac5e8000-7f65ac5f9000 r-xp 00000000 08:13 3188475                    /usr/lib/jvm/java-8-openjdk/jre/lib/amd64/libnio.so
7f65ac5f9000-7f65ac7f8000 ---p 00011000 08:13 3188475                    /usr/lib/jvm/java-8-openjdk/jre/lib/amd64/libnio.so
7f65ac7f8000-7f65ac7f9000 rw-p 00010000 08:13 3188475                    /usr/lib/jvm/java-8-openjdk/jre/lib/amd64/libnio.so
7f65ac7f9000-7f65ac7fa000 ---p 00000000 00:00 0 
7f65ac7fa000-7f65acffa000 rw-p 00000000 00:00 0                          [stack:24928]
7f65acffa000-7f65acffb000 ---p 00000000 00:00 0 
7f65acffb000-7f65ad7fb000 rw-p 00000000 00:00 0                          [stack:24927]
7f65ad7fb000-7f65ad7fc000 ---p 00000000 00:00 0 
7f65ad7fc000-7f65adffc000 rw-p 00000000 00:00 0                          [stack:24926]
7f65adffc000-7f65adfff000 ---p 00000000 00:00 0 
7f65adfff000-7f65ae7fd000 rw-p 00000000 00:00 0                          [stack:24925]
7f65ae7fd000-7f65ae7fe000 ---p 00000000 00:00 0 
7f65ae7fe000-7f65aeffe000 rw-p 00000000 00:00 0                          [stack:24924]
7f65aeffe000-7f65aefff000 ---p 00000000 00:00 0 
7f65aefff000-7f65af7ff000 rw-p 00000000 00:00 0                          [stack:24923]
7f65af7ff000-7f65af800000 ---p 00000000 00:00 0 
7f65af800000-7f65b0000000 rw-p 00000000 00:00 0                          [stack:24922]
7f65b0000000-7f65b0021000 rw-p 00000000 00:00 0 
7f65b0021000-7f65b4000000 ---p 00000000 00:00 0 
7f65b4000000-7f65b4021000 rw-p 00000000 00:00 0 
7f65b4021000-7f65b8000000 ---p 00000000 00:00 0 
7f65b8000000-7f65b8021000 rw-p 00000000 00:00 0 
7f65b8021000-7f65bc000000 ---p 00000000 00:00 0 
7f65bc044000-7f65bc047000 ---p 00000000 00:00 0 
7f65bc047000-7f65bc345000 rw-p 00000000 00:00 0 
7f65bc345000-7f65bc346000 ---p 00000000 00:00 0 
7f65bc346000-7f65bcb46000 rw-p 00000000 00:00 0                          [stack:24921]
7f65bcb46000-7f65bcb47000 ---p 00000000 00:00 0 
7f65bcb47000-7f65bd347000 rw-p 00000000 00:00 0                          [stack:24920]
7f65bd347000-7f65bd437000 r-xp 00000000 08:13 2910774                    /usr/lib/libstdc++.so.6.0.20
7f65bd437000-7f65bd637000 ---p 000f0000 08:13 2910774                    /usr/lib/libstdc++.so.6.0.20
7f65bd637000-7f65bd63f000 r--p 000f0000 08:13 2910774                    /usr/lib/libstdc++.so.6.0.20
7f65bd63f000-7f65bd641000 rw-p 000f8000 08:13 2910774                    /usr/lib/libstdc++.so.6.0.20
7f65bd641000-7f65bd656000 rw-p 00000000 00:00 0 
7f65bd656000-7f65bd7ee000 r-xp 00000000 08:14 3934408                    /home/pold/Documents/Radboud/Java/photo-album/lib/native/nux/x64/libLeap.so
7f65bd7ee000-7f65bd9ed000 ---p 00198000 08:14 3934408                    /home/pold/Documents/Radboud/Java/photo-album/lib/native/nux/x64/libLeap.so
7f65bd9ed000-7f65bd9fb000 r--p 00197000 08:14 3934408                    /home/pold/Documents/Radboud/Java/photo-album/lib/native/nux/x64/libLeap.so
7f65bd9fb000-7f65bd9fd000 rw-p 001a5000 08:14 3934408                    /home/pold/Documents/Radboud/Java/photo-album/lib/native/nux/x64/libLeap.so
7f65bd9fd000-7f65bd9ff000 rw-p 00000000 00:00 0 
7f65bd9ff000-7f65bda3b000 r-xp 00000000 08:14 3934409                    /home/pold/Documents/Radboud/Java/photo-album/lib/native/nux/x64/libLeapJava.so
7f65bda3b000-7f65bdc3a000 ---p 0003c000 08:14 3934409                    /home/pold/Documents/Radboud/Java/photo-album/lib/native/nux/x64/libLeapJava.so
7f65bdc3a000-7f65bdc3b000 r--p 0003b000 08:14 3934409                    /home/pold/Documents/Radboud/Java/photo-album/lib/native/nux/x64/libLeapJava.so
7f65bdc3b000-7f65bdc3c000 rw-p 0003c000 08:14 3934409                    /home/pold/Documents/Radboud/Java/photo-album/lib/native/nux/x64/libLeapJava.so
7f65bdc3c000-7f65bdc3f000 ---p 00000000 00:00 0 
7f65bdc3f000-7f65bdd3d000 rw-p 00000000 00:00 0                          [stack:24902]
7f65bdd3d000-7f65bdd40000 ---p 00000000 00:00 0 
7f65bdd40000-7f65bde3e000 rw-p 00000000 00:00 0                          [stack:24901]
7f65bde3e000-7f65bde41000 ---p 00000000 00:00 0 
7f65bde41000-7f65bdf3f000 rw-p 00000000 00:00 0                          [stack:24899]
7f65bdf3f000-7f65bdf44000 r-xp 00000000 08:13 2906917                    /usr/lib/libXfixes.so.3.1.0
7f65bdf44000-7f65be143000 ---p 00005000 08:13 2906917                    /usr/lib/libXfixes.so.3.1.0
7f65be143000-7f65be144000 r--p 00004000 08:13 2906917                    /usr/lib/libXfixes.so.3.1.0
7f65be144000-7f65be145000 rw-p 00005000 08:13 2906917                    /usr/lib/libXfixes.so.3.1.0
7f65be145000-7f65be14f000 r-xp 00000000 08:13 2908044                    /usr/lib/libXcursor.so.1.0.2
7f65be14f000-7f65be34e000 ---p 0000a000 08:13 2908044                    /usr/lib/libXcursor.so.1.0.2
7f65be34e000-7f65be34f000 r--p 00009000 08:13 2908044                    /usr/lib/libXcursor.so.1.0.2
7f65be34f000-7f65be350000 rw-p 0000a000 08:13 2908044                    /usr/lib/libXcursor.so.1.0.2
7f65be350000-7f65be353000 ---p 00000000 00:00 0 
7f65be353000-7f65be451000 rw-p 00000000 00:00 0                          [stack:24896]
7f65be451000-7f65be4bf000 r-xp 00000000 08:13 2894271                    /usr/lib/libpcre.so.1.2.4
7f65be4bf000-7f65be6be000 ---p 0006e000 08:13 2894271                    /usr/lib/libpcre.so.1.2.4
7f65be6be000-7f65be6bf000 r--p 0006d000 08:13 2894271                    /usr/lib/libpcre.so.1.2.4
7f65be6bf000-7f65be6c0000 rw-p 0006e000 08:13 2894271                    /usr/lib/libpcre.so.1.2.4
7f65be6c0000-7f65be6dc000 r-xp 00000000 08:13 2903074                    /usr/lib/libgraphite2.so.3.0.1
7f65be6dc000-7f65be8db000 ---p 0001c000 08:13 2903074                    /usr/lib/libgraphite2.so.3.0.1
7f65be8db000-7f65be8dd000 r--p 0001b000 08:13 2903074                    /usr/lib/libgraphite2.so.3.0.1
7f65be8dd000-7f65be8de000 rw-p 0001d000 08:13 2903074                    /usr/lib/libgraphite2.so.3.0.1
7f65be8de000-7f65be9ea000 r-xp 00000000 08:13 2894483                    /usr/lib/libglib-2.0.so.0.4200.1
7f65be9ea000-7f65bebe9000 ---p 0010c000 08:13 2894483                    /usr/lib/libglib-2.0.so.0.4200.1
7f65bebe9000-7f65bebea000 r--p 0010b000 08:13 2894483                    /usr/lib/libglib-2.0.so.0.4200.1
7f65bebea000-7f65bebeb000 rw-p 0010c000 08:13 2894483                    /usr/lib/libglib-2.0.so.0.4200.1
7f65bebeb000-7f65bebec000 rw-p 00000000 00:00 0 
7f65bebec000-7f65bec42000 r-xp 00000000 08:13 2903087                    /usr/lib/libharfbuzz.so.0.937.0
7f65bec42000-7f65bee41000 ---p 00056000 08:13 2903087                    /usr/lib/libharfbuzz.so.0.937.0
7f65bee41000-7f65bee43000 r--p 00055000 08:13 2903087                    /usr/lib/libharfbuzz.so.0.937.0
7f65bee43000-7f65bee44000 rw-p 00057000 08:13 2903087                    /usr/lib/libharfbuzz.so.0.937.0
7f65bee44000-7f65bee79000 r-xp 00000000 08:13 2903060                    /usr/lib/libpng16.so.16.16.0
7f65bee79000-7f65bf078000 ---p 00035000 08:13 2903060                    /usr/lib/libpng16.so.16.16.0
7f65bf078000-7f65bf079000 r--p 00034000 08:13 2903060                    /usr/lib/libpng16.so.16.16.0
7f65bf079000-7f65bf07a000 rw-p 00035000 08:13 2903060                    /usr/lib/libpng16.so.16.16.0
7f65bf07a000-7f65bf089000 r-xp 00000000 08:13 2889842                    /usr/lib/libbz2.so.1.0.6
7f65bf089000-7f65bf288000 ---p 0000f000 08:13 2889842                    /usr/lib/libbz2.so.1.0.6
7f65bf288000-7f65bf28a000 rw-p 0000e000 08:13 2889842                    /usr/lib/libbz2.so.1.0.6
7f65bf28a000-7f65bf2a0000 r-xp 00000000 08:13 2910770                    /usr/lib/libgcc_s.so.1
7f65bf2a0000-7f65bf49f000 ---p 00016000 08:13 2910770                    /usr/lib/libgcc_s.so.1
7f65bf49f000-7f65bf4a0000 rw-p 00015000 08:13 2910770                    /usr/lib/libgcc_s.so.1
7f65bf4a0000-7f65bf556000 r-xp 00000000 08:13 2903095                    /usr/lib/libfreetype.so.6.11.4
7f65bf556000-7f65bf756000 ---p 000b6000 08:13 2903095                    /usr/lib/libfreetype.so.6.11.4
7f65bf756000-7f65bf75c000 r--p 000b6000 08:13 2903095                    /usr/lib/libfreetype.so.6.11.4
7f65bf75c000-7f65bf75d000 rw-p 000bc000 08:13 2903095                    /usr/lib/libfreetype.so.6.11.4
7f65bf75d000-7f65bf7be000 r-xp 00000000 08:13 3188480                    /usr/lib/jvm/java-8-openjdk/jre/lib/amd64/libfontmanager.so
7f65bf7be000-7f65bf9bd000 ---p 00061000 08:13 3188480                    /usr/lib/jvm/java-8-openjdk/jre/lib/amd64/libfontmanager.so
7f65bf9bd000-7f65bf9c2000 rw-p 00060000 08:13 3188480                    /usr/lib/jvm/java-8-openjdk/jre/lib/amd64/libfontmanager.so
7f65bf9c2000-7f65bf9d4000 rw-p 00000000 00:00 0 
7f65bf9d4000-7f65bf9d9000 r-xp 00000000 08:13 2903054                    /usr/lib/libXdmcp.so.6.0.0
7f65bf9d9000-7f65bfbd8000 ---p 00005000 08:13 2903054                    /usr/lib/libXdmcp.so.6.0.0
7f65bfbd8000-7f65bfbd9000 r--p 00004000 08:13 2903054                    /usr/lib/libXdmcp.so.6.0.0
7f65bfbd9000-7f65bfbda000 rw-p 00005000 08:13 2903054                    /usr/lib/libXdmcp.so.6.0.0
7f65bfbda000-7f65bfbdc000 r-xp 00000000 08:13 2903138                    /usr/lib/libXau.so.6.0.0
7f65bfbdc000-7f65bfddc000 ---p 00002000 08:13 2903138                    /usr/lib/libXau.so.6.0.0
7f65bfddc000-7f65bfddd000 r--p 00002000 08:13 2903138                    /usr/lib/libXau.so.6.0.0
7f65bfddd000-7f65bfdde000 rw-p 00003000 08:13 2903138                    /usr/lib/libXau.so.6.0.0
7f65bfdde000-7f65bfdff000 r-xp 00000000 08:13 2905498                    /usr/lib/libxcb.so.1.1.0
7f65bfdff000-7f65bfffe000 ---p 00021000 08:13 2905498                    /usr/lib/libxcb.so.1.1.0
7f65bfffe000-7f65bffff000 r--p 00020000 08:13 2905498                    /usr/lib/libxcb.so.1.1.0
7f65bffff000-7f65c0000000 rw-p 00021000 08:13 2905498                    /usr/lib/libxcb.so.1.1.0
7f65c0000000-7f65c0021000 rw-p 00000000 00:00 0 
7f65c0021000-7f65c4000000 ---p 00000000 00:00 0 
7f65c4000000-7f65c4021000 rw-p 00000000 00:00 0 
7f65c4021000-7f65c8000000 ---p 00000000 00:00 0 
7f65c8000000-7f65c84c4000 rw-p 00000000 00:00 0 
7f65c84c4000-7f65cc000000 ---p 00000000 00:00 0 
7f65cc000000-7f65cc021000 rw-p 00000000 00:00 0 
7f65cc021000-7f65d0000000 ---p 00000000 00:00 0 
7f65d0000000-7f65d0021000 rw-p 00000000 00:00 0 
7f65d0021000-7f65d4000000 ---p 00000000 00:00 0 
7f65d4000000-7f65d502c000 rw-p 00000000 00:00 0 
7f65d502c000-7f65d8000000 ---p 00000000 00:00 0 
7f65d8000000-7f65d8022000 rw-p 00000000 00:00 0 
7f65d8022000-7f65dc000000 ---p 00000000 00:00 0 
7f65dc000000-7f65dd512000 rw-p 00000000 00:00 0 
7f65dd512000-7f65e0000000 ---p 00000000 00:00 0 
7f65e0000000-7f65e0021000 rw-p 00000000 00:00 0 
7f65e0021000-7f65e4000000 ---p 00000000 00:00 0 
7f65e4000000-7f65e4021000 rw-p 00000000 00:00 0 
7f65e4021000-7f65e8000000 ---p 00000000 00:00 0 
7f65e8000000-7f65e8021000 rw-p 00000000 00:00 0 
7f65e8021000-7f65ec000000 ---p 00000000 00:00 0 
7f65ec000000-7f65ec021000 rw-p 00000000 00:00 0 
7f65ec021000-7f65f0000000 ---p 00000000 00:00 0 
7f65f0000000-7f65f8000000 rw-p 00000000 00:00 0 
7f65f8000000-7f65f8021000 rw-p 00000000 00:00 0 
7f65f8021000-7f65fc000000 ---p 00000000 00:00 0 
7f65fc04b000-7f65fc067000 r--s 00393000 08:13 3188433                    /usr/lib/jvm/java-8-openjdk/jre/lib/ext/cldrdata.jar
7f65fc067000-7f65fc088000 r--s 00000000 08:13 393901                     /var/cache/fontconfig/8d4af663993b81a124ee82e610bb31f9-le64.cache-4
7f65fc088000-7f65fc0b1000 r--s 00000000 08:13 393900                     /var/cache/fontconfig/f6b893a7224233d96cb72fd88691c0b4-le64.cache-4
7f65fc0b1000-7f65fc0c0000 r-xp 00000000 08:13 2907959                    /usr/lib/libXi.so.6.1.0
7f65fc0c0000-7f65fc2c0000 ---p 0000f000 08:13 2907959                    /usr/lib/libXi.so.6.1.0
7f65fc2c0000-7f65fc2c1000 r--p 0000f000 08:13 2907959                    /usr/lib/libXi.so.6.1.0
7f65fc2c1000-7f65fc2c2000 rw-p 00010000 08:13 2907959                    /usr/lib/libXi.so.6.1.0
7f65fc2c2000-7f65fc2c7000 r-xp 00000000 08:13 2908798                    /usr/lib/libXtst.so.6.1.0
7f65fc2c7000-7f65fc4c6000 ---p 00005000 08:13 2908798                    /usr/lib/libXtst.so.6.1.0
7f65fc4c6000-7f65fc4c7000 r--p 00004000 08:13 2908798                    /usr/lib/libXtst.so.6.1.0
7f65fc4c7000-7f65fc4c8000 rw-p 00005000 08:13 2908798                    /usr/lib/libXtst.so.6.1.0
7f65fc4c8000-7f65fc4d1000 r-xp 00000000 08:13 2906708                    /usr/lib/libXrender.so.1.3.0
7f65fc4d1000-7f65fc6d0000 ---p 00009000 08:13 2906708                    /usr/lib/libXrender.so.1.3.0
7f65fc6d0000-7f65fc6d1000 r--p 00008000 08:13 2906708                    /usr/lib/libXrender.so.1.3.0
7f65fc6d1000-7f65fc6d2000 rw-p 00009000 08:13 2906708                    /usr/lib/libXrender.so.1.3.0
7f65fc6d2000-7f65fc80d000 r-xp 00000000 08:13 2906397                    /usr/lib/libX11.so.6.3.0
7f65fc80d000-7f65fca0c000 ---p 0013b000 08:13 2906397                    /usr/lib/libX11.so.6.3.0
7f65fca0c000-7f65fca0e000 r--p 0013a000 08:13 2906397                    /usr/lib/libX11.so.6.3.0
7f65fca0e000-7f65fca13000 rw-p 0013c000 08:13 2906397                    /usr/lib/libX11.so.6.3.0
7f65fca13000-7f65fca14000 rw-p 00000000 00:00 0 
7f65fca14000-7f65fca25000 r-xp 00000000 08:13 2906773                    /usr/lib/libXext.so.6.4.0
7f65fca25000-7f65fcc24000 ---p 00011000 08:13 2906773                    /usr/lib/libXext.so.6.4.0
7f65fcc24000-7f65fcc25000 r--p 00010000 08:13 2906773                    /usr/lib/libXext.so.6.4.0
7f65fcc25000-7f65fcc26000 rw-p 00011000 08:13 2906773                    /usr/lib/libXext.so.6.4.0
7f65fcc2d000-7f65fcc2e000 rw-p 00000000 00:00 0 
7f65fcc2e000-7f65fcc39000 r--s 00116000 08:13 3188431                    /usr/lib/jvm/java-8-openjdk/jre/lib/ext/localedata.jar
7f65fcc39000-7f65fcc3a000 r--s 00000000 08:13 393393                     /var/cache/fontconfig/6ba42ae0000f58711b5caaf10d690066-le64.cache-4
7f65fcc3a000-7f65fcc4c000 r--s 00000000 08:13 393402                     /var/cache/fontconfig/d62e99ef547d1d24cdb1bd22ec1a2976-le64.cache-4
7f65fcc4c000-7f65fcc4d000 r--s 00000000 08:13 393898                     /var/cache/fontconfig/f349e9996a5320f6dd491cedd2b1f964-le64.cache-4
7f65fcc4d000-7f65fcc50000 r--s 00015000 08:13 3039235                    /usr/lib/jvm/java-8-openjdk/jre/lib/jce.jar
7f65fcc50000-7f65fcc54000 r--s 00094000 08:13 3039239                    /usr/lib/jvm/java-8-openjdk/jre/lib/jsse.jar
7f65fcc54000-7f65fcca8000 r-xp 00000000 08:13 3188479                    /usr/lib/jvm/java-8-openjdk/jre/lib/amd64/libawt_xawt.so
7f65fcca8000-7f65fcea7000 ---p 00054000 08:13 3188479                    /usr/lib/jvm/java-8-openjdk/jre/lib/amd64/libawt_xawt.so
7f65fcea7000-7f65fceaa000 rw-p 00053000 08:13 3188479                    /usr/lib/jvm/java-8-openjdk/jre/lib/amd64/libawt_xawt.so
7f65fceaa000-7f65fceac000 rw-p 00000000 00:00 0 
7f65fceac000-7f65fcf4c000 r-xp 00000000 08:13 3188474                    /usr/lib/jvm/java-8-openjdk/jre/lib/amd64/libawt.so
7f65fcf4c000-7f65fd14c000 ---p 000a0000 08:13 3188474                    /usr/lib/jvm/java-8-openjdk/jre/lib/amd64/libawt.so
7f65fd14c000-7f65fd158000 rw-p 000a0000 08:13 3188474                    /usr/lib/jvm/java-8-openjdk/jre/lib/amd64/libawt.so
7f65fd158000-7f65fd1ad000 rw-p 00000000 00:00 0 
7f65fd1ad000-7f65fd1c3000 r-xp 00000000 08:13 3188464                    /usr/lib/jvm/java-8-openjdk/jre/lib/amd64/libnet.so
7f65fd1c3000-7f65fd3c3000 ---p 00016000 08:13 3188464                    /usr/lib/jvm/java-8-openjdk/jre/lib/amd64/libnet.so
7f65fd3c3000-7f65fd3c4000 rw-p 00016000 08:13 3188464                    /usr/lib/jvm/java-8-openjdk/jre/lib/amd64/libnet.so
7f65fd3c4000-7f65fd3c7000 ---p 00000000 00:00 0 
7f65fd3c7000-7f65fd4c5000 rw-p 00000000 00:00 0                          [stack:24882]
7f65fd4c5000-7f65fd4c6000 r-xp 00000000 08:13 3562549                    /usr/share/intellij-idea-ultimate-edition/bin/libbreakgen64.so
7f65fd4c6000-7f65fd6c5000 ---p 00001000 08:13 3562549                    /usr/share/intellij-idea-ultimate-edition/bin/libbreakgen64.so
7f65fd6c5000-7f65fd6c6000 r--p 00000000 08:13 3562549                    /usr/share/intellij-idea-ultimate-edition/bin/libbreakgen64.so
7f65fd6c6000-7f65fd6c7000 rw-p 00001000 08:13 3562549                    /usr/share/intellij-idea-ultimate-edition/bin/libbreakgen64.so
7f65fd6c7000-7f65fd6c9000 r--s 00016000 08:13 3299778                    /usr/share/intellij-idea-ultimate-edition/lib/idea_rt.jar
7f65fd6c9000-7f65fd6d5000 r--s 000a4000 08:14 10490126                   /home/pold/.m2/repository/com/seaglasslookandfeel/seaglasslookandfeel/0.2/seaglasslookandfeel-0.2.jar
7f65fd6d5000-7f65fd6e6000 r--s 000f6000 08:14 10751423                   /home/pold/.m2/repository/com/fasterxml/jackson/core/jackson-databind/2.4.4/jackson-databind-2.4.4.jar
7f65fd6e6000-7f65fd6e7000 ---p 00000000 00:00 0 
7f65fd6e7000-7f65fd7e7000 rw-p 00000000 00:00 0                          [stack:24877]
7f65fd7e7000-7f65fd7ea000 ---p 00000000 00:00 0 
7f65fd7ea000-7f65fd8e8000 rw-p 00000000 00:00 0                          [stack:24876]
7f65fd8e8000-7f65fd8eb000 ---p 00000000 00:00 0 
7f65fd8eb000-7f65fd9e9000 rw-p 00000000 00:00 0                          [stack:24875]
7f65fd9e9000-7f65fd9ec000 ---p 00000000 00:00 0 
7f65fd9ec000-7f65fdaea000 rw-p 00000000 00:00 0                          [stack:24873]
7f65fdaea000-7f65fdaed000 ---p 00000000 00:00 0 
7f65fdaed000-7f65fdbeb000 rw-p 00000000 00:00 0                          [stack:24872]
7f65fdbeb000-7f65fdbee000 ---p 00000000 00:00 0 
7f65fdbee000-7f65fdcec000 rw-p 00000000 00:00 0                          [stack:24871]
7f65fdcec000-7f65fdeef000 r--p 00000000 08:13 2922356                    /usr/lib/locale/locale-archive
7f65fdeef000-7f65fdef2000 ---p 00000000 00:00 0 
7f65fdef2000-7f65fdff0000 rw-p 00000000 00:00 0                          [stack:24865]
7f65fdff0000-7f65fdff3000 ---p 00000000 00:00 0 
7f65fdff3000-7f65fe0f1000 rw-p 00000000 00:00 0                          [stack:24864]
7f65fe0f1000-7f65fe0f2000 ---p 00000000 00:00 0 
7f65fe0f2000-7f6600000000 rw-p 00000000 00:00 0                          [stack:24860]
7f6600000000-7f6600021000 rw-p 00000000 00:00 0 
7f6600021000-7f6604000000 ---p 00000000 00:00 0 
7f6604000000-7f6604003000 r--s 00012000 08:14 10751537                   /home/pold/.m2/repository/org/glassfish/javax.json/1.0.4/javax.json-1.0.4.jar
7f6604003000-7f6604006000 r--s 00007000 08:14 11144186                   /home/pold/.m2/repository/com/fasterxml/jackson/core/jackson-annotations/2.4.4/jackson-annotations-2.4.4.jar
7f6604006000-7f660400a000 r--s 00034000 08:14 10882043                   /home/pold/.m2/repository/com/fasterxml/jackson/core/jackson-core/2.4.4/jackson-core-2.4.4.jar
7f660400a000-7f6604010000 r--s 00033000 08:14 11537519                   /home/pold/.m2/repository/commons-codec/commons-codec/1.6/commons-codec-1.6.jar
7f6604010000-7f6604017000 r--s 0003f000 08:14 11275927                   /home/pold/.m2/repository/org/apache/httpcomponents/httpcore/4.3.3/httpcore-4.3.3.jar
7f6604017000-7f6604023000 r--s 00085000 08:14 11013003                   /home/pold/.m2/repository/org/apache/httpcomponents/httpclient/4.3.6/httpclient-4.3.6.jar
7f6604023000-7f6604041000 r--s 00180000 08:14 10489951                   /home/pold/.m2/repository/org/apache/commons/commons-math3/3.2/commons-math3-3.2.jar
7f6604041000-7f6604053000 r--s 00128000 08:14 11933152                   /home/pold/.m2/repository/edu/cmu/sphinx/sphinx4-core/1.0-SNAPSHOT/sphinx4-core-1.0-20150118.235205-3.jar
7f6604053000-7f66041b7000 rw-p 00000000 00:00 0 
7f66041b7000-7f6604385000 r--s 03bb7000 08:13 3039241                    /usr/lib/jvm/java-8-openjdk/jre/lib/rt.jar
7f6604385000-7f66043fb000 rw-p 00000000 00:00 0 
7f66043fb000-7f66043fc000 ---p 00000000 00:00 0 
7f66043fc000-7f66044fc000 rw-p 00000000 00:00 0                          [stack:24858]
7f66044fc000-7f66044fd000 ---p 00000000 00:00 0 
7f66044fd000-7f66045fd000 rw-p 00000000 00:00 0                          [stack:24857]
7f66045fd000-7f66045fe000 ---p 00000000 00:00 0 
7f66045fe000-7f66046fe000 rw-p 00000000 00:00 0                          [stack:24856]
7f66046fe000-7f66046ff000 ---p 00000000 00:00 0 
7f66046ff000-7f6604aaa000 rw-p 00000000 00:00 0                          [stack:24854]
7f6604aaa000-7f6604d54000 ---p 00000000 00:00 0 
7f6604d54000-7f6604eaa000 rw-p 00000000 00:00 0 
7f6604eaa000-7f6604fff000 ---p 00000000 00:00 0 
7f6604fff000-7f6605000000 rw-p 00000000 00:00 0 
7f6605000000-7f6605730000 rwxp 00000000 00:00 0 
7f6605730000-7f6614000000 ---p 00000000 00:00 0 
7f6614000000-7f6614250000 rw-p 00000000 00:00 0 
7f6614250000-7f6618000000 ---p 00000000 00:00 0 
7f6618000000-7f6618002000 r--s 00011000 08:14 1838136                    /home/pold/Documents/Radboud/Java/photo-album/lib/LeapJava.jar
7f6618002000-7f6618004000 r--s 00008000 08:14 1837465                    /home/pold/.m2/repository/org/apache/httpcomponents/httpmime/4.3.6/httpmime-4.3.6.jar
7f6618004000-7f6618006000 r--s 0000e000 08:14 11930171                   /home/pold/.m2/repository/commons-logging/commons-logging/1.1.3/commons-logging-1.1.3.jar
7f6618006000-7f6618008000 r--s 020ff000 08:14 11933153                   /home/pold/.m2/repository/edu/cmu/sphinx/sphinx4-data/1.0-SNAPSHOT/sphinx4-data-1.0-20150118.235104-3.jar
7f6618008000-7f661800c000 r--s 00094000 08:13 3039239                    /usr/lib/jvm/java-8-openjdk/jre/lib/jsse.jar
7f661800c000-7f661801f000 r--s 00345000 08:13 3039240                    /usr/lib/jvm/java-8-openjdk/jre/lib/resources.jar
7f661801f000-7f6618346000 rw-p 00000000 00:00 0 
7f6618346000-7f66185f1000 ---p 00000000 00:00 0 
7f66185f1000-7f661860e000 rw-p 00000000 00:00 0 
7f661860e000-7f66189b1000 ---p 00000000 00:00 0 
7f66189b1000-7f66189b9000 r-xp 00000000 08:13 3188461                    /usr/lib/jvm/java-8-openjdk/jre/lib/amd64/libzip.so
7f66189b9000-7f6618bb8000 ---p 00008000 08:13 3188461                    /usr/lib/jvm/java-8-openjdk/jre/lib/amd64/libzip.so
7f6618bb8000-7f6618bb9000 rw-p 00007000 08:13 3188461                    /usr/lib/jvm/java-8-openjdk/jre/lib/amd64/libzip.so
7f6618bb9000-7f6618bc4000 r-xp 00000000 08:13 2886748                    /usr/lib/libnss_files-2.20.so
7f6618bc4000-7f6618dc4000 ---p 0000b000 08:13 2886748                    /usr/lib/libnss_files-2.20.so
7f6618dc4000-7f6618dc5000 r--p 0000b000 08:13 2886748                    /usr/lib/libnss_files-2.20.so
7f6618dc5000-7f6618dc6000 rw-p 0000c000 08:13 2886748                    /usr/lib/libnss_files-2.20.so
7f6618dc6000-7f6618df3000 r-xp 00000000 08:13 3188460                    /usr/lib/jvm/java-8-openjdk/jre/lib/amd64/libjava.so
7f6618df3000-7f6618ff3000 ---p 0002d000 08:13 3188460                    /usr/lib/jvm/java-8-openjdk/jre/lib/amd64/libjava.so
7f6618ff3000-7f6618ff5000 rw-p 0002d000 08:13 3188460                    /usr/lib/jvm/java-8-openjdk/jre/lib/amd64/libjava.so
7f6618ff5000-7f6619002000 r-xp 00000000 08:13 3188453                    /usr/lib/jvm/java-8-openjdk/jre/lib/amd64/libverify.so
7f6619002000-7f6619201000 ---p 0000d000 08:13 3188453                    /usr/lib/jvm/java-8-openjdk/jre/lib/amd64/libverify.so
7f6619201000-7f6619203000 rw-p 0000c000 08:13 3188453                    /usr/lib/jvm/java-8-openjdk/jre/lib/amd64/libverify.so
7f6619203000-7f661920a000 r-xp 00000000 08:13 2886828                    /usr/lib/librt-2.20.so
7f661920a000-7f6619409000 ---p 00007000 08:13 2886828                    /usr/lib/librt-2.20.so
7f6619409000-7f661940a000 r--p 00006000 08:13 2886828                    /usr/lib/librt-2.20.so
7f661940a000-7f661940b000 rw-p 00007000 08:13 2886828                    /usr/lib/librt-2.20.so
7f661940b000-7f661950e000 r-xp 00000000 08:13 2886800                    /usr/lib/libm-2.20.so
7f661950e000-7f661970e000 ---p 00103000 08:13 2886800                    /usr/lib/libm-2.20.so
7f661970e000-7f661970f000 r--p 00103000 08:13 2886800                    /usr/lib/libm-2.20.so
7f661970f000-7f6619710000 rw-p 00104000 08:13 2886800                    /usr/lib/libm-2.20.so
7f6619710000-7f661a371000 r-xp 00000000 08:13 3278451                    /usr/lib/jvm/java-8-openjdk/jre/lib/amd64/server/libjvm.so
7f661a371000-7f661a571000 ---p 00c61000 08:13 3278451                    /usr/lib/jvm/java-8-openjdk/jre/lib/amd64/server/libjvm.so
7f661a571000-7f661a63d000 rw-p 00c61000 08:13 3278451                    /usr/lib/jvm/java-8-openjdk/jre/lib/amd64/server/libjvm.so
7f661a63d000-7f661a67c000 rw-p 00000000 00:00 0 
7f661a67c000-7f661a815000 r-xp 00000000 08:13 2886801                    /usr/lib/libc-2.20.so
7f661a815000-7f661aa15000 ---p 00199000 08:13 2886801                    /usr/lib/libc-2.20.so
7f661aa15000-7f661aa19000 r--p 00199000 08:13 2886801                    /usr/lib/libc-2.20.so
7f661aa19000-7f661aa1b000 rw-p 0019d000 08:13 2886801                    /usr/lib/libc-2.20.so
7f661aa1b000-7f661aa1f000 rw-p 00000000 00:00 0 
7f661aa1f000-7f661aa22000 r-xp 00000000 08:13 2886744                    /usr/lib/libdl-2.20.so
7f661aa22000-7f661ac21000 ---p 00003000 08:13 2886744                    /usr/lib/libdl-2.20.so
7f661ac21000-7f661ac22000 r--p 00002000 08:13 2886744                    /usr/lib/libdl-2.20.so
7f661ac22000-7f661ac23000 rw-p 00003000 08:13 2886744                    /usr/lib/libdl-2.20.so
7f661ac23000-7f661ac30000 r-xp 00000000 08:13 3556665                    /usr/lib/jvm/java-8-openjdk/jre/lib/amd64/jli/libjli.so
7f661ac30000-7f661ae2f000 ---p 0000d000 08:13 3556665                    /usr/lib/jvm/java-8-openjdk/jre/lib/amd64/jli/libjli.so
7f661ae2f000-7f661ae30000 rw-p 0000c000 08:13 3556665                    /usr/lib/jvm/java-8-openjdk/jre/lib/amd64/jli/libjli.so
7f661ae30000-7f661ae45000 r-xp 00000000 08:13 2889850                    /usr/lib/libz.so.1.2.8
7f661ae45000-7f661b044000 ---p 00015000 08:13 2889850                    /usr/lib/libz.so.1.2.8
7f661b044000-7f661b045000 r--p 00014000 08:13 2889850                    /usr/lib/libz.so.1.2.8
7f661b045000-7f661b046000 rw-p 00015000 08:13 2889850                    /usr/lib/libz.so.1.2.8
7f661b046000-7f661b05d000 r-xp 00000000 08:13 2886758                    /usr/lib/libpthread-2.20.so
7f661b05d000-7f661b25c000 ---p 00017000 08:13 2886758                    /usr/lib/libpthread-2.20.so
7f661b25c000-7f661b25d000 r--p 00016000 08:13 2886758                    /usr/lib/libpthread-2.20.so
7f661b25d000-7f661b25e000 rw-p 00017000 08:13 2886758                    /usr/lib/libpthread-2.20.so
7f661b25e000-7f661b262000 rw-p 00000000 00:00 0 
7f661b262000-7f661b284000 r-xp 00000000 08:13 2886752                    /usr/lib/ld-2.20.so
7f661b284000-7f661b285000 r--s 00000000 08:13 3039236                    /usr/lib/jvm/java-8-openjdk/jre/lib/management-agent.jar
7f661b285000-7f661b28a000 r--s 002f8000 08:13 3039238                    /usr/lib/jvm/java-8-openjdk/jre/lib/charsets.jar
7f661b28a000-7f661b34f000 rw-p 00000000 00:00 0 
7f661b34f000-7f661b352000 ---p 00000000 00:00 0 
7f661b352000-7f661b454000 rw-p 00000000 00:00 0                          [stack:24853]
7f661b454000-7f661b457000 r--s 00015000 08:13 3039235                    /usr/lib/jvm/java-8-openjdk/jre/lib/jce.jar
7f661b457000-7f661b478000 rw-p 00000000 00:00 0 
7f661b478000-7f661b480000 rw-s 00000000 00:1f 284181                     /tmp/hsperfdata_pold/24851
7f661b480000-7f661b481000 rw-p 00000000 00:00 0 
7f661b481000-7f661b482000 r--p 00000000 00:00 0 
7f661b482000-7f661b483000 rw-p 00000000 00:00 0 
7f661b483000-7f661b484000 r--p 00021000 08:13 2886752                    /usr/lib/ld-2.20.so
7f661b484000-7f661b485000 rw-p 00022000 08:13 2886752                    /usr/lib/ld-2.20.so
7f661b485000-7f661b486000 rw-p 00000000 00:00 0 
7fffaba79000-7fffaba9b000 rw-p 00000000 00:00 0                          [stack]
7fffabb1e000-7fffabb20000 r--p 00000000 00:00 0                          [vvar]
7fffabb20000-7fffabb22000 r-xp 00000000 00:00 0                          [vdso]
ffffffffff600000-ffffffffff601000 r-xp 00000000 00:00 0                  [vsyscall]

VM Arguments:
jvm_args: -Djava.library.path=file:///home/pold/Documents/Radboud/Java/photo-album/lib/native/nux/x64/ -Xms2048m -Xmx4096m -Didea.launcher.port=7534 -Didea.launcher.bin.path=/usr/share/intellij-idea-ultimate-edition/bin -Dfile.encoding=UTF-8 
java_command: com.intellij.rt.execution.application.AppMain main.java.userInterface.App
java_class_path (initial): /usr/lib/jvm/default/jre/lib/rt.jar:/usr/lib/jvm/default/jre/lib/jce.jar:/usr/lib/jvm/default/jre/lib/charsets.jar:/usr/lib/jvm/default/jre/lib/resources.jar:/usr/lib/jvm/default/jre/lib/management-agent.jar:/usr/lib/jvm/default/jre/lib/jsse.jar:/usr/lib/jvm/default/jre/lib/ext/sunec.jar:/usr/lib/jvm/default/jre/lib/ext/dnsns.jar:/usr/lib/jvm/default/jre/lib/ext/nashorn.jar:/usr/lib/jvm/default/jre/lib/ext/sunjce_provider.jar:/usr/lib/jvm/default/jre/lib/ext/sunpkcs11.jar:/usr/lib/jvm/default/jre/lib/ext/zipfs.jar:/usr/lib/jvm/default/jre/lib/ext/localedata.jar:/usr/lib/jvm/default/jre/lib/ext/cldrdata.jar:/home/pold/Documents/Radboud/Java/photo-album/target/classes:/home/pold/.m2/repository/edu/cmu/sphinx/sphinx4-core/1.0-SNAPSHOT/sphinx4-core-1.0-20150118.235205-3.jar:/home/pold/.m2/repository/org/apache/commons/commons-math3/3.2/commons-math3-3.2.jar:/home/pold/.m2/repository/edu/cmu/sphinx/sphinx4-data/1.0-SNAPSHOT/sphinx4-data-1.0-20150118.235104-3.jar:/home/pold/.m2/repository/org/apache/httpcomponents/httpclient/4.3.6/httpclient-4.3.6.jar:/home/pold/.m2/repository/org/apache/httpcomponents/httpcore/4.3.3/httpcore-4.3.3.jar:/home/pold/.m2/repository/commons-logging/commons-logging/1.1.3/commons-logging-1.1.3.jar:/home/pold/.m2/repository/commons-codec/commons-codec/1.6/commons-codec-1.6.jar:/home/pold/.m2/repository/org/apache/httpcomponents/httpmime/4.3.6/httpmime-4.3.6.jar:/home/pold/.m2/repository/com/fasterxml/jackson/core/jackson-core/2.4.4/jackson-core-2.4.4.jar:/home/pold/.m2/repository/com/fasterxml/jackson/core/jackson-databind/2.4.4/jackson-databind-2.4.4.jar:/home/pold/.m2/repository/com/fasterxml/jackson/core/jackson-annotations/2.4.4/jackson-annotations-2.4.4.jar:/home/pold/.m2/repository/com/seaglasslookandfeel/seaglasslookandfeel/0.2/seaglasslookandfeel-0.2.jar:/home/pold/Documents/Radboud/Java/photo-album/lib/LeapJava.jar:/home/pold/.m2/repository/org/glassfish/javax.json/1.0.4/javax.json-1.0.4.jar:/usr/share/intell
Launcher Type: SUN_STANDARD

Environment Variables:
CLASSPATH=./../lib/bootstrap.jar:./../lib/extensions.jar:./../lib/util.jar:./../lib/jdom.jar:./../lib/log4j.jar:./../lib/trove4j.jar:./../lib/jna.jar:/usr/lib/jvm/default//lib/tools.jar
PATH=/usr/local/sbin:/usr/local/bin:/usr/bin:/usr/lib/jvm/default/bin:/usr/bin/site_perl:/usr/bin/vendor_perl:/usr/bin/core_perl:/home/pold/bin:/usr/local/MATLAB/R2014a/bin:/home/pold/.cabal/bin:/home/pold/.config/sublime-text-2/Packages/myPDDL/
LD_LIBRARY_PATH=.:
SHELL=/usr/bin/zsh
DISPLAY=:0

Signal Handlers:
SIGSEGV: [libjvm.so+0xa5cbe0], sa_mask[0]=11111111011111111101111111111110, sa_flags=SA_RESTART|SA_SIGINFO
SIGBUS: [libjvm.so+0xa5cbe0], sa_mask[0]=11111111011111111101111111111110, sa_flags=SA_RESTART|SA_SIGINFO
SIGFPE: [libjvm.so+0x8b11b0], sa_mask[0]=11111111011111111101111111111110, sa_flags=SA_RESTART|SA_SIGINFO
SIGPIPE: [libjvm.so+0x8b11b0], sa_mask[0]=11111111011111111101111111111110, sa_flags=SA_RESTART|SA_SIGINFO
SIGXFSZ: [libjvm.so+0x8b11b0], sa_mask[0]=11111111011111111101111111111110, sa_flags=SA_RESTART|SA_SIGINFO
SIGILL: [libjvm.so+0x8b11b0], sa_mask[0]=11111111011111111101111111111110, sa_flags=SA_RESTART|SA_SIGINFO
SIGUSR1: SIG_DFL, sa_mask[0]=00000000000000000000000000000000, sa_flags=none
SIGUSR2: [libjvm.so+0x8b1060], sa_mask[0]=00100000000000000000000000000000, sa_flags=SA_RESTART|SA_SIGINFO
SIGHUP: [libjvm.so+0x8b1280], sa_mask[0]=11111111011111111101111111111110, sa_flags=SA_RESTART|SA_SIGINFO
SIGINT: [libjvm.so+0x8b1280], sa_mask[0]=11111111011111111101111111111110, sa_flags=SA_RESTART|SA_SIGINFO
SIGTERM: [libjvm.so+0x8b1280], sa_mask[0]=11111111011111111101111111111110, sa_flags=SA_RESTART|SA_SIGINFO
SIGQUIT: [libjvm.so+0x8b1280], sa_mask[0]=11111111011111111101111111111110, sa_flags=SA_RESTART|SA_SIGINFO


---------------  S Y S T E M  ---------------

OS:LSB_VERSION=1.4
DISTRIB_ID=Arch
DISTRIB_RELEASE=rolling
DISTRIB_DESCRIPTION="Arch Linux"

uname:Linux 3.18.2-2-ARCH #1 SMP PREEMPT Fri Jan 9 07:37:51 CET 2015 x86_64
libc:glibc 2.20 NPTL 2.20 
rlimit: STACK 8192k, CORE infinity, NPROC 31619, NOFILE 4096, AS infinity
load average:5.60 5.40 4.79

/proc/meminfo:
MemTotal:        8100172 kB
MemFree:          889836 kB
MemAvailable:    2280828 kB
Buffers:          105076 kB
Cached:          1515328 kB
SwapCached:            0 kB
Active:          6085816 kB
Inactive:         878072 kB
Active(anon):    5348552 kB
Inactive(anon):    85704 kB
Active(file):     737264 kB
Inactive(file):   792368 kB
Unevictable:           8 kB
Mlocked:               8 kB
SwapTotal:             0 kB
SwapFree:              0 kB
Dirty:             26048 kB
Writeback:             0 kB
AnonPages:       5343480 kB
Mapped:           383032 kB
Shmem:             90784 kB
Slab:              87416 kB
SReclaimable:      60608 kB
SUnreclaim:        26808 kB
KernelStack:        9264 kB
PageTables:        38992 kB
NFS_Unstable:          0 kB
Bounce:                0 kB
WritebackTmp:          0 kB
CommitLimit:     4050084 kB
Committed_AS:   12659808 kB
VmallocTotal:   34359738367 kB
VmallocUsed:      143236 kB
VmallocChunk:   34359553824 kB
HardwareCorrupted:     0 kB
AnonHugePages:   3645440 kB
HugePages_Total:       0
HugePages_Free:        0
HugePages_Rsvd:        0
HugePages_Surp:        0
Hugepagesize:       2048 kB
DirectMap4k:      126172 kB
DirectMap2M:     7133184 kB
DirectMap1G:     1048576 kB


CPU:total 4 (4 cores per cpu, 1 threads per core) family 6 model 60 stepping 3, cmov, cx8, fxsr, mmx, sse, sse2, sse3, ssse3, sse4.1, sse4.2, popcnt, avx, avx2, aes, clmul, erms, rtm, lzcnt, tsc, tscinvbit, bmi1, bmi2

/proc/cpuinfo:
processor	: 0
vendor_id	: GenuineIntel
cpu family	: 6
model		: 60
model name	: Intel(R) Core(TM) i5-4570 CPU @ 3.20GHz
stepping	: 3
microcode	: 0x16
cpu MHz		: 3401.875
cache size	: 6144 KB
physical id	: 0
siblings	: 4
core id		: 0
cpu cores	: 4
apicid		: 0
initial apicid	: 0
fpu		: yes
fpu_exception	: yes
cpuid level	: 13
wp		: yes
flags		: fpu vme de pse tsc msr pae mce cx8 apic sep mtrr pge mca cmov pat pse36 clflush dts acpi mmx fxsr sse sse2 ss ht tm pbe syscall nx pdpe1gb rdtscp lm constant_tsc arch_perfmon pebs bts rep_good nopl xtopology nonstop_tsc aperfmperf eagerfpu pni pclmulqdq dtes64 monitor ds_cpl vmx smx est tm2 ssse3 fma cx16 xtpr pdcm pcid sse4_1 sse4_2 x2apic movbe popcnt tsc_deadline_timer aes xsave avx f16c rdrand lahf_lm abm ida arat epb pln pts dtherm tpr_shadow vnmi flexpriority ept vpid fsgsbase tsc_adjust bmi1 hle avx2 smep bmi2 erms invpcid rtm xsaveopt
bugs		:
bogomips	: 6387.22
clflush size	: 64
cache_alignment	: 64
address sizes	: 39 bits physical, 48 bits virtual
power management:

processor	: 1
vendor_id	: GenuineIntel
cpu family	: 6
model		: 60
model name	: Intel(R) Core(TM) i5-4570 CPU @ 3.20GHz
stepping	: 3
microcode	: 0x16
cpu MHz		: 3399.875
cache size	: 6144 KB
physical id	: 0
siblings	: 4
core id		: 1
cpu cores	: 4
apicid		: 2
initial apicid	: 2
fpu		: yes
fpu_exception	: yes
cpuid level	: 13
wp		: yes
flags		: fpu vme de pse tsc msr pae mce cx8 apic sep mtrr pge mca cmov pat pse36 clflush dts acpi mmx fxsr sse sse2 ss ht tm pbe syscall nx pdpe1gb rdtscp lm constant_tsc arch_perfmon pebs bts rep_good nopl xtopology nonstop_tsc aperfmperf eagerfpu pni pclmulqdq dtes64 monitor ds_cpl vmx smx est tm2 ssse3 fma cx16 xtpr pdcm pcid sse4_1 sse4_2 x2apic movbe popcnt tsc_deadline_timer aes xsave avx f16c rdrand lahf_lm abm ida arat epb pln pts dtherm tpr_shadow vnmi flexpriority ept vpid fsgsbase tsc_adjust bmi1 hle avx2 smep bmi2 erms invpcid rtm xsaveopt
bugs		:
bogomips	: 6387.22
clflush size	: 64
cache_alignment	: 64
address sizes	: 39 bits physical, 48 bits virtual
power management:

processor	: 2
vendor_id	: GenuineIntel
cpu family	: 6
model		: 60
model name	: Intel(R) Core(TM) i5-4570 CPU @ 3.20GHz
stepping	: 3
microcode	: 0x16
cpu MHz		: 3401.875
cache size	: 6144 KB
physical id	: 0
siblings	: 4
core id		: 2
cpu cores	: 4
apicid		: 4
initial apicid	: 4
fpu		: yes
fpu_exception	: yes
cpuid level	: 13
wp		: yes
flags		: fpu vme de pse tsc msr pae mce cx8 apic sep mtrr pge mca cmov pat pse36 clflush dts acpi mmx fxsr sse sse2 ss ht tm pbe syscall nx pdpe1gb rdtscp lm constant_tsc arch_perfmon pebs bts rep_good nopl xtopology nonstop_tsc aperfmperf eagerfpu pni pclmulqdq dtes64 monitor ds_cpl vmx smx est tm2 ssse3 fma cx16 xtpr pdcm pcid sse4_1 sse4_2 x2apic movbe popcnt tsc_deadline_timer aes xsave avx f16c rdrand lahf_lm abm ida arat epb pln pts dtherm tpr_shadow vnmi flexpriority ept vpid fsgsbase tsc_adjust bmi1 hle avx2 smep bmi2 erms invpcid rtm xsaveopt
bugs		:
bogomips	: 6387.22
clflush size	: 64
cache_alignment	: 64
address sizes	: 39 bits physical, 48 bits virtual
power management:

processor	: 3
vendor_id	: GenuineIntel
cpu family	: 6
model		: 60
model name	: Intel(R) Core(TM) i5-4570 CPU @ 3.20GHz
stepping	: 3
microcode	: 0x16
cpu MHz		: 3401.875
cache size	: 6144 KB
physical id	: 0
siblings	: 4
core id		: 3
cpu cores	: 4
apicid		: 6
initial apicid	: 6
fpu		: yes
fpu_exception	: yes
cpuid level	: 13
wp		: yes
flags		: fpu vme de pse tsc msr pae mce cx8 apic sep mtrr pge mca cmov pat pse36 clflush dts acpi mmx fxsr sse sse2 ss ht tm pbe syscall nx pdpe1gb rdtscp lm constant_tsc arch_perfmon pebs bts rep_good nopl xtopology nonstop_tsc aperfmperf eagerfpu pni pclmulqdq dtes64 monitor ds_cpl vmx smx est tm2 ssse3 fma cx16 xtpr pdcm pcid sse4_1 sse4_2 x2apic movbe popcnt tsc_deadline_timer aes xsave avx f16c rdrand lahf_lm abm ida arat epb pln pts dtherm tpr_shadow vnmi flexpriority ept vpid fsgsbase tsc_adjust bmi1 hle avx2 smep bmi2 erms invpcid rtm xsaveopt
bugs		:
bogomips	: 6387.22
clflush size	: 64
cache_alignment	: 64
address sizes	: 39 bits physical, 48 bits virtual
power management:



Memory: 4k page, physical 8100172k(889836k free), swap 0k(0k free)

vm_info: OpenJDK 64-Bit Server VM (25.31-b07) for linux-amd64 JRE (1.8.0_31-b13), built on Jan 22 2015 21:30:59 by "builduser" with gcc 4.9.2 20141224 (prerelease)

time: Tue Feb  3 16:04:07 2015
elapsed time: 151 seconds (0d 0h 2m 31s)

