#
# There is insufficient memory for the Java Runtime Environment to continue.
# Native memory allocation (mmap) failed to map 715653120 bytes for committing reserved memory.
# Possible reasons:
#   The system is out of physical RAM or swap space
#   In 32 bit mode, the process size limit was hit
# Possible solutions:
#   Reduce memory load on the system
#   Increase physical memory or swap space
#   Check if swap backing store is full
#   Use 64 bit Java on a 64 bit OS
#   Decrease Java heap size (-Xmx/-Xms)
#   Decrease number of Java threads
#   Decrease Java thread stack sizes (-Xss)
#   Set larger code cache with -XX:ReservedCodeCacheSize=
# This output file may be truncated or incomplete.
#
#  Out of Memory Error (os_linux.cpp:2671), pid=12962, tid=139735572330240
#
# JRE version:  (8.0_31-b13) (build )
# Java VM: OpenJDK 64-Bit Server VM (25.31-b07 mixed mode linux-amd64 compressed oops)
# Core dump written. Default location: /home/pold/Documents/Radboud/Java/photo-album/core or core.12962
#

---------------  T H R E A D  ---------------

Current thread (0x00007f16b0009800):  JavaThread "Unknown thread" [_thread_in_vm, id=12964, stack(0x00007f16b916b000,0x00007f16b926c000)]

Stack: [0x00007f16b916b000,0x00007f16b926c000],  sp=0x00007f16b926a6c0,  free space=1021k
Native frames: (J=compiled Java code, j=interpreted, Vv=VM code, C=native code)
V  [libjvm.so+0xa5c127]
V  [libjvm.so+0x4daaac]
V  [libjvm.so+0x8b54d0]
V  [libjvm.so+0x8b051e]
V  [libjvm.so+0x926b0b]
V  [libjvm.so+0x92822d]
V  [libjvm.so+0x2c6acb]
V  [libjvm.so+0x8d927a]
V  [libjvm.so+0xa2298b]
V  [libjvm.so+0xa22c6d]
V  [libjvm.so+0x6150ef]
V  [libjvm.so+0xa03b5f]
V  [libjvm.so+0x68a26e]  JNI_CreateJavaVM+0x5e
C  [libjli.so+0x2d2f]
C  [libpthread.so.0+0x7314]  start_thread+0xc4


---------------  P R O C E S S  ---------------

Java Threads: ( => current thread )

Other Threads:

=>0x00007f16b0009800 (exited) JavaThread "Unknown thread" [_thread_in_vm, id=12964, stack(0x00007f16b916b000,0x00007f16b926c000)]

VM state:not at safepoint (not fully initialized)

VM Mutex/Monitor currently owned by a thread: None

GC Heap History (0 events):
No events

Deoptimization events (0 events):
No events

Internal exceptions (0 events):
No events

Events (0 events):
No events


Dynamic libraries:
00400000-00401000 r-xp 00000000 08:13 3039260                            /usr/lib/jvm/java-8-openjdk/jre/bin/java
00600000-00601000 rw-p 00000000 08:13 3039260                            /usr/lib/jvm/java-8-openjdk/jre/bin/java
02325000-02346000 rw-p 00000000 00:00 0                                  [heap]
6c0000000-76ab00000 ---p 00000000 00:00 0 
795580000-7c0000000 ---p 00000000 00:00 0 
7f16a1000000-7f16a1270000 rwxp 00000000 00:00 0 
7f16a1270000-7f16b0000000 ---p 00000000 00:00 0 
7f16b0000000-7f16b002f000 rw-p 00000000 00:00 0 
7f16b002f000-7f16b4000000 ---p 00000000 00:00 0 
7f16b5c0c000-7f16b640c000 ---p 00000000 00:00 0 
7f16b640c000-7f16b6417000 rw-p 00000000 00:00 0 
7f16b6417000-7f16b67cd000 ---p 00000000 00:00 0 
7f16b67cd000-7f16b67d5000 r-xp 00000000 08:13 3188461                    /usr/lib/jvm/java-8-openjdk/jre/lib/amd64/libzip.so
7f16b67d5000-7f16b69d4000 ---p 00008000 08:13 3188461                    /usr/lib/jvm/java-8-openjdk/jre/lib/amd64/libzip.so
7f16b69d4000-7f16b69d5000 rw-p 00007000 08:13 3188461                    /usr/lib/jvm/java-8-openjdk/jre/lib/amd64/libzip.so
7f16b69d5000-7f16b69e0000 r-xp 00000000 08:13 2886748                    /usr/lib/libnss_files-2.20.so
7f16b69e0000-7f16b6be0000 ---p 0000b000 08:13 2886748                    /usr/lib/libnss_files-2.20.so
7f16b6be0000-7f16b6be1000 r--p 0000b000 08:13 2886748                    /usr/lib/libnss_files-2.20.so
7f16b6be1000-7f16b6be2000 rw-p 0000c000 08:13 2886748                    /usr/lib/libnss_files-2.20.so
7f16b6be2000-7f16b6c0f000 r-xp 00000000 08:13 3188460                    /usr/lib/jvm/java-8-openjdk/jre/lib/amd64/libjava.so
7f16b6c0f000-7f16b6e0f000 ---p 0002d000 08:13 3188460                    /usr/lib/jvm/java-8-openjdk/jre/lib/amd64/libjava.so
7f16b6e0f000-7f16b6e11000 rw-p 0002d000 08:13 3188460                    /usr/lib/jvm/java-8-openjdk/jre/lib/amd64/libjava.so
7f16b6e11000-7f16b6e1e000 r-xp 00000000 08:13 3188453                    /usr/lib/jvm/java-8-openjdk/jre/lib/amd64/libverify.so
7f16b6e1e000-7f16b701d000 ---p 0000d000 08:13 3188453                    /usr/lib/jvm/java-8-openjdk/jre/lib/amd64/libverify.so
7f16b701d000-7f16b701f000 rw-p 0000c000 08:13 3188453                    /usr/lib/jvm/java-8-openjdk/jre/lib/amd64/libverify.so
7f16b701f000-7f16b7026000 r-xp 00000000 08:13 2886828                    /usr/lib/librt-2.20.so
7f16b7026000-7f16b7225000 ---p 00007000 08:13 2886828                    /usr/lib/librt-2.20.so
7f16b7225000-7f16b7226000 r--p 00006000 08:13 2886828                    /usr/lib/librt-2.20.so
7f16b7226000-7f16b7227000 rw-p 00007000 08:13 2886828                    /usr/lib/librt-2.20.so
7f16b7227000-7f16b732a000 r-xp 00000000 08:13 2886800                    /usr/lib/libm-2.20.so
7f16b732a000-7f16b752a000 ---p 00103000 08:13 2886800                    /usr/lib/libm-2.20.so
7f16b752a000-7f16b752b000 r--p 00103000 08:13 2886800                    /usr/lib/libm-2.20.so
7f16b752b000-7f16b752c000 rw-p 00104000 08:13 2886800                    /usr/lib/libm-2.20.so
7f16b752c000-7f16b818d000 r-xp 00000000 08:13 3278451                    /usr/lib/jvm/java-8-openjdk/jre/lib/amd64/server/libjvm.so
7f16b818d000-7f16b838d000 ---p 00c61000 08:13 3278451                    /usr/lib/jvm/java-8-openjdk/jre/lib/amd64/server/libjvm.so
7f16b838d000-7f16b8459000 rw-p 00c61000 08:13 3278451                    /usr/lib/jvm/java-8-openjdk/jre/lib/amd64/server/libjvm.so
7f16b8459000-7f16b8498000 rw-p 00000000 00:00 0 
7f16b8498000-7f16b8631000 r-xp 00000000 08:13 2886801                    /usr/lib/libc-2.20.so
7f16b8631000-7f16b8831000 ---p 00199000 08:13 2886801                    /usr/lib/libc-2.20.so
7f16b8831000-7f16b8835000 r--p 00199000 08:13 2886801                    /usr/lib/libc-2.20.so
7f16b8835000-7f16b8837000 rw-p 0019d000 08:13 2886801                    /usr/lib/libc-2.20.so
7f16b8837000-7f16b883b000 rw-p 00000000 00:00 0 
7f16b883b000-7f16b883e000 r-xp 00000000 08:13 2886744                    /usr/lib/libdl-2.20.so
7f16b883e000-7f16b8a3d000 ---p 00003000 08:13 2886744                    /usr/lib/libdl-2.20.so
7f16b8a3d000-7f16b8a3e000 r--p 00002000 08:13 2886744                    /usr/lib/libdl-2.20.so
7f16b8a3e000-7f16b8a3f000 rw-p 00003000 08:13 2886744                    /usr/lib/libdl-2.20.so
7f16b8a3f000-7f16b8a4c000 r-xp 00000000 08:13 3556665                    /usr/lib/jvm/java-8-openjdk/jre/lib/amd64/jli/libjli.so
7f16b8a4c000-7f16b8c4b000 ---p 0000d000 08:13 3556665                    /usr/lib/jvm/java-8-openjdk/jre/lib/amd64/jli/libjli.so
7f16b8c4b000-7f16b8c4c000 rw-p 0000c000 08:13 3556665                    /usr/lib/jvm/java-8-openjdk/jre/lib/amd64/jli/libjli.so
7f16b8c4c000-7f16b8c61000 r-xp 00000000 08:13 2889850                    /usr/lib/libz.so.1.2.8
7f16b8c61000-7f16b8e60000 ---p 00015000 08:13 2889850                    /usr/lib/libz.so.1.2.8
7f16b8e60000-7f16b8e61000 r--p 00014000 08:13 2889850                    /usr/lib/libz.so.1.2.8
7f16b8e61000-7f16b8e62000 rw-p 00015000 08:13 2889850                    /usr/lib/libz.so.1.2.8
7f16b8e62000-7f16b8e79000 r-xp 00000000 08:13 2886758                    /usr/lib/libpthread-2.20.so
7f16b8e79000-7f16b9078000 ---p 00017000 08:13 2886758                    /usr/lib/libpthread-2.20.so
7f16b9078000-7f16b9079000 r--p 00016000 08:13 2886758                    /usr/lib/libpthread-2.20.so
7f16b9079000-7f16b907a000 rw-p 00017000 08:13 2886758                    /usr/lib/libpthread-2.20.so
7f16b907a000-7f16b907e000 rw-p 00000000 00:00 0 
7f16b907e000-7f16b90a0000 r-xp 00000000 08:13 2886752                    /usr/lib/ld-2.20.so
7f16b916b000-7f16b916e000 ---p 00000000 00:00 0 
7f16b916e000-7f16b9270000 rw-p 00000000 00:00 0                          [stack:12964]
7f16b9291000-7f16b9294000 rw-p 00000000 00:00 0 
7f16b9294000-7f16b929c000 rw-s 00000000 00:1d 187076                     /tmp/hsperfdata_pold/12962
7f16b929c000-7f16b929d000 rw-p 00000000 00:00 0 
7f16b929d000-7f16b929e000 r--p 00000000 00:00 0 
7f16b929e000-7f16b929f000 rw-p 00000000 00:00 0 
7f16b929f000-7f16b92a0000 r--p 00021000 08:13 2886752                    /usr/lib/ld-2.20.so
7f16b92a0000-7f16b92a1000 rw-p 00022000 08:13 2886752                    /usr/lib/ld-2.20.so
7f16b92a1000-7f16b92a2000 rw-p 00000000 00:00 0 
7fff79d61000-7fff79d83000 rw-p 00000000 00:00 0                          [stack]
7fff79dfc000-7fff79dfe000 r--p 00000000 00:00 0                          [vvar]
7fff79dfe000-7fff79e00000 r-xp 00000000 00:00 0                          [vdso]
ffffffffff600000-ffffffffff601000 r-xp 00000000 00:00 0                  [vsyscall]

VM Arguments:
jvm_args: -Djava.library.path=file:///home/pold/Documents/Radboud/Java/photo-album/lib/native/nux/x64/ -Xms2048m -Xmx4096m -Didea.launcher.port=7543 -Didea.launcher.bin.path=/usr/share/intellij-idea-ultimate-edition/bin -Dfile.encoding=UTF-8 
java_command: com.intellij.rt.execution.application.AppMain main.java.userInterface.App
java_class_path (initial): /usr/lib/jvm/default/jre/lib/rt.jar:/usr/lib/jvm/default/jre/lib/jce.jar:/usr/lib/jvm/default/jre/lib/charsets.jar:/usr/lib/jvm/default/jre/lib/resources.jar:/usr/lib/jvm/default/jre/lib/management-agent.jar:/usr/lib/jvm/default/jre/lib/jsse.jar:/usr/lib/jvm/default/jre/lib/ext/sunec.jar:/usr/lib/jvm/default/jre/lib/ext/dnsns.jar:/usr/lib/jvm/default/jre/lib/ext/nashorn.jar:/usr/lib/jvm/default/jre/lib/ext/sunjce_provider.jar:/usr/lib/jvm/default/jre/lib/ext/sunpkcs11.jar:/usr/lib/jvm/default/jre/lib/ext/zipfs.jar:/usr/lib/jvm/default/jre/lib/ext/localedata.jar:/usr/lib/jvm/default/jre/lib/ext/cldrdata.jar:/home/pold/Documents/Radboud/Java/photo-album/target/classes:/home/pold/.m2/repository/edu/cmu/sphinx/sphinx4-core/1.0-SNAPSHOT/sphinx4-core-1.0-20150207.140759-4.jar:/home/pold/.m2/repository/org/apache/commons/commons-math3/3.2/commons-math3-3.2.jar:/home/pold/.m2/repository/edu/cmu/sphinx/sphinx4-data/1.0-SNAPSHOT/sphinx4-data-1.0-20150207.140723-4.jar:/home/pold/.m2/repository/org/apache/httpcomponents/httpclient/4.3.6/httpclient-4.3.6.jar:/home/pold/.m2/repository/org/apache/httpcomponents/httpcore/4.3.3/httpcore-4.3.3.jar:/home/pold/.m2/repository/commons-logging/commons-logging/1.1.3/commons-logging-1.1.3.jar:/home/pold/.m2/repository/commons-codec/commons-codec/1.6/commons-codec-1.6.jar:/home/pold/.m2/repository/org/apache/httpcomponents/httpmime/4.3.6/httpmime-4.3.6.jar:/home/pold/.m2/repository/com/fasterxml/jackson/core/jackson-core/2.4.4/jackson-core-2.4.4.jar:/home/pold/.m2/repository/com/fasterxml/jackson/core/jackson-databind/2.4.4/jackson-databind-2.4.4.jar:/home/pold/.m2/repository/com/fasterxml/jackson/core/jackson-annotations/2.4.4/jackson-annotations-2.4.4.jar:/home/pold/.m2/repository/com/seaglasslookandfeel/seaglasslookandfeel/0.2/seaglasslookandfeel-0.2.jar:/home/pold/Documents/Radboud/Java/photo-album/lib/LeapJava.jar:/home/pold/.m2/repository/org/glassfish/javax.json/1.0.4/javax.json-1.0.4.jar:/home/pold/.m2/re
Launcher Type: SUN_STANDARD

Environment Variables:
CLASSPATH=./../lib/bootstrap.jar:./../lib/extensions.jar:./../lib/util.jar:./../lib/jdom.jar:./../lib/log4j.jar:./../lib/trove4j.jar:./../lib/jna.jar:/usr/lib/jvm/default//lib/tools.jar
PATH=/usr/local/sbin:/usr/local/bin:/usr/bin:/usr/lib/jvm/default/bin:/usr/bin/site_perl:/usr/bin/vendor_perl:/usr/bin/core_perl:/home/pold/bin:/usr/local/MATLAB/R2014a/bin:/home/pold/.cabal/bin:/home/pold/.config/sublime-text-2/Packages/myPDDL/
LD_LIBRARY_PATH=.:
SHELL=/usr/bin/zsh
DISPLAY=:0

Signal Handlers:
SIGSEGV: [libjvm.so+0xa5cbe0], sa_mask[0]=11111111011111111101111111111110, sa_flags=SA_RESTART|SA_SIGINFO
SIGBUS: [libjvm.so+0xa5cbe0], sa_mask[0]=11111111011111111101111111111110, sa_flags=SA_RESTART|SA_SIGINFO
SIGFPE: [libjvm.so+0x8b11b0], sa_mask[0]=11111111011111111101111111111110, sa_flags=SA_RESTART|SA_SIGINFO
SIGPIPE: [libjvm.so+0x8b11b0], sa_mask[0]=11111111011111111101111111111110, sa_flags=SA_RESTART|SA_SIGINFO
SIGXFSZ: [libjvm.so+0x8b11b0], sa_mask[0]=11111111011111111101111111111110, sa_flags=SA_RESTART|SA_SIGINFO
SIGILL: [libjvm.so+0x8b11b0], sa_mask[0]=11111111011111111101111111111110, sa_flags=SA_RESTART|SA_SIGINFO
SIGUSR1: SIG_DFL, sa_mask[0]=00000000000000000000000000000000, sa_flags=none
SIGUSR2: [libjvm.so+0x8b1060], sa_mask[0]=00100000000000000000000000000000, sa_flags=SA_RESTART|SA_SIGINFO
SIGHUP: SIG_DFL, sa_mask[0]=00000000000000000000000000000000, sa_flags=none
SIGINT: SIG_DFL, sa_mask[0]=00000000000000000000000000000000, sa_flags=none
SIGTERM: SIG_DFL, sa_mask[0]=00000000000000000000000000000000, sa_flags=none
SIGQUIT: SIG_DFL, sa_mask[0]=00000000000000000000000000000000, sa_flags=none


---------------  S Y S T E M  ---------------

OS:LSB_VERSION=1.4
DISTRIB_ID=Arch
DISTRIB_RELEASE=rolling
DISTRIB_DESCRIPTION="Arch Linux"

uname:Linux 3.18.2-2-ARCH #1 SMP PREEMPT Fri Jan 9 07:37:51 CET 2015 x86_64
libc:glibc 2.20 NPTL 2.20 
rlimit: STACK 8192k, CORE infinity, NPROC 31619, NOFILE 4096, AS infinity
load average:7.59 6.57 6.01

/proc/meminfo:
MemTotal:        8100172 kB
MemFree:          310216 kB
MemAvailable:     342700 kB
Buffers:            6864 kB
Cached:           246704 kB
SwapCached:            0 kB
Active:          7411996 kB
Inactive:         138692 kB
Active(anon):    7301932 kB
Inactive(anon):    62772 kB
Active(file):     110064 kB
Inactive(file):    75920 kB
Unevictable:           4 kB
Mlocked:               4 kB
SwapTotal:             0 kB
SwapFree:              0 kB
Dirty:              6812 kB
Writeback:             0 kB
AnonPages:       7297176 kB
Mapped:           158072 kB
Shmem:             67584 kB
Slab:              59024 kB
SReclaimable:      30888 kB
SUnreclaim:        28136 kB
KernelStack:       12480 kB
PageTables:        51716 kB
NFS_Unstable:          0 kB
Bounce:                0 kB
WritebackTmp:          0 kB
CommitLimit:     4050084 kB
Committed_AS:   17775216 kB
VmallocTotal:   34359738367 kB
VmallocUsed:      143328 kB
VmallocChunk:   34359577752 kB
HardwareCorrupted:     0 kB
AnonHugePages:   4560896 kB
HugePages_Total:       0
HugePages_Free:        0
HugePages_Rsvd:        0
HugePages_Surp:        0
Hugepagesize:       2048 kB
DirectMap4k:      128220 kB
DirectMap2M:     7131136 kB
DirectMap1G:     1048576 kB


CPU:total 4 (4 cores per cpu, 1 threads per core) family 6 model 60 stepping 3, cmov, cx8, fxsr, mmx, sse, sse2, sse3, ssse3, sse4.1, sse4.2, popcnt, avx, avx2, aes, clmul, erms, rtm, lzcnt, tsc, tscinvbit, bmi1, bmi2

/proc/cpuinfo:
processor	: 0
vendor_id	: GenuineIntel
cpu family	: 6
model		: 60
model name	: Intel(R) Core(TM) i5-4570 CPU @ 3.20GHz
stepping	: 3
microcode	: 0x16
cpu MHz		: 3399.875
cache size	: 6144 KB
physical id	: 0
siblings	: 4
core id		: 0
cpu cores	: 4
apicid		: 0
initial apicid	: 0
fpu		: yes
fpu_exception	: yes
cpuid level	: 13
wp		: yes
flags		: fpu vme de pse tsc msr pae mce cx8 apic sep mtrr pge mca cmov pat pse36 clflush dts acpi mmx fxsr sse sse2 ss ht tm pbe syscall nx pdpe1gb rdtscp lm constant_tsc arch_perfmon pebs bts rep_good nopl xtopology nonstop_tsc aperfmperf eagerfpu pni pclmulqdq dtes64 monitor ds_cpl vmx smx est tm2 ssse3 fma cx16 xtpr pdcm pcid sse4_1 sse4_2 x2apic movbe popcnt tsc_deadline_timer aes xsave avx f16c rdrand lahf_lm abm ida arat epb pln pts dtherm tpr_shadow vnmi flexpriority ept vpid fsgsbase tsc_adjust bmi1 hle avx2 smep bmi2 erms invpcid rtm xsaveopt
bugs		:
bogomips	: 6387.49
clflush size	: 64
cache_alignment	: 64
address sizes	: 39 bits physical, 48 bits virtual
power management:

processor	: 1
vendor_id	: GenuineIntel
cpu family	: 6
model		: 60
model name	: Intel(R) Core(TM) i5-4570 CPU @ 3.20GHz
stepping	: 3
microcode	: 0x16
cpu MHz		: 3400.000
cache size	: 6144 KB
physical id	: 0
siblings	: 4
core id		: 1
cpu cores	: 4
apicid		: 2
initial apicid	: 2
fpu		: yes
fpu_exception	: yes
cpuid level	: 13
wp		: yes
flags		: fpu vme de pse tsc msr pae mce cx8 apic sep mtrr pge mca cmov pat pse36 clflush dts acpi mmx fxsr sse sse2 ss ht tm pbe syscall nx pdpe1gb rdtscp lm constant_tsc arch_perfmon pebs bts rep_good nopl xtopology nonstop_tsc aperfmperf eagerfpu pni pclmulqdq dtes64 monitor ds_cpl vmx smx est tm2 ssse3 fma cx16 xtpr pdcm pcid sse4_1 sse4_2 x2apic movbe popcnt tsc_deadline_timer aes xsave avx f16c rdrand lahf_lm abm ida arat epb pln pts dtherm tpr_shadow vnmi flexpriority ept vpid fsgsbase tsc_adjust bmi1 hle avx2 smep bmi2 erms invpcid rtm xsaveopt
bugs		:
bogomips	: 6387.49
clflush size	: 64
cache_alignment	: 64
address sizes	: 39 bits physical, 48 bits virtual
power management:

processor	: 2
vendor_id	: GenuineIntel
cpu family	: 6
model		: 60
model name	: Intel(R) Core(TM) i5-4570 CPU @ 3.20GHz
stepping	: 3
microcode	: 0x16
cpu MHz		: 3399.875
cache size	: 6144 KB
physical id	: 0
siblings	: 4
core id		: 2
cpu cores	: 4
apicid		: 4
initial apicid	: 4
fpu		: yes
fpu_exception	: yes
cpuid level	: 13
wp		: yes
flags		: fpu vme de pse tsc msr pae mce cx8 apic sep mtrr pge mca cmov pat pse36 clflush dts acpi mmx fxsr sse sse2 ss ht tm pbe syscall nx pdpe1gb rdtscp lm constant_tsc arch_perfmon pebs bts rep_good nopl xtopology nonstop_tsc aperfmperf eagerfpu pni pclmulqdq dtes64 monitor ds_cpl vmx smx est tm2 ssse3 fma cx16 xtpr pdcm pcid sse4_1 sse4_2 x2apic movbe popcnt tsc_deadline_timer aes xsave avx f16c rdrand lahf_lm abm ida arat epb pln pts dtherm tpr_shadow vnmi flexpriority ept vpid fsgsbase tsc_adjust bmi1 hle avx2 smep bmi2 erms invpcid rtm xsaveopt
bugs		:
bogomips	: 6387.49
clflush size	: 64
cache_alignment	: 64
address sizes	: 39 bits physical, 48 bits virtual
power management:

processor	: 3
vendor_id	: GenuineIntel
cpu family	: 6
model		: 60
model name	: Intel(R) Core(TM) i5-4570 CPU @ 3.20GHz
stepping	: 3
microcode	: 0x16
cpu MHz		: 3400.000
cache size	: 6144 KB
physical id	: 0
siblings	: 4
core id		: 3
cpu cores	: 4
apicid		: 6
initial apicid	: 6
fpu		: yes
fpu_exception	: yes
cpuid level	: 13
wp		: yes
flags		: fpu vme de pse tsc msr pae mce cx8 apic sep mtrr pge mca cmov pat pse36 clflush dts acpi mmx fxsr sse sse2 ss ht tm pbe syscall nx pdpe1gb rdtscp lm constant_tsc arch_perfmon pebs bts rep_good nopl xtopology nonstop_tsc aperfmperf eagerfpu pni pclmulqdq dtes64 monitor ds_cpl vmx smx est tm2 ssse3 fma cx16 xtpr pdcm pcid sse4_1 sse4_2 x2apic movbe popcnt tsc_deadline_timer aes xsave avx f16c rdrand lahf_lm abm ida arat epb pln pts dtherm tpr_shadow vnmi flexpriority ept vpid fsgsbase tsc_adjust bmi1 hle avx2 smep bmi2 erms invpcid rtm xsaveopt
bugs		:
bogomips	: 6387.49
clflush size	: 64
cache_alignment	: 64
address sizes	: 39 bits physical, 48 bits virtual
power management:



Memory: 4k page, physical 8100172k(310216k free), swap 0k(0k free)

vm_info: OpenJDK 64-Bit Server VM (25.31-b07) for linux-amd64 JRE (1.8.0_31-b13), built on Jan 22 2015 21:30:59 by "builduser" with gcc 4.9.2 20141224 (prerelease)

time: Sun Feb  8 18:01:08 2015
elapsed time: 0 seconds (0d 0h 0m 0s)

