#
# A fatal error has been detected by the Java Runtime Environment:
#
#  SIGSEGV (0xb) at pc=0x00007fbb8b10a78e, pid=30031, tid=140443148875520
#
# JRE version: OpenJDK Runtime Environment (8.0_20-b23) (build 1.8.0_20-b23)
# Java VM: OpenJDK 64-Bit Server VM (25.20-b22 mixed mode linux-amd64 compressed oops)
# Problematic frame:
# C  [libLeap.so+0x6e78e]
#
# Core dump written. Default location: /home/pold/Documents/Radboud/Java/photo-album/core or core.30031
#
# If you would like to submit a bug report, please visit:
#   http://bugreport.sun.com/bugreport/crash.jsp
# The crash happened outside the Java Virtual Machine in native code.
# See problematic frame for where to report the bug.
#

---------------  T H R E A D  ---------------

Current thread (0x00007fbb4c001800):  JavaThread "Thread-1065" [_thread_in_native, id=30065, stack(0x00007fbb777ff000,0x00007fbb78000000)]

siginfo: si_signo: 11 (SIGSEGV), si_code: 1 (SEGV_MAPERR), si_addr: 0x0000000000000008

Registers:
RAX=0x00007fbb4c0173b0, RBX=0x0000000000000000, RCX=0x00007fbb4c000020, RDX=0x0000000066666667
RSP=0x00007fbb77ffe3f0, RBP=0x0000000000000005, RSI=0x0000000000000000, RDI=0x0000000000000000
R8 =0x00007fbb58039de0, R9 =0x0000000000000000, R10=0x00007fbb4c0173a0, R11=0x00007fbbded4b530
R12=0x0000000000000000, R13=0x00007fbb77ffe400, R14=0x00007fbb5806c5e0, R15=0x00007fbb77ffe410
RIP=0x00007fbb8b10a78e, EFLAGS=0x0000000000010206, CSGSFS=0x0000000000000033, ERR=0x0000000000000004
  TRAPNO=0x000000000000000e

Top of Stack: (sp=0x00007fbb77ffe3f0)
0x00007fbb77ffe3f0:   0000000000000000 00007fbb77ffe4a0
0x00007fbb77ffe400:   00007fbb77ffe578 00007fbb4c001800
0x00007fbb77ffe410:   00007fbb4c0173b0 00007fbb4c0173b0
0x00007fbb77ffe420:   00007fbb4c017400 0000000000000000
0x00007fbb77ffe430:   00007fbb77ffea10 00007fbb8b0a0fa0
0x00007fbb77ffe440:   00007fbbc8fba868 00007fbb77ffe548
0x00007fbb77ffe450:   0000000000000000 00007fbb77ffe4a0
0x00007fbb77ffe460:   00007fbb77ffe4a0 0000000000000000
0x00007fbb77ffe470:   00007fbbc8fb9730 00007fbb77ffe560
0x00007fbb77ffe480:   00007fbb4c001800 00007fbb8b10a947
0x00007fbb77ffe490:   00007fbbc8fb9730 00007fbb8b45f1d6
0x00007fbb77ffe4a0:   00007fbb8b45fea0 00007fbb77ffe568
0x00007fbb77ffe4b0:   00007fbbc8fb9730 00007fbb77ffe530
0x00007fbb77ffe4c0:   0000000000000000 00007fbbc90156d4
0x00007fbb77ffe4d0:   0000000000000001 00007fbb8b107179
0x00007fbb77ffe4e0:   0000000000000000 00007fbbc9015be0
0x00007fbb77ffe4f0:   00007fbb77ffe4f0 0000000000000000
0x00007fbb77ffe500:   00007fbb77ffe560 00007fbbc8fc6640
0x00007fbb77ffe510:   0000000000000000 00007fbbc8fb9730
0x00007fbb77ffe520:   0000000000000000 00007fbb77ffe550
0x00007fbb77ffe530:   00007fbb77ffe5b8 00007fbbc90074a0
0x00007fbb77ffe540:   0000000086d918a0 00007fbbc900f2b7
0x00007fbb77ffe550:   00000000e0666ef0 00007fbb4c010a60
0x00007fbb77ffe560:   00007fbbc900f2a0 00000000e0667050
0x00007fbb77ffe570:   00000000e0667050 00007fbb77ffe578
0x00007fbb77ffe580:   00007fbb75848061 00007fbb77ffe5c8
0x00007fbb77ffe590:   00007fbb75849530 0000000000000000
0x00007fbb77ffe5a0:   00007fbb75848070 00007fbb77ffe550
0x00007fbb77ffe5b0:   00007fbb77ffe5c8 00007fbb77ffe618
0x00007fbb77ffe5c0:   00007fbbc9007710 00000000e0666ef0
0x00007fbb77ffe5d0:   0000000000000000 00007fbb77ffe5d8
0x00007fbb77ffe5e0:   00007fbbc8d4a51f 00007fbb77ffe678 

Instructions: (pc=0x00007fbb8b10a78e)
0x00007fbb8b10a76e:   e8 cd 83 ff ff 4c 8d 6c 24 10 31 db 48 85 ed 74
0x00007fbb8b10a77e:   6b 4d 8b 86 58 01 00 00 ba 67 66 66 66 49 8b 30
0x00007fbb8b10a78e:   8b 4e 08 89 c8 f7 ea 89 c8 c1 f8 1f c1 fa 02 29
0x00007fbb8b10a79e:   c2 8d 04 92 01 c0 29 c1 39 cb 0f 84 a2 00 00 00 

Register to memory mapping:

RAX=0x00007fbb4c0173b0 is an unknown value
RBX=0x0000000000000000 is an unknown value
RCX=0x00007fbb4c000020 is an unknown value
RDX=0x0000000066666667 is an unknown value
RSP=0x00007fbb77ffe3f0 is pointing into the stack for thread: 0x00007fbb4c001800
RBP=0x0000000000000005 is an unknown value
RSI=0x0000000000000000 is an unknown value
RDI=0x0000000000000000 is an unknown value
R8 =0x00007fbb58039de0 is an unknown value
R9 =0x0000000000000000 is an unknown value
R10=0x00007fbb4c0173a0 is an unknown value
R11=0x00007fbbded4b530: <offset 0x943530> in /usr/lib/jvm/java-8-openjdk/jre/lib/amd64/server/libjvm.so at 0x00007fbbde408000
R12=0x0000000000000000 is an unknown value
R13=0x00007fbb77ffe400 is pointing into the stack for thread: 0x00007fbb4c001800
R14=0x00007fbb5806c5e0 is an unknown value
R15=0x00007fbb77ffe410 is pointing into the stack for thread: 0x00007fbb4c001800


Stack: [0x00007fbb777ff000,0x00007fbb78000000],  sp=0x00007fbb77ffe3f0,  free space=8188k
Native frames: (J=compiled Java code, j=interpreted, Vv=VM code, C=native code)
C  [libLeap.so+0x6e78e]

Java frames: (J=compiled Java code, j=interpreted, Vv=VM code)
j  com.leapmotion.leap.LeapJNI.Hand_fingers(JLcom/leapmotion/leap/Hand;)J+0
j  com.leapmotion.leap.Hand.fingers()Lcom/leapmotion/leap/FingerList;+9
j  main.java.gesturerecognition.VolkerLeapListener.updateRightHand(Lcom/leapmotion/leap/Frame;Lcom/leapmotion/leap/Hand;)V+15
J 1183 C1 main.java.gesturerecognition.VolkerLeapListener.onFrame(Lcom/leapmotion/leap/Controller;)V (100 bytes) @ 0x00007fbbc93dc83c [0x00007fbbc93db0a0+0x179c]
J 1182 C1 com.leapmotion.leap.LeapJNI.SwigDirector_Listener_onFrame(Lcom/leapmotion/leap/Listener;J)V (14 bytes) @ 0x00007fbbc93da7a4 [0x00007fbbc93da520+0x284]
v  ~StubRoutines::call_stub

---------------  P R O C E S S  ---------------

Java Threads: ( => current thread )
=>0x00007fbb4c001800 JavaThread "Thread-1065" [_thread_in_native, id=30065, stack(0x00007fbb777ff000,0x00007fbb78000000)]
  0x00007fbbd8009800 JavaThread "DestroyJavaVM" [_thread_blocked, id=30032, stack(0x00007fbbe002b000,0x00007fbbe012c000)]
  0x00007fbbd82d9000 JavaThread "AWT-EventQueue-0" [_thread_blocked, id=30056, stack(0x00007fbb8b682000,0x00007fbb8b783000)]
  0x00007fbbd82d7800 JavaThread "AWT-Shutdown" [_thread_blocked, id=30055, stack(0x00007fbb8b783000,0x00007fbb8b884000)]
  0x00007fbbd82d3000 JavaThread "AWT-XAWT" daemon [_thread_in_native, id=30054, stack(0x00007fbb8b884000,0x00007fbb8b985000)]
  0x00007fbbd82b1800 JavaThread "Java2D Disposer" daemon [_thread_blocked, id=30052, stack(0x00007fbbb80a9000,0x00007fbbb81aa000)]
  0x00007fbbd81ac000 JavaThread "Monitor Ctrl-Break" daemon [_thread_in_native, id=30049, stack(0x00007fbbbaded000,0x00007fbbbaeee000)]
  0x00007fbbd80b7000 JavaThread "Service Thread" daemon [_thread_blocked, id=30047, stack(0x00007fbbbb1f1000,0x00007fbbbb2f2000)]
  0x00007fbbd80b1800 JavaThread "C1 CompilerThread2" daemon [_thread_blocked, id=30045, stack(0x00007fbbbb2f2000,0x00007fbbbb3f3000)]
  0x00007fbbd80b0000 JavaThread "C2 CompilerThread1" daemon [_thread_blocked, id=30044, stack(0x00007fbbbb3f3000,0x00007fbbbb4f4000)]
  0x00007fbbd80ad000 JavaThread "C2 CompilerThread0" daemon [_thread_blocked, id=30043, stack(0x00007fbbbb4f4000,0x00007fbbbb5f5000)]
  0x00007fbbd80ab000 JavaThread "Signal Dispatcher" daemon [_thread_blocked, id=30042, stack(0x00007fbbbb5f5000,0x00007fbbbb6f6000)]
  0x00007fbbd807b800 JavaThread "Finalizer" daemon [_thread_blocked, id=30040, stack(0x00007fbbbb8f9000,0x00007fbbbb9fa000)]
  0x00007fbbd8079800 JavaThread "Reference Handler" daemon [_thread_blocked, id=30039, stack(0x00007fbbbb9fa000,0x00007fbbbbafb000)]

Other Threads:
  0x00007fbbd8072800 VMThread [stack: 0x00007fbbbbafb000,0x00007fbbbbbfc000] [id=30038]
  0x00007fbbd80b9800 WatcherThread [stack: 0x00007fbbbb0f0000,0x00007fbbbb1f1000] [id=30048]

VM state:not at safepoint (normal execution)

VM Mutex/Monitor currently owned by a thread: None

Heap:
 PSYoungGen      total 187392K, used 159034K [0x00000000d6d00000, 0x00000000eef00000, 0x0000000100000000)
  eden space 186880K, 85% used [0x00000000d6d00000,0x00000000e083ea58,0x00000000e2380000)
  from space 512K, 12% used [0x00000000eee80000,0x00000000eee90000,0x00000000eef00000)
  to   space 5120K, 0% used [0x00000000ee500000,0x00000000ee500000,0x00000000eea00000)
 ParOldGen       total 84992K, used 55014K [0x0000000084600000, 0x0000000089900000, 0x00000000d6d00000)
  object space 84992K, 64% used [0x0000000084600000,0x0000000087bb99d0,0x0000000089900000)
 Metaspace       used 16930K, capacity 17078K, committed 17280K, reserved 1064960K
  class space    used 1989K, capacity 2051K, committed 2176K, reserved 1048576K

Card table byte_map: [0x00007fbbdcf0b000,0x00007fbbdd2e9000] byte_map_base: 0x00007fbbdcae8000

Marking Bits: (ParMarkBitMap*) 0x00007fbbdf333780
 Begin Bits: [0x00007fbbc0230000, 0x00007fbbc2118000)
 End Bits:   [0x00007fbbc2118000, 0x00007fbbc4000000)

Polling page: 0x00007fbbe0165000

CodeCache: size=245760Kb used=4367Kb max_used=4370Kb free=241392Kb
 bounds [0x00007fbbc9000000, 0x00007fbbc9450000, 0x00007fbbd8000000]
 total_blobs=2002 nmethods=1371 adapters=546
 compilation: enabled

Compilation events (10 events):
Event: 16.774 Thread 0x00007fbbd80b1800 1367       1       java.net.URLClassLoader::access$000 (5 bytes)
Event: 16.774 Thread 0x00007fbbd80b1800 nmethod 1367 0x00007fbbc9444c50 code [0x00007fbbc9444da0, 0x00007fbbc9444e90]
Event: 16.774 Thread 0x00007fbbd80b1800 1368       3       sun.util.calendar.Gregorian$Date::getNormalizedYear (5 bytes)
Event: 16.774 Thread 0x00007fbbd80b1800 nmethod 1368 0x00007fbbc9441dd0 code [0x00007fbbc9441f40, 0x00007fbbc9442130]
Event: 16.774 Thread 0x00007fbbd80b1800 1369       3       sun.reflect.DelegatingConstructorAccessorImpl::newInstance (9 bytes)
Event: 16.775 Thread 0x00007fbbd80b1800 nmethod 1369 0x00007fbbc9443a10 code [0x00007fbbc9443b80, 0x00007fbbc9443da8]
Event: 16.775 Thread 0x00007fbbd80b1800 1370       3       java.nio.DirectLongBufferU::get (16 bytes)
Event: 16.775 Thread 0x00007fbbd80b1800 nmethod 1370 0x00007fbbc9443490 code [0x00007fbbc9443600, 0x00007fbbc9443870]
Event: 16.776 Thread 0x00007fbbd80b1800 1371       3       java.nio.DirectLongBufferU::put (18 bytes)
Event: 16.776 Thread 0x00007fbbd80b1800 nmethod 1371 0x00007fbbc9449a50 code [0x00007fbbc9449bc0, 0x00007fbbc9449e30]

GC Heap History (10 events):
Event: 12.117 GC heap before
{Heap before GC invocations=12 (full 0):
 PSYoungGen      total 232448K, used 232064K [0x00000000d6d00000, 0x00000000efe00000, 0x0000000100000000)
  eden space 231936K, 100% used [0x00000000d6d00000,0x00000000e4f80000,0x00000000e4f80000)
  from space 512K, 25% used [0x00000000ef400000,0x00000000ef420000,0x00000000ef480000)
  to   space 5632K, 0% used [0x00000000ef880000,0x00000000ef880000,0x00000000efe00000)
 ParOldGen       total 84992K, used 54982K [0x0000000084600000, 0x0000000089900000, 0x00000000d6d00000)
  object space 84992K, 64% used [0x0000000084600000,0x0000000087bb19d0,0x0000000089900000)
 Metaspace       used 16866K, capacity 17078K, committed 17280K, reserved 1064960K
  class space    used 1988K, capacity 2051K, committed 2176K, reserved 1048576K
Event: 12.119 GC heap after
Heap after GC invocations=12 (full 0):
 PSYoungGen      total 222720K, used 96K [0x00000000d6d00000, 0x00000000ef900000, 0x0000000100000000)
  eden space 222208K, 0% used [0x00000000d6d00000,0x00000000d6d00000,0x00000000e4600000)
  from space 512K, 18% used [0x00000000ef880000,0x00000000ef898000,0x00000000ef900000)
  to   space 5632K, 0% used [0x00000000eee00000,0x00000000eee00000,0x00000000ef380000)
 ParOldGen       total 84992K, used 54998K [0x0000000084600000, 0x0000000089900000, 0x00000000d6d00000)
  object space 84992K, 64% used [0x0000000084600000,0x0000000087bb59d0,0x0000000089900000)
 Metaspace       used 16866K, capacity 17078K, committed 17280K, reserved 1064960K
  class space    used 1988K, capacity 2051K, committed 2176K, reserved 1048576K
}
Event: 13.089 GC heap before
{Heap before GC invocations=13 (full 0):
 PSYoungGen      total 222720K, used 222304K [0x00000000d6d00000, 0x00000000ef900000, 0x0000000100000000)
  eden space 222208K, 100% used [0x00000000d6d00000,0x00000000e4600000,0x00000000e4600000)
  from space 512K, 18% used [0x00000000ef880000,0x00000000ef898000,0x00000000ef900000)
  to   space 5632K, 0% used [0x00000000eee00000,0x00000000eee00000,0x00000000ef380000)
 ParOldGen       total 84992K, used 54998K [0x0000000084600000, 0x0000000089900000, 0x00000000d6d00000)
  object space 84992K, 64% used [0x0000000084600000,0x0000000087bb59d0,0x0000000089900000)
 Metaspace       used 16911K, capacity 17078K, committed 17280K, reserved 1064960K
  class space    used 1988K, capacity 2051K, committed 2176K, reserved 1048576K
Event: 13.090 GC heap after
Heap after GC invocations=13 (full 0):
 PSYoungGen      total 218624K, used 96K [0x00000000d6d00000, 0x00000000ef900000, 0x0000000100000000)
  eden space 212992K, 0% used [0x00000000d6d00000,0x00000000d6d00000,0x00000000e3d00000)
  from space 5632K, 1% used [0x00000000eee00000,0x00000000eee18000,0x00000000ef380000)
  to   space 5632K, 0% used [0x00000000ef380000,0x00000000ef380000,0x00000000ef900000)
 ParOldGen       total 84992K, used 55006K [0x0000000084600000, 0x0000000089900000, 0x00000000d6d00000)
  object space 84992K, 64% used [0x0000000084600000,0x0000000087bb79d0,0x0000000089900000)
 Metaspace       used 16911K, capacity 17078K, committed 17280K, reserved 1064960K
  class space    used 1988K, capacity 2051K, committed 2176K, reserved 1048576K
}
Event: 14.041 GC heap before
{Heap before GC invocations=14 (full 0):
 PSYoungGen      total 218624K, used 213088K [0x00000000d6d00000, 0x00000000ef900000, 0x0000000100000000)
  eden space 212992K, 100% used [0x00000000d6d00000,0x00000000e3d00000,0x00000000e3d00000)
  from space 5632K, 1% used [0x00000000eee00000,0x00000000eee18000,0x00000000ef380000)
  to   space 5632K, 0% used [0x00000000ef380000,0x00000000ef380000,0x00000000ef900000)
 ParOldGen       total 84992K, used 55006K [0x0000000084600000, 0x0000000089900000, 0x00000000d6d00000)
  object space 84992K, 64% used [0x0000000084600000,0x0000000087bb79d0,0x0000000089900000)
 Metaspace       used 16911K, capacity 17078K, committed 17280K, reserved 1064960K
  class space    used 1988K, capacity 2051K, committed 2176K, reserved 1048576K
Event: 14.043 GC heap after
Heap after GC invocations=14 (full 0):
 PSYoungGen      total 204288K, used 64K [0x00000000d6d00000, 0x00000000ef400000, 0x0000000100000000)
  eden space 203776K, 0% used [0x00000000d6d00000,0x00000000d6d00000,0x00000000e3400000)
  from space 512K, 12% used [0x00000000ef380000,0x00000000ef390000,0x00000000ef400000)
  to   space 5632K, 0% used [0x00000000ee900000,0x00000000ee900000,0x00000000eee80000)
 ParOldGen       total 84992K, used 55014K [0x0000000084600000, 0x0000000089900000, 0x00000000d6d00000)
  object space 84992K, 64% used [0x0000000084600000,0x0000000087bb99d0,0x0000000089900000)
 Metaspace       used 16911K, capacity 17078K, committed 17280K, reserved 1064960K
  class space    used 1988K, capacity 2051K, committed 2176K, reserved 1048576K
}
Event: 14.976 GC heap before
{Heap before GC invocations=15 (full 0):
 PSYoungGen      total 204288K, used 203840K [0x00000000d6d00000, 0x00000000ef400000, 0x0000000100000000)
  eden space 203776K, 100% used [0x00000000d6d00000,0x00000000e3400000,0x00000000e3400000)
  from space 512K, 12% used [0x00000000ef380000,0x00000000ef390000,0x00000000ef400000)
  to   space 5632K, 0% used [0x00000000ee900000,0x00000000ee900000,0x00000000eee80000)
 ParOldGen       total 84992K, used 55014K [0x0000000084600000, 0x0000000089900000, 0x00000000d6d00000)
  object space 84992K, 64% used [0x0000000084600000,0x0000000087bb99d0,0x0000000089900000)
 Metaspace       used 16911K, capacity 17078K, committed 17280K, reserved 1064960K
  class space    used 1988K, capacity 2051K, committed 2176K, reserved 1048576K
Event: 14.977 GC heap after
Heap after GC invocations=15 (full 0):
 PSYoungGen      total 200704K, used 64K [0x00000000d6d00000, 0x00000000ef400000, 0x0000000100000000)
  eden space 195072K, 0% used [0x00000000d6d00000,0x00000000d6d00000,0x00000000e2b80000)
  from space 5632K, 1% used [0x00000000ee900000,0x00000000ee910000,0x00000000eee80000)
  to   space 5632K, 0% used [0x00000000eee80000,0x00000000eee80000,0x00000000ef400000)
 ParOldGen       total 84992K, used 55014K [0x0000000084600000, 0x0000000089900000, 0x00000000d6d00000)
  object space 84992K, 64% used [0x0000000084600000,0x0000000087bb99d0,0x0000000089900000)
 Metaspace       used 16911K, capacity 17078K, committed 17280K, reserved 1064960K
  class space    used 1988K, capacity 2051K, committed 2176K, reserved 1048576K
}
Event: 15.920 GC heap before
{Heap before GC invocations=16 (full 0):
 PSYoungGen      total 200704K, used 195136K [0x00000000d6d00000, 0x00000000ef400000, 0x0000000100000000)
  eden space 195072K, 100% used [0x00000000d6d00000,0x00000000e2b80000,0x00000000e2b80000)
  from space 5632K, 1% used [0x00000000ee900000,0x00000000ee910000,0x00000000eee80000)
  to   space 5632K, 0% used [0x00000000eee80000,0x00000000eee80000,0x00000000ef400000)
 ParOldGen       total 84992K, used 55014K [0x0000000084600000, 0x0000000089900000, 0x00000000d6d00000)
  object space 84992K, 64% used [0x0000000084600000,0x0000000087bb99d0,0x0000000089900000)
 Metaspace       used 16911K, capacity 17078K, committed 17280K, reserved 1064960K
  class space    used 1988K, capacity 2051K, committed 2176K, reserved 1048576K
Event: 15.921 GC heap after
Heap after GC invocations=16 (full 0):
 PSYoungGen      total 187392K, used 64K [0x00000000d6d00000, 0x00000000eef00000, 0x0000000100000000)
  eden space 186880K, 0% used [0x00000000d6d00000,0x00000000d6d00000,0x00000000e2380000)
  from space 512K, 12% used [0x00000000eee80000,0x00000000eee90000,0x00000000eef00000)
  to   space 5120K, 0% used [0x00000000ee500000,0x00000000ee500000,0x00000000eea00000)
 ParOldGen       total 84992K, used 55014K [0x0000000084600000, 0x0000000089900000, 0x00000000d6d00000)
  object space 84992K, 64% used [0x0000000084600000,0x0000000087bb99d0,0x0000000089900000)
 Metaspace       used 16911K, capacity 17078K, committed 17280K, reserved 1064960K
  class space    used 1988K, capacity 2051K, committed 2176K, reserved 1048576K
}

Deoptimization events (10 events):
Event: 0.980 Thread 0x00007fbbd82d9000 Uncommon trap: reason=unreached action=reinterpret pc=0x00007fbbc926a964 method=java.awt.image.ColorConvertOp.filter(Ljava/awt/image/Raster;Ljava/awt/image/WritableRaster;)Ljava/awt/image/WritableRaster; @ 138
Event: 3.621 Thread 0x00007fbbd82d9000 Uncommon trap: reason=unreached action=reinterpret pc=0x00007fbbc9291b68 method=java.util.HashMap.putVal(ILjava/lang/Object;Ljava/lang/Object;ZZ)Ljava/lang/Object; @ 109
Event: 3.652 Thread 0x00007fbbd82d9000 Uncommon trap: reason=bimorphic action=maybe_recompile pc=0x00007fbbc9248b4c method=java.util.HashMap.putVal(ILjava/lang/Object;Ljava/lang/Object;ZZ)Ljava/lang/Object; @ 253
Event: 3.652 Thread 0x00007fbbd82d9000 Uncommon trap: reason=bimorphic action=maybe_recompile pc=0x00007fbbc9248b4c method=java.util.HashMap.putVal(ILjava/lang/Object;Ljava/lang/Object;ZZ)Ljava/lang/Object; @ 253
Event: 3.652 Thread 0x00007fbbd82d9000 Uncommon trap: reason=bimorphic action=maybe_recompile pc=0x00007fbbc9248b4c method=java.util.HashMap.putVal(ILjava/lang/Object;Ljava/lang/Object;ZZ)Ljava/lang/Object; @ 253
Event: 3.652 Thread 0x00007fbbd82d9000 Uncommon trap: reason=bimorphic action=maybe_recompile pc=0x00007fbbc9248b4c method=java.util.HashMap.putVal(ILjava/lang/Object;Ljava/lang/Object;ZZ)Ljava/lang/Object; @ 253
Event: 3.672 Thread 0x00007fbbd82d9000 Uncommon trap: reason=class_check action=maybe_recompile pc=0x00007fbbc91aa770 method=java.lang.String.equals(Ljava/lang/Object;)Z @ 8
Event: 3.673 Thread 0x00007fbbd82d9000 Uncommon trap: reason=class_check action=maybe_recompile pc=0x00007fbbc91aa770 method=java.lang.String.equals(Ljava/lang/Object;)Z @ 8
Event: 3.673 Thread 0x00007fbbd82d9000 Uncommon trap: reason=class_check action=maybe_recompile pc=0x00007fbbc91aa770 method=java.lang.String.equals(Ljava/lang/Object;)Z @ 8
Event: 3.673 Thread 0x00007fbbd82d9000 Uncommon trap: reason=class_check action=maybe_recompile pc=0x00007fbbc91aa770 method=java.lang.String.equals(Ljava/lang/Object;)Z @ 8

Internal exceptions (10 events):
Event: 10.402 Thread 0x00007fbb4c001800 Exception <a 'java/security/PrivilegedActionException'> (0x00000000e0bffb30) thrown at [/build/java8-openjdk/src/jdk8u-jdk8u20-b23/hotspot/src/share/vm/prims/jvm.cpp, line 1275]
Event: 10.402 Thread 0x00007fbb4c001800 Exception <a 'java/security/PrivilegedActionException'> (0x00000000e0c02ca8) thrown at [/build/java8-openjdk/src/jdk8u-jdk8u20-b23/hotspot/src/share/vm/prims/jvm.cpp, line 1275]
Event: 10.402 Thread 0x00007fbb4c001800 Exception <a 'java/security/PrivilegedActionException'> (0x00000000e0c08b88) thrown at [/build/java8-openjdk/src/jdk8u-jdk8u20-b23/hotspot/src/share/vm/prims/jvm.cpp, line 1275]
Event: 10.407 Thread 0x00007fbb4c001800 Exception <a 'java/security/PrivilegedActionException'> (0x00000000e0e54f88) thrown at [/build/java8-openjdk/src/jdk8u-jdk8u20-b23/hotspot/src/share/vm/prims/jvm.cpp, line 1275]
Event: 10.407 Thread 0x00007fbb4c001800 Exception <a 'java/security/PrivilegedActionException'> (0x00000000e0e5ac78) thrown at [/build/java8-openjdk/src/jdk8u-jdk8u20-b23/hotspot/src/share/vm/prims/jvm.cpp, line 1275]
Event: 10.408 Thread 0x00007fbb4c001800 Exception <a 'java/security/PrivilegedActionException'> (0x00000000e0e61d20) thrown at [/build/java8-openjdk/src/jdk8u-jdk8u20-b23/hotspot/src/share/vm/prims/jvm.cpp, line 1275]
Event: 10.410 Thread 0x00007fbb4c001800 Exception <a 'java/security/PrivilegedActionException'> (0x00000000e0e69760) thrown at [/build/java8-openjdk/src/jdk8u-jdk8u20-b23/hotspot/src/share/vm/prims/jvm.cpp, line 1275]
Event: 16.772 Thread 0x00007fbb4c001800 Exception <a 'java/security/PrivilegedActionException'> (0x00000000e0655020) thrown at [/build/java8-openjdk/src/jdk8u-jdk8u20-b23/hotspot/src/share/vm/prims/jvm.cpp, line 1275]
Event: 16.774 Thread 0x00007fbb4c001800 Exception <a 'java/security/PrivilegedActionException'> (0x00000000e065b108) thrown at [/build/java8-openjdk/src/jdk8u-jdk8u20-b23/hotspot/src/share/vm/prims/jvm.cpp, line 1275]
Event: 16.774 Thread 0x00007fbb4c001800 Exception <a 'java/security/PrivilegedActionException'> (0x00000000e0660cd8) thrown at [/build/java8-openjdk/src/jdk8u-jdk8u20-b23/hotspot/src/share/vm/prims/jvm.cpp, line 1275]

Events (10 events):
Event: 16.752 Thread 0x00007fbb4c001800 Thread exited: 0x00007fbb4c001800
Event: 16.762 Thread 0x00007fbb4c001800 Thread added: 0x00007fbb4c001800
Event: 16.762 Thread 0x00007fbb4c001800 Thread exited: 0x00007fbb4c001800
Event: 16.772 Thread 0x00007fbb4c001800 Thread added: 0x00007fbb4c001800
Event: 16.772 loading class com/leapmotion/leap/FingerList
Event: 16.772 loading class com/leapmotion/leap/FingerList done
Event: 16.774 loading class com/leapmotion/leap/Finger
Event: 16.774 loading class com/leapmotion/leap/Finger done
Event: 16.774 loading class com/leapmotion/leap/InteractionBox
Event: 16.774 loading class com/leapmotion/leap/InteractionBox done


Dynamic libraries:
00400000-00401000 r-xp 00000000 08:13 3039260                            /usr/lib/jvm/java-8-openjdk/jre/bin/java
00600000-00601000 rw-p 00000000 08:13 3039260                            /usr/lib/jvm/java-8-openjdk/jre/bin/java
01449000-0146a000 rw-p 00000000 00:00 0                                  [heap]
84600000-89900000 rw-p 00000000 00:00 0 
89900000-d6d00000 ---p 00000000 00:00 0 
d6d00000-eef00000 rw-p 00000000 00:00 0 
eef00000-100000000 ---p 00000000 00:00 0 
100000000-100220000 rw-p 00000000 00:00 0 
100220000-140000000 ---p 00000000 00:00 0 
7fbb4c000000-7fbb4c03d000 rw-p 00000000 00:00 0 
7fbb4c03d000-7fbb50000000 ---p 00000000 00:00 0 
7fbb50000000-7fbb5005e000 rw-p 00000000 00:00 0 
7fbb5005e000-7fbb54000000 ---p 00000000 00:00 0 
7fbb54000000-7fbb54158000 rw-p 00000000 00:00 0 
7fbb54158000-7fbb58000000 ---p 00000000 00:00 0 
7fbb58000000-7fbb5809b000 rw-p 00000000 00:00 0 
7fbb5809b000-7fbb5c000000 ---p 00000000 00:00 0 
7fbb5c000000-7fbb5c021000 rw-p 00000000 00:00 0 
7fbb5c021000-7fbb60000000 ---p 00000000 00:00 0 
7fbb60000000-7fbb60021000 rw-p 00000000 00:00 0 
7fbb60021000-7fbb64000000 ---p 00000000 00:00 0 
7fbb64000000-7fbb64021000 rw-p 00000000 00:00 0 
7fbb64021000-7fbb68000000 ---p 00000000 00:00 0 
7fbb68000000-7fbb68021000 rw-p 00000000 00:00 0 
7fbb68021000-7fbb6c000000 ---p 00000000 00:00 0 
7fbb6c000000-7fbb6c021000 rw-p 00000000 00:00 0 
7fbb6c021000-7fbb70000000 ---p 00000000 00:00 0 
7fbb70000000-7fbb70b10000 rw-p 00000000 00:00 0 
7fbb70b10000-7fbb74000000 ---p 00000000 00:00 0 
7fbb75564000-7fbb75624000 rw-p 00000000 00:00 0 
7fbb75624000-7fbb75764000 ---p 00000000 00:00 0 
7fbb75764000-7fbb75964000 rw-p 00000000 00:00 0 
7fbb75964000-7fbb759c1000 r-xp 00000000 08:13 3188478                    /usr/lib/jvm/java-8-openjdk/jre/lib/amd64/liblcms.so
7fbb759c1000-7fbb75bc1000 ---p 0005d000 08:13 3188478                    /usr/lib/jvm/java-8-openjdk/jre/lib/amd64/liblcms.so
7fbb75bc1000-7fbb75bc6000 rw-p 0005d000 08:13 3188478                    /usr/lib/jvm/java-8-openjdk/jre/lib/amd64/liblcms.so
7fbb75bc6000-7fbb75bfb000 r-xp 00000000 08:13 3188473                    /usr/lib/jvm/java-8-openjdk/jre/lib/amd64/libjpeg.so
7fbb75bfb000-7fbb75dfb000 ---p 00035000 08:13 3188473                    /usr/lib/jvm/java-8-openjdk/jre/lib/amd64/libjpeg.so
7fbb75dfb000-7fbb75dfc000 rw-p 00035000 08:13 3188473                    /usr/lib/jvm/java-8-openjdk/jre/lib/amd64/libjpeg.so
7fbb75dfc000-7fbb75ffc000 rw-p 00000000 00:00 0 
7fbb75ffc000-7fbb75ffd000 ---p 00000000 00:00 0 
7fbb75ffd000-7fbb767fd000 rw-p 00000000 00:00 0                          [stack:30072]
7fbb767fd000-7fbb767fe000 ---p 00000000 00:00 0 
7fbb767fe000-7fbb76ffe000 rw-p 00000000 00:00 0                          [stack:30071]
7fbb76ffe000-7fbb76fff000 ---p 00000000 00:00 0 
7fbb76fff000-7fbb777ff000 rw-p 00000000 00:00 0                          [stack:30070]
7fbb777ff000-7fbb77802000 ---p 00000000 00:00 0 
7fbb77802000-7fbb78000000 rw-p 00000000 00:00 0                          [stack:30065]
7fbb78000000-7fbb78021000 rw-p 00000000 00:00 0 
7fbb78021000-7fbb7c000000 ---p 00000000 00:00 0 
7fbb7c000000-7fbb7c021000 rw-p 00000000 00:00 0 
7fbb7c021000-7fbb80000000 ---p 00000000 00:00 0 
7fbb80000000-7fbb80021000 rw-p 00000000 00:00 0 
7fbb80021000-7fbb84000000 ---p 00000000 00:00 0 
7fbb84000000-7fbb84021000 rw-p 00000000 00:00 0 
7fbb84021000-7fbb88000000 ---p 00000000 00:00 0 
7fbb88000000-7fbb88076000 rw-s 00000000 00:04 19595270                   /SYSV00000000 (deleted)
7fbb88076000-7fbb88079000 ---p 00000000 00:00 0 
7fbb88079000-7fbb88177000 rw-p 00000000 00:00 0 
7fbb88177000-7fbb88188000 r-xp 00000000 08:13 3188476                    /usr/lib/jvm/java-8-openjdk/jre/lib/amd64/libnio.so
7fbb88188000-7fbb88387000 ---p 00011000 08:13 3188476                    /usr/lib/jvm/java-8-openjdk/jre/lib/amd64/libnio.so
7fbb88387000-7fbb88388000 rw-p 00010000 08:13 3188476                    /usr/lib/jvm/java-8-openjdk/jre/lib/amd64/libnio.so
7fbb88388000-7fbb88588000 rw-p 00000000 00:00 0 
7fbb88588000-7fbb88589000 ---p 00000000 00:00 0 
7fbb88589000-7fbb88d89000 rw-p 00000000 00:00 0                          [stack:30064]
7fbb88d89000-7fbb88d8a000 ---p 00000000 00:00 0 
7fbb88d8a000-7fbb8958a000 rw-p 00000000 00:00 0                          [stack:30063]
7fbb8958a000-7fbb8958b000 ---p 00000000 00:00 0 
7fbb8958b000-7fbb89d8b000 rw-p 00000000 00:00 0                          [stack:30062]
7fbb89d8b000-7fbb89d8c000 ---p 00000000 00:00 0 
7fbb89d8c000-7fbb8a58c000 rw-p 00000000 00:00 0                          [stack:30061]
7fbb8a58c000-7fbb8a58d000 ---p 00000000 00:00 0 
7fbb8a58d000-7fbb8ad8d000 rw-p 00000000 00:00 0                          [stack:30060]
7fbb8ad8d000-7fbb8ae7d000 r-xp 00000000 08:13 2901864                    /usr/lib/libstdc++.so.6.0.20
7fbb8ae7d000-7fbb8b07d000 ---p 000f0000 08:13 2901864                    /usr/lib/libstdc++.so.6.0.20
7fbb8b07d000-7fbb8b085000 r--p 000f0000 08:13 2901864                    /usr/lib/libstdc++.so.6.0.20
7fbb8b085000-7fbb8b087000 rw-p 000f8000 08:13 2901864                    /usr/lib/libstdc++.so.6.0.20
7fbb8b087000-7fbb8b09c000 rw-p 00000000 00:00 0 
7fbb8b09c000-7fbb8b234000 r-xp 00000000 08:14 3934408                    /home/pold/Documents/Radboud/Java/photo-album/lib/native/nux/x64/libLeap.so
7fbb8b234000-7fbb8b433000 ---p 00198000 08:14 3934408                    /home/pold/Documents/Radboud/Java/photo-album/lib/native/nux/x64/libLeap.so
7fbb8b433000-7fbb8b441000 r--p 00197000 08:14 3934408                    /home/pold/Documents/Radboud/Java/photo-album/lib/native/nux/x64/libLeap.so
7fbb8b441000-7fbb8b443000 rw-p 001a5000 08:14 3934408                    /home/pold/Documents/Radboud/Java/photo-album/lib/native/nux/x64/libLeap.so
7fbb8b443000-7fbb8b445000 rw-p 00000000 00:00 0 
7fbb8b445000-7fbb8b481000 r-xp 00000000 08:14 3934409                    /home/pold/Documents/Radboud/Java/photo-album/lib/native/nux/x64/libLeapJava.so
7fbb8b481000-7fbb8b680000 ---p 0003c000 08:14 3934409                    /home/pold/Documents/Radboud/Java/photo-album/lib/native/nux/x64/libLeapJava.so
7fbb8b680000-7fbb8b681000 r--p 0003b000 08:14 3934409                    /home/pold/Documents/Radboud/Java/photo-album/lib/native/nux/x64/libLeapJava.so
7fbb8b681000-7fbb8b682000 rw-p 0003c000 08:14 3934409                    /home/pold/Documents/Radboud/Java/photo-album/lib/native/nux/x64/libLeapJava.so
7fbb8b682000-7fbb8b685000 ---p 00000000 00:00 0 
7fbb8b685000-7fbb8b783000 rw-p 00000000 00:00 0                          [stack:30056]
7fbb8b783000-7fbb8b786000 ---p 00000000 00:00 0 
7fbb8b786000-7fbb8b884000 rw-p 00000000 00:00 0                          [stack:30055]
7fbb8b884000-7fbb8b887000 ---p 00000000 00:00 0 
7fbb8b887000-7fbb8b985000 rw-p 00000000 00:00 0                          [stack:30054]
7fbb8b985000-7fbb8b98a000 r-xp 00000000 08:13 2906917                    /usr/lib/libXfixes.so.3.1.0
7fbb8b98a000-7fbb8bb89000 ---p 00005000 08:13 2906917                    /usr/lib/libXfixes.so.3.1.0
7fbb8bb89000-7fbb8bb8a000 r--p 00004000 08:13 2906917                    /usr/lib/libXfixes.so.3.1.0
7fbb8bb8a000-7fbb8bb8b000 rw-p 00005000 08:13 2906917                    /usr/lib/libXfixes.so.3.1.0
7fbb8bb8b000-7fbb8bb95000 r-xp 00000000 08:13 2908044                    /usr/lib/libXcursor.so.1.0.2
7fbb8bb95000-7fbb8bd94000 ---p 0000a000 08:13 2908044                    /usr/lib/libXcursor.so.1.0.2
7fbb8bd94000-7fbb8bd95000 r--p 00009000 08:13 2908044                    /usr/lib/libXcursor.so.1.0.2
7fbb8bd95000-7fbb8bd96000 rw-p 0000a000 08:13 2908044                    /usr/lib/libXcursor.so.1.0.2
7fbb8bd96000-7fbb8bdff000 r-xp 00000000 08:13 2894270                    /usr/lib/libpcre.so.1.2.3
7fbb8bdff000-7fbb8bffe000 ---p 00069000 08:13 2894270                    /usr/lib/libpcre.so.1.2.3
7fbb8bffe000-7fbb8bfff000 r--p 00068000 08:13 2894270                    /usr/lib/libpcre.so.1.2.3
7fbb8bfff000-7fbb8c000000 rw-p 00069000 08:13 2894270                    /usr/lib/libpcre.so.1.2.3
7fbb8c000000-7fbb8c479000 rw-p 00000000 00:00 0 
7fbb8c479000-7fbb90000000 ---p 00000000 00:00 0 
7fbb90000000-7fbb90021000 rw-p 00000000 00:00 0 
7fbb90021000-7fbb94000000 ---p 00000000 00:00 0 
7fbb94000000-7fbb942d3000 rw-p 00000000 00:00 0 
7fbb942d3000-7fbb98000000 ---p 00000000 00:00 0 
7fbb98000000-7fbb98021000 rw-p 00000000 00:00 0 
7fbb98021000-7fbb9c000000 ---p 00000000 00:00 0 
7fbb9c000000-7fbb9c021000 rw-p 00000000 00:00 0 
7fbb9c021000-7fbba0000000 ---p 00000000 00:00 0 
7fbba0000000-7fbba01e7000 rw-p 00000000 00:00 0 
7fbba01e7000-7fbba4000000 ---p 00000000 00:00 0 
7fbba4000000-7fbba4021000 rw-p 00000000 00:00 0 
7fbba4021000-7fbba8000000 ---p 00000000 00:00 0 
7fbba8000000-7fbba8022000 rw-p 00000000 00:00 0 
7fbba8022000-7fbbac000000 ---p 00000000 00:00 0 
7fbbac000000-7fbbac021000 rw-p 00000000 00:00 0 
7fbbac021000-7fbbb0000000 ---p 00000000 00:00 0 
7fbbb0000000-7fbbb0021000 rw-p 00000000 00:00 0 
7fbbb0021000-7fbbb4000000 ---p 00000000 00:00 0 
7fbbb4000000-7fbbb4021000 rw-p 00000000 00:00 0 
7fbbb4021000-7fbbb8000000 ---p 00000000 00:00 0 
7fbbb8058000-7fbbb8074000 r--s 00393000 08:13 3188431                    /usr/lib/jvm/java-8-openjdk/jre/lib/ext/cldrdata.jar
7fbbb8074000-7fbbb807e000 r--s 00116000 08:13 3188433                    /usr/lib/jvm/java-8-openjdk/jre/lib/ext/localedata.jar
7fbbb807e000-7fbbb8097000 r--s 00000000 08:13 393956                     /var/cache/fontconfig/8d4af663993b81a124ee82e610bb31f9-le64.cache-4
7fbbb8097000-7fbbb80a9000 r--s 00000000 08:13 404570                     /var/cache/fontconfig/d62e99ef547d1d24cdb1bd22ec1a2976-le64.cache-4
7fbbb80a9000-7fbbb80ac000 ---p 00000000 00:00 0 
7fbbb80ac000-7fbbb81aa000 rw-p 00000000 00:00 0                          [stack:30052]
7fbbb81aa000-7fbbb81c6000 r-xp 00000000 08:13 2903074                    /usr/lib/libgraphite2.so.3.0.1
7fbbb81c6000-7fbbb83c5000 ---p 0001c000 08:13 2903074                    /usr/lib/libgraphite2.so.3.0.1
7fbbb83c5000-7fbbb83c7000 r--p 0001b000 08:13 2903074                    /usr/lib/libgraphite2.so.3.0.1
7fbbb83c7000-7fbbb83c8000 rw-p 0001d000 08:13 2903074                    /usr/lib/libgraphite2.so.3.0.1
7fbbb83c8000-7fbbb84d0000 r-xp 00000000 08:13 2894477                    /usr/lib/libglib-2.0.so.0.4000.0
7fbbb84d0000-7fbbb86cf000 ---p 00108000 08:13 2894477                    /usr/lib/libglib-2.0.so.0.4000.0
7fbbb86cf000-7fbbb86d0000 r--p 00107000 08:13 2894477                    /usr/lib/libglib-2.0.so.0.4000.0
7fbbb86d0000-7fbbb86d1000 rw-p 00108000 08:13 2894477                    /usr/lib/libglib-2.0.so.0.4000.0
7fbbb86d1000-7fbbb86d2000 rw-p 00000000 00:00 0 
7fbbb86d2000-7fbbb8728000 r-xp 00000000 08:13 2903086                    /usr/lib/libharfbuzz.so.0.935.0
7fbbb8728000-7fbbb8927000 ---p 00056000 08:13 2903086                    /usr/lib/libharfbuzz.so.0.935.0
7fbbb8927000-7fbbb8929000 r--p 00055000 08:13 2903086                    /usr/lib/libharfbuzz.so.0.935.0
7fbbb8929000-7fbbb892a000 rw-p 00057000 08:13 2903086                    /usr/lib/libharfbuzz.so.0.935.0
7fbbb892a000-7fbbb895f000 r-xp 00000000 08:13 2903059                    /usr/lib/libpng16.so.16.13.0
7fbbb895f000-7fbbb8b5e000 ---p 00035000 08:13 2903059                    /usr/lib/libpng16.so.16.13.0
7fbbb8b5e000-7fbbb8b5f000 r--p 00034000 08:13 2903059                    /usr/lib/libpng16.so.16.13.0
7fbbb8b5f000-7fbbb8b60000 rw-p 00035000 08:13 2903059                    /usr/lib/libpng16.so.16.13.0
7fbbb8b60000-7fbbb8b6f000 r-xp 00000000 08:13 2889842                    /usr/lib/libbz2.so.1.0.6
7fbbb8b6f000-7fbbb8d6e000 ---p 0000f000 08:13 2889842                    /usr/lib/libbz2.so.1.0.6
7fbbb8d6e000-7fbbb8d70000 rw-p 0000e000 08:13 2889842                    /usr/lib/libbz2.so.1.0.6
7fbbb8d70000-7fbbb8d86000 r-xp 00000000 08:13 2890099                    /usr/lib/libgcc_s.so.1
7fbbb8d86000-7fbbb8f85000 ---p 00016000 08:13 2890099                    /usr/lib/libgcc_s.so.1
7fbbb8f85000-7fbbb8f86000 rw-p 00015000 08:13 2890099                    /usr/lib/libgcc_s.so.1
7fbbb8f86000-7fbbb9029000 r-xp 00000000 08:13 2903092                    /usr/lib/libfreetype.so.6.11.2
7fbbb9029000-7fbbb9228000 ---p 000a3000 08:13 2903092                    /usr/lib/libfreetype.so.6.11.2
7fbbb9228000-7fbbb922e000 r--p 000a2000 08:13 2903092                    /usr/lib/libfreetype.so.6.11.2
7fbbb922e000-7fbbb922f000 rw-p 000a8000 08:13 2903092                    /usr/lib/libfreetype.so.6.11.2
7fbbb922f000-7fbbb928f000 r-xp 00000000 08:13 3188480                    /usr/lib/jvm/java-8-openjdk/jre/lib/amd64/libfontmanager.so
7fbbb928f000-7fbbb948f000 ---p 00060000 08:13 3188480                    /usr/lib/jvm/java-8-openjdk/jre/lib/amd64/libfontmanager.so
7fbbb948f000-7fbbb9493000 rw-p 00060000 08:13 3188480                    /usr/lib/jvm/java-8-openjdk/jre/lib/amd64/libfontmanager.so
7fbbb9493000-7fbbb94a6000 rw-p 00000000 00:00 0 
7fbbb94a6000-7fbbb94ab000 r-xp 00000000 08:13 2903054                    /usr/lib/libXdmcp.so.6.0.0
7fbbb94ab000-7fbbb96aa000 ---p 00005000 08:13 2903054                    /usr/lib/libXdmcp.so.6.0.0
7fbbb96aa000-7fbbb96ab000 r--p 00004000 08:13 2903054                    /usr/lib/libXdmcp.so.6.0.0
7fbbb96ab000-7fbbb96ac000 rw-p 00005000 08:13 2903054                    /usr/lib/libXdmcp.so.6.0.0
7fbbb96ac000-7fbbb96ae000 r-xp 00000000 08:13 2903138                    /usr/lib/libXau.so.6.0.0
7fbbb96ae000-7fbbb98ae000 ---p 00002000 08:13 2903138                    /usr/lib/libXau.so.6.0.0
7fbbb98ae000-7fbbb98af000 r--p 00002000 08:13 2903138                    /usr/lib/libXau.so.6.0.0
7fbbb98af000-7fbbb98b0000 rw-p 00003000 08:13 2903138                    /usr/lib/libXau.so.6.0.0
7fbbb98b0000-7fbbb98d1000 r-xp 00000000 08:13 2905498                    /usr/lib/libxcb.so.1.1.0
7fbbb98d1000-7fbbb9ad0000 ---p 00021000 08:13 2905498                    /usr/lib/libxcb.so.1.1.0
7fbbb9ad0000-7fbbb9ad1000 r--p 00020000 08:13 2905498                    /usr/lib/libxcb.so.1.1.0
7fbbb9ad1000-7fbbb9ad2000 rw-p 00021000 08:13 2905498                    /usr/lib/libxcb.so.1.1.0
7fbbb9ad2000-7fbbb9ae1000 r-xp 00000000 08:13 2907959                    /usr/lib/libXi.so.6.1.0
7fbbb9ae1000-7fbbb9ce1000 ---p 0000f000 08:13 2907959                    /usr/lib/libXi.so.6.1.0
7fbbb9ce1000-7fbbb9ce2000 r--p 0000f000 08:13 2907959                    /usr/lib/libXi.so.6.1.0
7fbbb9ce2000-7fbbb9ce3000 rw-p 00010000 08:13 2907959                    /usr/lib/libXi.so.6.1.0
7fbbb9ce3000-7fbbb9ce8000 r-xp 00000000 08:13 2908798                    /usr/lib/libXtst.so.6.1.0
7fbbb9ce8000-7fbbb9ee7000 ---p 00005000 08:13 2908798                    /usr/lib/libXtst.so.6.1.0
7fbbb9ee7000-7fbbb9ee8000 r--p 00004000 08:13 2908798                    /usr/lib/libXtst.so.6.1.0
7fbbb9ee8000-7fbbb9ee9000 rw-p 00005000 08:13 2908798                    /usr/lib/libXtst.so.6.1.0
7fbbb9ee9000-7fbbb9ef2000 r-xp 00000000 08:13 2906708                    /usr/lib/libXrender.so.1.3.0
7fbbb9ef2000-7fbbba0f1000 ---p 00009000 08:13 2906708                    /usr/lib/libXrender.so.1.3.0
7fbbba0f1000-7fbbba0f2000 r--p 00008000 08:13 2906708                    /usr/lib/libXrender.so.1.3.0
7fbbba0f2000-7fbbba0f3000 rw-p 00009000 08:13 2906708                    /usr/lib/libXrender.so.1.3.0
7fbbba0f3000-7fbbba22e000 r-xp 00000000 08:13 2906397                    /usr/lib/libX11.so.6.3.0
7fbbba22e000-7fbbba42d000 ---p 0013b000 08:13 2906397                    /usr/lib/libX11.so.6.3.0
7fbbba42d000-7fbbba42f000 r--p 0013a000 08:13 2906397                    /usr/lib/libX11.so.6.3.0
7fbbba42f000-7fbbba434000 rw-p 0013c000 08:13 2906397                    /usr/lib/libX11.so.6.3.0
7fbbba434000-7fbbba435000 rw-p 00000000 00:00 0 
7fbbba435000-7fbbba446000 r-xp 00000000 08:13 2906773                    /usr/lib/libXext.so.6.4.0
7fbbba446000-7fbbba645000 ---p 00011000 08:13 2906773                    /usr/lib/libXext.so.6.4.0
7fbbba645000-7fbbba646000 r--p 00010000 08:13 2906773                    /usr/lib/libXext.so.6.4.0
7fbbba646000-7fbbba647000 rw-p 00011000 08:13 2906773                    /usr/lib/libXext.so.6.4.0
7fbbba64f000-7fbbba678000 r--s 00000000 08:13 393952                     /var/cache/fontconfig/f6b893a7224233d96cb72fd88691c0b4-le64.cache-4
7fbbba678000-7fbbba67d000 r--s 00092000 08:13 3039238                    /usr/lib/jvm/java-8-openjdk/jre/lib/jsse.jar
7fbbba67d000-7fbbba6d1000 r-xp 00000000 08:13 3188479                    /usr/lib/jvm/java-8-openjdk/jre/lib/amd64/libawt_xawt.so
7fbbba6d1000-7fbbba8d0000 ---p 00054000 08:13 3188479                    /usr/lib/jvm/java-8-openjdk/jre/lib/amd64/libawt_xawt.so
7fbbba8d0000-7fbbba8d3000 rw-p 00053000 08:13 3188479                    /usr/lib/jvm/java-8-openjdk/jre/lib/amd64/libawt_xawt.so
7fbbba8d3000-7fbbba8d5000 rw-p 00000000 00:00 0 
7fbbba8d5000-7fbbba975000 r-xp 00000000 08:13 3188475                    /usr/lib/jvm/java-8-openjdk/jre/lib/amd64/libawt.so
7fbbba975000-7fbbbab75000 ---p 000a0000 08:13 3188475                    /usr/lib/jvm/java-8-openjdk/jre/lib/amd64/libawt.so
7fbbbab75000-7fbbbab81000 rw-p 000a0000 08:13 3188475                    /usr/lib/jvm/java-8-openjdk/jre/lib/amd64/libawt.so
7fbbbab81000-7fbbbabd6000 rw-p 00000000 00:00 0 
7fbbbabd6000-7fbbbabec000 r-xp 00000000 08:13 3188465                    /usr/lib/jvm/java-8-openjdk/jre/lib/amd64/libnet.so
7fbbbabec000-7fbbbadec000 ---p 00016000 08:13 3188465                    /usr/lib/jvm/java-8-openjdk/jre/lib/amd64/libnet.so
7fbbbadec000-7fbbbaded000 rw-p 00016000 08:13 3188465                    /usr/lib/jvm/java-8-openjdk/jre/lib/amd64/libnet.so
7fbbbaded000-7fbbbadf0000 ---p 00000000 00:00 0 
7fbbbadf0000-7fbbbaeee000 rw-p 00000000 00:00 0                          [stack:30049]
7fbbbaeee000-7fbbbaeef000 r-xp 00000000 08:13 3562549                    /usr/share/intellij-idea-ultimate-edition/bin/libbreakgen64.so
7fbbbaeef000-7fbbbb0ee000 ---p 00001000 08:13 3562549                    /usr/share/intellij-idea-ultimate-edition/bin/libbreakgen64.so
7fbbbb0ee000-7fbbbb0ef000 r--p 00000000 08:13 3562549                    /usr/share/intellij-idea-ultimate-edition/bin/libbreakgen64.so
7fbbbb0ef000-7fbbbb0f0000 rw-p 00001000 08:13 3562549                    /usr/share/intellij-idea-ultimate-edition/bin/libbreakgen64.so
7fbbbb0f0000-7fbbbb0f1000 ---p 00000000 00:00 0 
7fbbbb0f1000-7fbbbb1f1000 rw-p 00000000 00:00 0                          [stack:30048]
7fbbbb1f1000-7fbbbb1f4000 ---p 00000000 00:00 0 
7fbbbb1f4000-7fbbbb2f2000 rw-p 00000000 00:00 0                          [stack:30047]
7fbbbb2f2000-7fbbbb2f5000 ---p 00000000 00:00 0 
7fbbbb2f5000-7fbbbb3f3000 rw-p 00000000 00:00 0                          [stack:30045]
7fbbbb3f3000-7fbbbb3f6000 ---p 00000000 00:00 0 
7fbbbb3f6000-7fbbbb4f4000 rw-p 00000000 00:00 0                          [stack:30044]
7fbbbb4f4000-7fbbbb4f7000 ---p 00000000 00:00 0 
7fbbbb4f7000-7fbbbb5f5000 rw-p 00000000 00:00 0                          [stack:30043]
7fbbbb5f5000-7fbbbb5f8000 ---p 00000000 00:00 0 
7fbbbb5f8000-7fbbbb6f6000 rw-p 00000000 00:00 0                          [stack:30042]
7fbbbb6f6000-7fbbbb8f9000 r--p 00000000 08:13 2922356                    /usr/lib/locale/locale-archive
7fbbbb8f9000-7fbbbb8fc000 ---p 00000000 00:00 0 
7fbbbb8fc000-7fbbbb9fa000 rw-p 00000000 00:00 0                          [stack:30040]
7fbbbb9fa000-7fbbbb9fd000 ---p 00000000 00:00 0 
7fbbbb9fd000-7fbbbbafb000 rw-p 00000000 00:00 0                          [stack:30039]
7fbbbbafb000-7fbbbbafc000 ---p 00000000 00:00 0 
7fbbbbafc000-7fbbbc000000 rw-p 00000000 00:00 0                          [stack:30038]
7fbbbc000000-7fbbbc021000 rw-p 00000000 00:00 0 
7fbbbc021000-7fbbc0000000 ---p 00000000 00:00 0 
7fbbc0000000-7fbbc0001000 rw-p 00000000 00:00 0 
7fbbc0001000-7fbbc0003000 r--s 00015000 08:13 3039235                    /usr/lib/jvm/java-8-openjdk/jre/lib/jce.jar
7fbbc0003000-7fbbc0005000 r--s 00016000 08:13 3299778                    /usr/share/intellij-idea-ultimate-edition/lib/idea_rt.jar
7fbbc0005000-7fbbc0008000 r--s 00012000 08:14 10751537                   /home/pold/.m2/repository/org/glassfish/javax.json/1.0.4/javax.json-1.0.4.jar
7fbbc0008000-7fbbc000a000 r--s 00011000 08:14 1838136                    /home/pold/Documents/Radboud/Java/photo-album/lib/LeapJava.jar
7fbbc000a000-7fbbc0016000 r--s 000a4000 08:14 10490126                   /home/pold/.m2/repository/com/seaglasslookandfeel/seaglasslookandfeel/0.2/seaglasslookandfeel-0.2.jar
7fbbc0016000-7fbbc0019000 r--s 00007000 08:14 11144186                   /home/pold/.m2/repository/com/fasterxml/jackson/core/jackson-annotations/2.4.4/jackson-annotations-2.4.4.jar
7fbbc0019000-7fbbc002a000 r--s 000f6000 08:14 10751423                   /home/pold/.m2/repository/com/fasterxml/jackson/core/jackson-databind/2.4.4/jackson-databind-2.4.4.jar
7fbbc002a000-7fbbc002e000 r--s 00034000 08:14 10882043                   /home/pold/.m2/repository/com/fasterxml/jackson/core/jackson-core/2.4.4/jackson-core-2.4.4.jar
7fbbc002e000-7fbbc4000000 rw-p 00000000 00:00 0 
7fbbc4000000-7fbbc4021000 rw-p 00000000 00:00 0 
7fbbc4021000-7fbbc8000000 ---p 00000000 00:00 0 
7fbbc8000000-7fbbc8001000 r--s 00000000 08:13 406718                     /var/cache/fontconfig/6ba42ae0000f58711b5caaf10d690066-le64.cache-4
7fbbc8001000-7fbbc8007000 r--s 00033000 08:14 11537519                   /home/pold/.m2/repository/commons-codec/commons-codec/1.6/commons-codec-1.6.jar
7fbbc8007000-7fbbc800e000 r--s 0003f000 08:14 11275927                   /home/pold/.m2/repository/org/apache/httpcomponents/httpcore/4.3.3/httpcore-4.3.3.jar
7fbbc800e000-7fbbc801a000 r--s 00085000 08:14 11013003                   /home/pold/.m2/repository/org/apache/httpcomponents/httpclient/4.3.6/httpclient-4.3.6.jar
7fbbc801a000-7fbbc8045000 r--s 001f9000 08:14 11929891                   /home/pold/.m2/repository/com/google/guava/guava/17.0/guava-17.0.jar
7fbbc8045000-7fbbc8063000 r--s 00180000 08:14 10489951                   /home/pold/.m2/repository/org/apache/commons/commons-math3/3.2/commons-math3-3.2.jar
7fbbc8063000-7fbbc8075000 r--s 00112000 08:14 11929886                   /home/pold/.m2/repository/edu/cmu/sphinx/sphinx4-core/1.0-SNAPSHOT/sphinx4-core-1.0-20140806.210945-2.jar
7fbbc8075000-7fbbc9000000 rw-p 00000000 00:00 0 
7fbbc9000000-7fbbc9450000 rwxp 00000000 00:00 0 
7fbbc9450000-7fbbd8000000 ---p 00000000 00:00 0 
7fbbd8000000-7fbbd82f4000 rw-p 00000000 00:00 0 
7fbbd82f4000-7fbbdc000000 ---p 00000000 00:00 0 
7fbbdc000000-7fbbdc002000 r--s 00008000 08:14 1837465                    /home/pold/.m2/repository/org/apache/httpcomponents/httpmime/4.3.6/httpmime-4.3.6.jar
7fbbdc002000-7fbbdc004000 r--s 0000e000 08:14 11930171                   /home/pold/.m2/repository/commons-logging/commons-logging/1.1.3/commons-logging-1.1.3.jar
7fbbdc004000-7fbbdc253000 rw-p 00000000 00:00 0 
7fbbdc253000-7fbbdc420000 r--s 03bb2000 08:13 3039239                    /usr/lib/jvm/java-8-openjdk/jre/lib/rt.jar
7fbbdc420000-7fbbdc873000 rw-p 00000000 00:00 0 
7fbbdc873000-7fbbdc874000 ---p 00000000 00:00 0 
7fbbdc874000-7fbbdc974000 rw-p 00000000 00:00 0                          [stack:30036]
7fbbdc974000-7fbbdc975000 ---p 00000000 00:00 0 
7fbbdc975000-7fbbdca75000 rw-p 00000000 00:00 0                          [stack:30035]
7fbbdca75000-7fbbdca76000 ---p 00000000 00:00 0 
7fbbdca76000-7fbbdcb76000 rw-p 00000000 00:00 0                          [stack:30034]
7fbbdcb76000-7fbbdcb77000 ---p 00000000 00:00 0 
7fbbdcb77000-7fbbdcca1000 rw-p 00000000 00:00 0                          [stack:30033]
7fbbdcca1000-7fbbdcf0b000 ---p 00000000 00:00 0 
7fbbdcf0b000-7fbbdcf35000 rw-p 00000000 00:00 0 
7fbbdcf35000-7fbbdd19e000 ---p 00000000 00:00 0 
7fbbdd19e000-7fbbdd260000 rw-p 00000000 00:00 0 
7fbbdd260000-7fbbdd2e8000 ---p 00000000 00:00 0 
7fbbdd2e8000-7fbbdd2fb000 rw-p 00000000 00:00 0 
7fbbdd2fb000-7fbbdd6a9000 ---p 00000000 00:00 0 
7fbbdd6a9000-7fbbdd6b1000 r-xp 00000000 08:13 3188464                    /usr/lib/jvm/java-8-openjdk/jre/lib/amd64/libzip.so
7fbbdd6b1000-7fbbdd8b0000 ---p 00008000 08:13 3188464                    /usr/lib/jvm/java-8-openjdk/jre/lib/amd64/libzip.so
7fbbdd8b0000-7fbbdd8b1000 rw-p 00007000 08:13 3188464                    /usr/lib/jvm/java-8-openjdk/jre/lib/amd64/libzip.so
7fbbdd8b1000-7fbbdd8bc000 r-xp 00000000 08:13 2886812                    /usr/lib/libnss_files-2.20.so
7fbbdd8bc000-7fbbddabc000 ---p 0000b000 08:13 2886812                    /usr/lib/libnss_files-2.20.so
7fbbddabc000-7fbbddabd000 r--p 0000b000 08:13 2886812                    /usr/lib/libnss_files-2.20.so
7fbbddabd000-7fbbddabe000 rw-p 0000c000 08:13 2886812                    /usr/lib/libnss_files-2.20.so
7fbbddabe000-7fbbddaeb000 r-xp 00000000 08:13 3188463                    /usr/lib/jvm/java-8-openjdk/jre/lib/amd64/libjava.so
7fbbddaeb000-7fbbddceb000 ---p 0002d000 08:13 3188463                    /usr/lib/jvm/java-8-openjdk/jre/lib/amd64/libjava.so
7fbbddceb000-7fbbddced000 rw-p 0002d000 08:13 3188463                    /usr/lib/jvm/java-8-openjdk/jre/lib/amd64/libjava.so
7fbbddced000-7fbbddcfa000 r-xp 00000000 08:13 3188453                    /usr/lib/jvm/java-8-openjdk/jre/lib/amd64/libverify.so
7fbbddcfa000-7fbbddef9000 ---p 0000d000 08:13 3188453                    /usr/lib/jvm/java-8-openjdk/jre/lib/amd64/libverify.so
7fbbddef9000-7fbbddefb000 rw-p 0000c000 08:13 3188453                    /usr/lib/jvm/java-8-openjdk/jre/lib/amd64/libverify.so
7fbbddefb000-7fbbddf02000 r-xp 00000000 08:13 2886867                    /usr/lib/librt-2.20.so
7fbbddf02000-7fbbde101000 ---p 00007000 08:13 2886867                    /usr/lib/librt-2.20.so
7fbbde101000-7fbbde102000 r--p 00006000 08:13 2886867                    /usr/lib/librt-2.20.so
7fbbde102000-7fbbde103000 rw-p 00007000 08:13 2886867                    /usr/lib/librt-2.20.so
7fbbde103000-7fbbde206000 r-xp 00000000 08:13 2886849                    /usr/lib/libm-2.20.so
7fbbde206000-7fbbde406000 ---p 00103000 08:13 2886849                    /usr/lib/libm-2.20.so
7fbbde406000-7fbbde407000 r--p 00103000 08:13 2886849                    /usr/lib/libm-2.20.so
7fbbde407000-7fbbde408000 rw-p 00104000 08:13 2886849                    /usr/lib/libm-2.20.so
7fbbde408000-7fbbdf055000 r-xp 00000000 08:13 3293118                    /usr/lib/jvm/java-8-openjdk/jre/lib/amd64/server/libjvm.so
7fbbdf055000-7fbbdf255000 ---p 00c4d000 08:13 3293118                    /usr/lib/jvm/java-8-openjdk/jre/lib/amd64/server/libjvm.so
7fbbdf255000-7fbbdf321000 rw-p 00c4d000 08:13 3293118                    /usr/lib/jvm/java-8-openjdk/jre/lib/amd64/server/libjvm.so
7fbbdf321000-7fbbdf360000 rw-p 00000000 00:00 0 
7fbbdf360000-7fbbdf4f9000 r-xp 00000000 08:13 2886850                    /usr/lib/libc-2.20.so
7fbbdf4f9000-7fbbdf6f9000 ---p 00199000 08:13 2886850                    /usr/lib/libc-2.20.so
7fbbdf6f9000-7fbbdf6fd000 r--p 00199000 08:13 2886850                    /usr/lib/libc-2.20.so
7fbbdf6fd000-7fbbdf6ff000 rw-p 0019d000 08:13 2886850                    /usr/lib/libc-2.20.so
7fbbdf6ff000-7fbbdf703000 rw-p 00000000 00:00 0 
7fbbdf703000-7fbbdf706000 r-xp 00000000 08:13 2886804                    /usr/lib/libdl-2.20.so
7fbbdf706000-7fbbdf905000 ---p 00003000 08:13 2886804                    /usr/lib/libdl-2.20.so
7fbbdf905000-7fbbdf906000 r--p 00002000 08:13 2886804                    /usr/lib/libdl-2.20.so
7fbbdf906000-7fbbdf907000 rw-p 00003000 08:13 2886804                    /usr/lib/libdl-2.20.so
7fbbdf907000-7fbbdf914000 r-xp 00000000 08:13 3556665                    /usr/lib/jvm/java-8-openjdk/jre/lib/amd64/jli/libjli.so
7fbbdf914000-7fbbdfb13000 ---p 0000d000 08:13 3556665                    /usr/lib/jvm/java-8-openjdk/jre/lib/amd64/jli/libjli.so
7fbbdfb13000-7fbbdfb14000 rw-p 0000c000 08:13 3556665                    /usr/lib/jvm/java-8-openjdk/jre/lib/amd64/jli/libjli.so
7fbbdfb14000-7fbbdfb29000 r-xp 00000000 08:13 2889850                    /usr/lib/libz.so.1.2.8
7fbbdfb29000-7fbbdfd28000 ---p 00015000 08:13 2889850                    /usr/lib/libz.so.1.2.8
7fbbdfd28000-7fbbdfd29000 r--p 00014000 08:13 2889850                    /usr/lib/libz.so.1.2.8
7fbbdfd29000-7fbbdfd2a000 rw-p 00015000 08:13 2889850                    /usr/lib/libz.so.1.2.8
7fbbdfd2a000-7fbbdfd41000 r-xp 00000000 08:13 2886818                    /usr/lib/libpthread-2.20.so
7fbbdfd41000-7fbbdff40000 ---p 00017000 08:13 2886818                    /usr/lib/libpthread-2.20.so
7fbbdff40000-7fbbdff41000 r--p 00016000 08:13 2886818                    /usr/lib/libpthread-2.20.so
7fbbdff41000-7fbbdff42000 rw-p 00017000 08:13 2886818                    /usr/lib/libpthread-2.20.so
7fbbdff42000-7fbbdff46000 rw-p 00000000 00:00 0 
7fbbdff46000-7fbbdff68000 r-xp 00000000 08:13 2886814                    /usr/lib/ld-2.20.so
7fbbdff68000-7fbbdff6a000 r--s 02bf8000 08:14 11929885                   /home/pold/.m2/repository/edu/cmu/sphinx/sphinx4-data/1.0-SNAPSHOT/sphinx4-data-1.0-20140806.205007-2.jar
7fbbdff6a000-7fbbdff6f000 r--s 00092000 08:13 3039238                    /usr/lib/jvm/java-8-openjdk/jre/lib/jsse.jar
7fbbdff6f000-7fbbdff82000 r--s 00345000 08:13 3039241                    /usr/lib/jvm/java-8-openjdk/jre/lib/resources.jar
7fbbdff82000-7fbbdff87000 r--s 002f8000 08:13 3039240                    /usr/lib/jvm/java-8-openjdk/jre/lib/charsets.jar
7fbbdff87000-7fbbe002b000 rw-p 00000000 00:00 0 
7fbbe002b000-7fbbe002e000 ---p 00000000 00:00 0 
7fbbe002e000-7fbbe0130000 rw-p 00000000 00:00 0                          [stack:30032]
7fbbe0130000-7fbbe0132000 r--s 00006000 08:14 11929892                   /home/pold/.m2/repository/org/slf4j/slf4j-api/1.7.6/slf4j-api-1.7.6.jar
7fbbe0132000-7fbbe0133000 r--s 00000000 08:13 3039236                    /usr/lib/jvm/java-8-openjdk/jre/lib/management-agent.jar
7fbbe0133000-7fbbe0135000 r--s 00015000 08:13 3039235                    /usr/lib/jvm/java-8-openjdk/jre/lib/jce.jar
7fbbe0135000-7fbbe015c000 rw-p 00000000 00:00 0 
7fbbe015c000-7fbbe0164000 rw-s 00000000 00:1f 148292                     /tmp/hsperfdata_pold/30031
7fbbe0164000-7fbbe0165000 rw-p 00000000 00:00 0 
7fbbe0165000-7fbbe0166000 r--p 00000000 00:00 0 
7fbbe0166000-7fbbe0167000 rw-p 00000000 00:00 0 
7fbbe0167000-7fbbe0168000 r--p 00021000 08:13 2886814                    /usr/lib/ld-2.20.so
7fbbe0168000-7fbbe0169000 rw-p 00022000 08:13 2886814                    /usr/lib/ld-2.20.so
7fbbe0169000-7fbbe016a000 rw-p 00000000 00:00 0 
7fff24694000-7fff246b6000 rw-p 00000000 00:00 0                          [stack]
7fff247fc000-7fff247fe000 r-xp 00000000 00:00 0                          [vdso]
7fff247fe000-7fff24800000 r--p 00000000 00:00 0                          [vvar]
ffffffffff600000-ffffffffff601000 r-xp 00000000 00:00 0                  [vsyscall]

VM Arguments:
jvm_args: -Djava.library.path=file:///home/pold/Documents/Radboud/Java/photo-album/lib/native/nux/x64/ -Didea.launcher.port=7535 -Didea.launcher.bin.path=/usr/share/intellij-idea-ultimate-edition/bin -Dfile.encoding=UTF-8 
java_command: com.intellij.rt.execution.application.AppMain main.java.userInterface.App
java_class_path (initial): /usr/lib/jvm/default/jre/lib/rt.jar:/usr/lib/jvm/default/jre/lib/jce.jar:/usr/lib/jvm/default/jre/lib/charsets.jar:/usr/lib/jvm/default/jre/lib/resources.jar:/usr/lib/jvm/default/jre/lib/management-agent.jar:/usr/lib/jvm/default/jre/lib/jsse.jar:/usr/lib/jvm/default/jre/lib/ext/sunec.jar:/usr/lib/jvm/default/jre/lib/ext/dnsns.jar:/usr/lib/jvm/default/jre/lib/ext/nashorn.jar:/usr/lib/jvm/default/jre/lib/ext/sunjce_provider.jar:/usr/lib/jvm/default/jre/lib/ext/sunpkcs11.jar:/usr/lib/jvm/default/jre/lib/ext/zipfs.jar:/usr/lib/jvm/default/jre/lib/ext/localedata.jar:/usr/lib/jvm/default/jre/lib/ext/cldrdata.jar:/home/pold/Documents/Radboud/Java/photo-album/target/classes:/home/pold/.m2/repository/edu/cmu/sphinx/sphinx4-core/1.0-SNAPSHOT/sphinx4-core-1.0-20140806.210945-2.jar:/home/pold/.m2/repository/org/apache/commons/commons-math3/3.2/commons-math3-3.2.jar:/home/pold/.m2/repository/com/google/guava/guava/17.0/guava-17.0.jar:/home/pold/.m2/repository/org/slf4j/slf4j-api/1.7.6/slf4j-api-1.7.6.jar:/home/pold/.m2/repository/edu/cmu/sphinx/sphinx4-data/1.0-SNAPSHOT/sphinx4-data-1.0-20140806.205007-2.jar:/home/pold/.m2/repository/org/apache/httpcomponents/httpclient/4.3.6/httpclient-4.3.6.jar:/home/pold/.m2/repository/org/apache/httpcomponents/httpcore/4.3.3/httpcore-4.3.3.jar:/home/pold/.m2/repository/commons-logging/commons-logging/1.1.3/commons-logging-1.1.3.jar:/home/pold/.m2/repository/commons-codec/commons-codec/1.6/commons-codec-1.6.jar:/home/pold/.m2/repository/org/apache/httpcomponents/httpmime/4.3.6/httpmime-4.3.6.jar:/home/pold/.m2/repository/com/fasterxml/jackson/core/jackson-core/2.4.4/jackson-core-2.4.4.jar:/home/pold/.m2/repository/com/fasterxml/jackson/core/jackson-databind/2.4.4/jackson-databind-2.4.4.jar:/home/pold/.m2/repository/com/fasterxml/jackson/core/jackson-annotations/2.4.4/jackson-annotations-2.4.4.jar:/home/pold/.m2/repository/com/seaglasslookandfeel/seaglasslookandfeel/0.2/seaglasslookandfeel-0.2.jar:/home/pold/Docume
Launcher Type: SUN_STANDARD

Environment Variables:
JAVA_HOME=/usr/lib/jvm/default
CLASSPATH=./../lib/bootstrap.jar:./../lib/extensions.jar:./../lib/util.jar:./../lib/jdom.jar:./../lib/log4j.jar:./../lib/trove4j.jar:./../lib/jna.jar:/usr/lib/jvm/default//lib/tools.jar
PATH=/usr/local/sbin:/usr/local/bin:/usr/bin:/usr/bin/site_perl:/usr/bin/vendor_perl:/usr/bin/core_perl:/home/pold/bin:/usr/local/MATLAB/R2014a/bin:/home/pold/.cabal/bin:/home/pold/.config/sublime-text-2/Packages/myPDDL/
LD_LIBRARY_PATH=.:
SHELL=/usr/bin/zsh
DISPLAY=:0

Signal Handlers:
SIGSEGV: [libjvm.so+0xa49330], sa_mask[0]=11111111011111111101111111111110, sa_flags=SA_RESTART|SA_SIGINFO
SIGBUS: [libjvm.so+0xa49330], sa_mask[0]=11111111011111111101111111111110, sa_flags=SA_RESTART|SA_SIGINFO
SIGFPE: [libjvm.so+0x89f390], sa_mask[0]=11111111011111111101111111111110, sa_flags=SA_RESTART|SA_SIGINFO
SIGPIPE: [libjvm.so+0x89f390], sa_mask[0]=11111111011111111101111111111110, sa_flags=SA_RESTART|SA_SIGINFO
SIGXFSZ: [libjvm.so+0x89f390], sa_mask[0]=11111111011111111101111111111110, sa_flags=SA_RESTART|SA_SIGINFO
SIGILL: [libjvm.so+0x89f390], sa_mask[0]=11111111011111111101111111111110, sa_flags=SA_RESTART|SA_SIGINFO
SIGUSR1: SIG_DFL, sa_mask[0]=00000000000000000000000000000000, sa_flags=none
SIGUSR2: [libjvm.so+0x89f240], sa_mask[0]=00100000000000000000000000000000, sa_flags=SA_RESTART|SA_SIGINFO
SIGHUP: [libjvm.so+0x89f450], sa_mask[0]=11111111011111111101111111111110, sa_flags=SA_RESTART|SA_SIGINFO
SIGINT: [libjvm.so+0x89f450], sa_mask[0]=11111111011111111101111111111110, sa_flags=SA_RESTART|SA_SIGINFO
SIGTERM: [libjvm.so+0x89f450], sa_mask[0]=11111111011111111101111111111110, sa_flags=SA_RESTART|SA_SIGINFO
SIGQUIT: [libjvm.so+0x89f450], sa_mask[0]=11111111011111111101111111111110, sa_flags=SA_RESTART|SA_SIGINFO


---------------  S Y S T E M  ---------------

OS:LSB_VERSION=1.4
DISTRIB_ID=Arch
DISTRIB_RELEASE=rolling
DISTRIB_DESCRIPTION="Arch Linux"

uname:Linux 3.16.3-1-ARCH #1 SMP PREEMPT Wed Sep 17 21:54:13 CEST 2014 x86_64
libc:glibc 2.20 NPTL 2.20 
rlimit: STACK 8192k, CORE infinity, NPROC 31620, NOFILE 4096, AS infinity
load average:4.28 3.72 3.63

/proc/meminfo:
MemTotal:        8100400 kB
MemFree:         3834672 kB
MemAvailable:    4746372 kB
Buffers:           95132 kB
Cached:          1040544 kB
SwapCached:            0 kB
Active:          3395980 kB
Inactive:         612504 kB
Active(anon):    2878056 kB
Inactive(anon):    85976 kB
Active(file):     517924 kB
Inactive(file):   526528 kB
Unevictable:           0 kB
Mlocked:               0 kB
SwapTotal:             0 kB
SwapFree:              0 kB
Dirty:              9772 kB
Writeback:             0 kB
AnonPages:       2872800 kB
Mapped:           336396 kB
Shmem:             91232 kB
Slab:              98820 kB
SReclaimable:      72380 kB
SUnreclaim:        26440 kB
KernelStack:        9504 kB
PageTables:        36668 kB
NFS_Unstable:          0 kB
Bounce:                0 kB
WritebackTmp:          0 kB
CommitLimit:     4050200 kB
Committed_AS:    6054168 kB
VmallocTotal:   34359738367 kB
VmallocUsed:      169496 kB
VmallocChunk:   34359559572 kB
HardwareCorrupted:     0 kB
AnonHugePages:   1269760 kB
HugePages_Total:       0
HugePages_Free:        0
HugePages_Rsvd:        0
HugePages_Surp:        0
Hugepagesize:       2048 kB
DirectMap4k:       52444 kB
DirectMap2M:     1964032 kB
DirectMap1G:     6291456 kB


CPU:total 4 (4 cores per cpu, 1 threads per core) family 6 model 60 stepping 3, cmov, cx8, fxsr, mmx, sse, sse2, sse3, ssse3, sse4.1, sse4.2, popcnt, avx, avx2, aes, clmul, erms, rtm, lzcnt, tsc, tscinvbit, bmi1, bmi2

/proc/cpuinfo:
processor	: 0
vendor_id	: GenuineIntel
cpu family	: 6
model		: 60
model name	: Intel(R) Core(TM) i5-4570 CPU @ 3.20GHz
stepping	: 3
microcode	: 0x16
cpu MHz		: 3449.625
cache size	: 6144 KB
physical id	: 0
siblings	: 4
core id		: 0
cpu cores	: 4
apicid		: 0
initial apicid	: 0
fpu		: yes
fpu_exception	: yes
cpuid level	: 13
wp		: yes
flags		: fpu vme de pse tsc msr pae mce cx8 apic sep mtrr pge mca cmov pat pse36 clflush dts acpi mmx fxsr sse sse2 ss ht tm pbe syscall nx pdpe1gb rdtscp lm constant_tsc arch_perfmon pebs bts rep_good nopl xtopology nonstop_tsc aperfmperf eagerfpu pni pclmulqdq dtes64 monitor ds_cpl vmx smx est tm2 ssse3 fma cx16 xtpr pdcm pcid sse4_1 sse4_2 x2apic movbe popcnt tsc_deadline_timer aes xsave avx f16c rdrand lahf_lm abm ida arat epb xsaveopt pln pts dtherm tpr_shadow vnmi flexpriority ept vpid fsgsbase tsc_adjust bmi1 hle avx2 smep bmi2 erms invpcid rtm
bogomips	: 6387.03
clflush size	: 64
cache_alignment	: 64
address sizes	: 39 bits physical, 48 bits virtual
power management:

processor	: 1
vendor_id	: GenuineIntel
cpu family	: 6
model		: 60
model name	: Intel(R) Core(TM) i5-4570 CPU @ 3.20GHz
stepping	: 3
microcode	: 0x16
cpu MHz		: 3449.625
cache size	: 6144 KB
physical id	: 0
siblings	: 4
core id		: 1
cpu cores	: 4
apicid		: 2
initial apicid	: 2
fpu		: yes
fpu_exception	: yes
cpuid level	: 13
wp		: yes
flags		: fpu vme de pse tsc msr pae mce cx8 apic sep mtrr pge mca cmov pat pse36 clflush dts acpi mmx fxsr sse sse2 ss ht tm pbe syscall nx pdpe1gb rdtscp lm constant_tsc arch_perfmon pebs bts rep_good nopl xtopology nonstop_tsc aperfmperf eagerfpu pni pclmulqdq dtes64 monitor ds_cpl vmx smx est tm2 ssse3 fma cx16 xtpr pdcm pcid sse4_1 sse4_2 x2apic movbe popcnt tsc_deadline_timer aes xsave avx f16c rdrand lahf_lm abm ida arat epb xsaveopt pln pts dtherm tpr_shadow vnmi flexpriority ept vpid fsgsbase tsc_adjust bmi1 hle avx2 smep bmi2 erms invpcid rtm
bogomips	: 6387.03
clflush size	: 64
cache_alignment	: 64
address sizes	: 39 bits physical, 48 bits virtual
power management:

processor	: 2
vendor_id	: GenuineIntel
cpu family	: 6
model		: 60
model name	: Intel(R) Core(TM) i5-4570 CPU @ 3.20GHz
stepping	: 3
microcode	: 0x16
cpu MHz		: 3449.500
cache size	: 6144 KB
physical id	: 0
siblings	: 4
core id		: 2
cpu cores	: 4
apicid		: 4
initial apicid	: 4
fpu		: yes
fpu_exception	: yes
cpuid level	: 13
wp		: yes
flags		: fpu vme de pse tsc msr pae mce cx8 apic sep mtrr pge mca cmov pat pse36 clflush dts acpi mmx fxsr sse sse2 ss ht tm pbe syscall nx pdpe1gb rdtscp lm constant_tsc arch_perfmon pebs bts rep_good nopl xtopology nonstop_tsc aperfmperf eagerfpu pni pclmulqdq dtes64 monitor ds_cpl vmx smx est tm2 ssse3 fma cx16 xtpr pdcm pcid sse4_1 sse4_2 x2apic movbe popcnt tsc_deadline_timer aes xsave avx f16c rdrand lahf_lm abm ida arat epb xsaveopt pln pts dtherm tpr_shadow vnmi flexpriority ept vpid fsgsbase tsc_adjust bmi1 hle avx2 smep bmi2 erms invpcid rtm
bogomips	: 6387.03
clflush size	: 64
cache_alignment	: 64
address sizes	: 39 bits physical, 48 bits virtual
power management:

processor	: 3
vendor_id	: GenuineIntel
cpu family	: 6
model		: 60
model name	: Intel(R) Core(TM) i5-4570 CPU @ 3.20GHz
stepping	: 3
microcode	: 0x16
cpu MHz		: 3400.000
cache size	: 6144 KB
physical id	: 0
siblings	: 4
core id		: 3
cpu cores	: 4
apicid		: 6
initial apicid	: 6
fpu		: yes
fpu_exception	: yes
cpuid level	: 13
wp		: yes
flags		: fpu vme de pse tsc msr pae mce cx8 apic sep mtrr pge mca cmov pat pse36 clflush dts acpi mmx fxsr sse sse2 ss ht tm pbe syscall nx pdpe1gb rdtscp lm constant_tsc arch_perfmon pebs bts rep_good nopl xtopology nonstop_tsc aperfmperf eagerfpu pni pclmulqdq dtes64 monitor ds_cpl vmx smx est tm2 ssse3 fma cx16 xtpr pdcm pcid sse4_1 sse4_2 x2apic movbe popcnt tsc_deadline_timer aes xsave avx f16c rdrand lahf_lm abm ida arat epb xsaveopt pln pts dtherm tpr_shadow vnmi flexpriority ept vpid fsgsbase tsc_adjust bmi1 hle avx2 smep bmi2 erms invpcid rtm
bogomips	: 6387.03
clflush size	: 64
cache_alignment	: 64
address sizes	: 39 bits physical, 48 bits virtual
power management:



Memory: 4k page, physical 8100400k(3834672k free), swap 0k(0k free)

vm_info: OpenJDK 64-Bit Server VM (25.20-b22) for linux-amd64 JRE (1.8.0_20-b23), built on Sep 17 2014 13:04:28 by "nobody" with gcc 4.9.1 20140903 (prerelease)

time: Mon Jan 19 01:13:48 2015
elapsed time: 16 seconds (0d 0h 0m 16s)

