#
# A fatal error has been detected by the Java Runtime Environment:
#
#  SIGSEGV (0xb) at pc=0x00007fbd752d078e, pid=14303, tid=140451369694976
#
# JRE version: OpenJDK Runtime Environment (8.0_20-b23) (build 1.8.0_20-b23)
# Java VM: OpenJDK 64-Bit Server VM (25.20-b22 mixed mode linux-amd64 compressed oops)
# Problematic frame:
# C  [libLeap.so+0x6e78e]
#
# Core dump written. Default location: /home/pold/Documents/Radboud/Java/photo-album/core or core.14303
#
# If you would like to submit a bug report, please visit:
#   http://bugreport.sun.com/bugreport/crash.jsp
# The crash happened outside the Java Virtual Machine in native code.
# See problematic frame for where to report the bug.
#

---------------  T H R E A D  ---------------

Current thread (0x00007fbd3c001000):  JavaThread "Thread-310" [_thread_in_native, id=14385, stack(0x00007fbd617fb000,0x00007fbd61ffc000)]

siginfo: si_signo: 11 (SIGSEGV), si_code: 1 (SEGV_MAPERR), si_addr: 0x0000000000000008

Registers:
RAX=0x00007fbd3c03ca30, RBX=0x0000000000000000, RCX=0x00007fbd3c000020, RDX=0x0000000066666667
RSP=0x00007fbd61ffa430, RBP=0x0000000000000005, RSI=0x0000000000000000, RDI=0x0000000000000000
R8 =0x00007fbd38006d70, R9 =0x00007fbd3c03ceb0, R10=0x00007fbdb49d16a8, R11=0x00007fbdc9103530
R12=0x0000000000000000, R13=0x00007fbd61ffa440, R14=0x00007fbd38096260, R15=0x00007fbd61ffa450
RIP=0x00007fbd752d078e, EFLAGS=0x0000000000010206, CSGSFS=0x0000000000000033, ERR=0x0000000000000004
  TRAPNO=0x000000000000000e

Top of Stack: (sp=0x00007fbd61ffa430)
0x00007fbd61ffa430:   00007fbd75b20178 00007fbd61ffa4e0
0x00007fbd61ffa440:   00007fbd75b1e6e8 0000000000000000
0x00007fbd61ffa450:   00007fbd3c03ca30 00007fbd3c03ca30
0x00007fbd61ffa460:   00007fbd3c03ca80 0000000000000001
0x00007fbd61ffa470:   00007fbd3c03ce90 0000000000000000
0x00007fbd61ffa480:   00000000d8212fc8 00000000d8212fc8
0x00007fbd61ffa490:   00007fbd61ffa490 00007fbd61ffa4e0
0x00007fbd61ffa4a0:   00007fbd61ffa4e0 0000000000000000
0x00007fbd61ffa4b0:   00007fbdb33caf98 00007fbd61ffa598
0x00007fbd61ffa4c0:   00007fbd3c001000 00007fbd752d0947
0x00007fbd61ffa4d0:   00007fbdb33caf98 00007fbd756251d6
0x00007fbd61ffa4e0:   0000000000000001 00000000d82129e8
0x00007fbd61ffa4f0:   00007fbdb33caf98 00007fbd61ffa568
0x00007fbd61ffa500:   0000000000000000 00007fbdb49d16d4
0x00007fbd61ffa510:   0000000000000000 00007fbd75b1d810
0x00007fbd61ffa520:   0000000000000000 00007fbd61ffa528
0x00007fbd61ffa530:   0000000000000000 00007fbd61ffa598
0x00007fbd61ffa540:   00007fbd75ac0f08 0000000000000000
0x00007fbd61ffa550:   00007fbdb33caf98 0000000000000000
0x00007fbd61ffa560:   00007fbd61ffa5a0 00007fbd61ffa9b0
0x00007fbd61ffa570:   00007fbdb4bddff4 00000000d91018d8
0x00007fbd61ffa580:   00007fbdb49cb2b7 00000000d8212fc8
0x00007fbd61ffa590:   00007fbd3c03ce90 00007fbdb4bddff4
0x00007fbd61ffa5a0:   0000000000000000 00007fbd61ffa938
0x00007fbd61ffa5b0:   00007fbd61ffa790 00007fbdb4a2971a
0x00007fbd61ffa5c0:   0000000000000004 0000000000000000
0x00007fbd61ffa5d0:   0000000000000000 0000000000000000
0x00007fbd61ffa5e0:   0000000000000000 00000000000000ff
0x00007fbd61ffa5f0:   c48348146fffd3e8 49f8458b48146fff
0x00007fbd61ffa600:   000001b897894d00 0001c097894d0000
0x00007fbd61ffa610:   c900000000000001 e9c300000001850f
0x00007fbd61ffa620:   4800ec8348e48b4c 8b48e4334de48b49 

Instructions: (pc=0x00007fbd752d078e)
0x00007fbd752d076e:   e8 cd 83 ff ff 4c 8d 6c 24 10 31 db 48 85 ed 74
0x00007fbd752d077e:   6b 4d 8b 86 58 01 00 00 ba 67 66 66 66 49 8b 30
0x00007fbd752d078e:   8b 4e 08 89 c8 f7 ea 89 c8 c1 f8 1f c1 fa 02 29
0x00007fbd752d079e:   c2 8d 04 92 01 c0 29 c1 39 cb 0f 84 a2 00 00 00 

Register to memory mapping:

RAX=0x00007fbd3c03ca30 is an unknown value
RBX=0x0000000000000000 is an unknown value
RCX=0x00007fbd3c000020 is an unknown value
RDX=0x0000000066666667 is an unknown value
RSP=0x00007fbd61ffa430 is pointing into the stack for thread: 0x00007fbd3c001000
RBP=0x0000000000000005 is an unknown value
RSI=0x0000000000000000 is an unknown value
RDI=0x0000000000000000 is an unknown value
R8 =0x00007fbd38006d70 is an unknown value
R9 =0x00007fbd3c03ceb0 is an unknown value
R10=0x00007fbdb49d16a8 is at code_begin+808 in an Interpreter codelet
method entry point (kind = native)  [0x00007fbdb49d1380, 0x00007fbdb49d1c80]  2304 bytes
R11=0x00007fbdc9103530: <offset 0x943530> in /usr/lib/jvm/java-8-openjdk/jre/lib/amd64/server/libjvm.so at 0x00007fbdc87c0000
R12=0x0000000000000000 is an unknown value
R13=0x00007fbd61ffa440 is pointing into the stack for thread: 0x00007fbd3c001000
R14=0x00007fbd38096260 is an unknown value
R15=0x00007fbd61ffa450 is pointing into the stack for thread: 0x00007fbd3c001000


Stack: [0x00007fbd617fb000,0x00007fbd61ffc000],  sp=0x00007fbd61ffa430,  free space=8189k
Native frames: (J=compiled Java code, j=interpreted, Vv=VM code, C=native code)
C  [libLeap.so+0x6e78e]

Java frames: (J=compiled Java code, j=interpreted, Vv=VM code)
j  com.leapmotion.leap.LeapJNI.Hand_fingers(JLcom/leapmotion/leap/Hand;)J+0
J 496 C1 main.java.gesturerecognition.LeapListener.setPositions(Lcom/leapmotion/leap/Frame;)V (349 bytes) @ 0x00007fbdb4bddff4 [0x00007fbdb4bdd280+0xd74]
J 512 C1 main.java.gesturerecognition.LeapListener.onFrame(Lcom/leapmotion/leap/Controller;)V (19 bytes) @ 0x00007fbdb4beb9bc [0x00007fbdb4beb700+0x2bc]
J 511 C1 com.leapmotion.leap.LeapJNI.SwigDirector_Listener_onFrame(Lcom/leapmotion/leap/Listener;J)V (14 bytes) @ 0x00007fbdb4beb164 [0x00007fbdb4beaee0+0x284]
v  ~StubRoutines::call_stub

---------------  P R O C E S S  ---------------

Java Threads: ( => current thread )
=>0x00007fbd3c001000 JavaThread "Thread-310" [_thread_in_native, id=14385, stack(0x00007fbd617fb000,0x00007fbd61ffc000)]
  0x00007fbd64008800 JavaThread "AWT-EventQueue-0" [_thread_blocked, id=14377, stack(0x00007fbd75848000,0x00007fbd75949000)]
  0x00007fbdc42be800 JavaThread "AWT-Shutdown" [_thread_blocked, id=14376, stack(0x00007fbd75949000,0x00007fbd75a4a000)]
  0x00007fbdc4283800 JavaThread "AWT-XAWT" daemon [_thread_in_native, id=14373, stack(0x00007fbd75c4a000,0x00007fbd75d4b000)]
  0x00007fbdc4261800 JavaThread "Java2D Disposer" daemon [_thread_blocked, id=14372, stack(0x00007fbd7615c000,0x00007fbd7625d000)]
  0x00007fbdc41a1800 JavaThread "Monitor Ctrl-Break" daemon [_thread_in_native, id=14353, stack(0x00007fbdb0f7a000,0x00007fbdb107b000)]
  0x00007fbdc40b6800 JavaThread "Service Thread" daemon [_thread_blocked, id=14319, stack(0x00007fbdb1412000,0x00007fbdb1513000)]
  0x00007fbdc40b1800 JavaThread "C1 CompilerThread2" daemon [_thread_blocked, id=14318, stack(0x00007fbdb1513000,0x00007fbdb1614000)]
  0x00007fbdc40b0000 JavaThread "C2 CompilerThread1" daemon [_thread_blocked, id=14317, stack(0x00007fbdb1614000,0x00007fbdb1715000)]
  0x00007fbdc40ad000 JavaThread "C2 CompilerThread0" daemon [_thread_blocked, id=14315, stack(0x00007fbdb1715000,0x00007fbdb1816000)]
  0x00007fbdc40ab000 JavaThread "Signal Dispatcher" daemon [_thread_blocked, id=14314, stack(0x00007fbdb1816000,0x00007fbdb1917000)]
  0x00007fbdc407b800 JavaThread "Finalizer" daemon [_thread_blocked, id=14312, stack(0x00007fbdb1b1a000,0x00007fbdb1c1b000)]
  0x00007fbdc4079800 JavaThread "Reference Handler" daemon [_thread_blocked, id=14311, stack(0x00007fbdb1c1b000,0x00007fbdb1d1c000)]
  0x00007fbdc4009800 JavaThread "main" [_thread_in_Java, id=14304, stack(0x00007fbdca3e4000,0x00007fbdca4e5000)]

Other Threads:
  0x00007fbdc4072800 VMThread [stack: 0x00007fbdb1d1c000,0x00007fbdb1e1d000] [id=14310]
  0x00007fbdc40b9000 WatcherThread [stack: 0x00007fbdb1311000,0x00007fbdb1412000] [id=14320]

VM state:not at safepoint (normal execution)

VM Mutex/Monitor currently owned by a thread: None

Heap:
 PSYoungGen      total 36864K, used 23818K [0x00000000d6d00000, 0x00000000d9600000, 0x0000000100000000)
  eden space 31744K, 68% used [0x00000000d6d00000,0x00000000d823a308,0x00000000d8c00000)
  from space 5120K, 40% used [0x00000000d9100000,0x00000000d9308830,0x00000000d9600000)
  to   space 5120K, 0% used [0x00000000d8c00000,0x00000000d8c00000,0x00000000d9100000)
 ParOldGen       total 84992K, used 16K [0x0000000084600000, 0x0000000089900000, 0x00000000d6d00000)
  object space 84992K, 0% used [0x0000000084600000,0x0000000084604000,0x0000000089900000)
 Metaspace       used 10274K, capacity 10410K, committed 10752K, reserved 1058816K
  class space    used 1102K, capacity 1153K, committed 1280K, reserved 1048576K

Card table byte_map: [0x00007fbdb421e000,0x00007fbdb45fc000] byte_map_base: 0x00007fbdb3dfb000

Marking Bits: (ParMarkBitMap*) 0x00007fbdc96eb780
 Begin Bits: [0x00007fbda8230000, 0x00007fbdaa118000)
 End Bits:   [0x00007fbdaa118000, 0x00007fbdac000000)

Polling page: 0x00007fbdca51d000

CodeCache: size=245760Kb used=2250Kb max_used=2250Kb free=243509Kb
 bounds [0x00007fbdb49bc000, 0x00007fbdb4c2c000, 0x00007fbdc39bc000]
 total_blobs=1017 nmethods=521 adapters=411
 compilation: enabled

Compilation events (10 events):
Event: 5.479 Thread 0x00007fbdc40b1800  512       3       main.java.gesturerecognition.LeapListener::onFrame (19 bytes)
Event: 5.479 Thread 0x00007fbdc40b1800 nmethod 512 0x00007fbdb4beb550 code [0x00007fbdb4beb700, 0x00007fbdb4bebb68]
Event: 5.492 Thread 0x00007fbdc40b1800  517       3       java.security.AccessControlContext::calculateFields (89 bytes)
Event: 5.493 Thread 0x00007fbdc40b1800 nmethod 517 0x00007fbdb4beccd0 code [0x00007fbdb4bece60, 0x00007fbdb4bed218]
Event: 5.493 Thread 0x00007fbdc40b1800  518       3       java.security.AccessControlContext::combine (205 bytes)
Event: 5.493 Thread 0x00007fbdc40b1800 nmethod 518 0x00007fbdb4bed350 code [0x00007fbdb4bed540, 0x00007fbdb4bee038]
Event: 5.556 Thread 0x00007fbdc40b1800  519       3       java.lang.Integer::getChars (131 bytes)
Event: 5.556 Thread 0x00007fbdc40b1800 nmethod 519 0x00007fbdb4bee450 code [0x00007fbdb4bee600, 0x00007fbdb4beea90]
Event: 5.873 Thread 0x00007fbdc40b1800  520       3       com.leapmotion.leap.HandList$HandListIterator::hasNext (20 bytes)
Event: 5.873 Thread 0x00007fbdc40b1800 nmethod 520 0x00007fbdb4beeed0 code [0x00007fbdb4bef040, 0x00007fbdb4bef2a8]

GC Heap History (4 events):
Event: 3.206 GC heap before
{Heap before GC invocations=1 (full 0):
 PSYoungGen      total 36864K, used 31744K [0x00000000d6d00000, 0x00000000d9600000, 0x0000000100000000)
  eden space 31744K, 100% used [0x00000000d6d00000,0x00000000d8c00000,0x00000000d8c00000)
  from space 5120K, 0% used [0x00000000d9100000,0x00000000d9100000,0x00000000d9600000)
  to   space 5120K, 0% used [0x00000000d8c00000,0x00000000d8c00000,0x00000000d9100000)
 ParOldGen       total 84992K, used 0K [0x0000000084600000, 0x0000000089900000, 0x00000000d6d00000)
  object space 84992K, 0% used [0x0000000084600000,0x0000000084600000,0x0000000089900000)
 Metaspace       used 10115K, capacity 10276K, committed 10368K, reserved 1058816K
  class space    used 1089K, capacity 1152K, committed 1152K, reserved 1048576K
Event: 3.213 GC heap after
Heap after GC invocations=1 (full 0):
 PSYoungGen      total 36864K, used 2012K [0x00000000d6d00000, 0x00000000d9600000, 0x0000000100000000)
  eden space 31744K, 0% used [0x00000000d6d00000,0x00000000d6d00000,0x00000000d8c00000)
  from space 5120K, 39% used [0x00000000d8c00000,0x00000000d8df71a8,0x00000000d9100000)
  to   space 5120K, 0% used [0x00000000d9100000,0x00000000d9100000,0x00000000d9600000)
 ParOldGen       total 84992K, used 8K [0x0000000084600000, 0x0000000089900000, 0x00000000d6d00000)
  object space 84992K, 0% used [0x0000000084600000,0x0000000084602000,0x0000000089900000)
 Metaspace       used 10115K, capacity 10276K, committed 10368K, reserved 1058816K
  class space    used 1089K, capacity 1152K, committed 1152K, reserved 1048576K
}
Event: 4.672 GC heap before
{Heap before GC invocations=2 (full 0):
 PSYoungGen      total 36864K, used 33756K [0x00000000d6d00000, 0x00000000d9600000, 0x0000000100000000)
  eden space 31744K, 100% used [0x00000000d6d00000,0x00000000d8c00000,0x00000000d8c00000)
  from space 5120K, 39% used [0x00000000d8c00000,0x00000000d8df71a8,0x00000000d9100000)
  to   space 5120K, 0% used [0x00000000d9100000,0x00000000d9100000,0x00000000d9600000)
 ParOldGen       total 84992K, used 8K [0x0000000084600000, 0x0000000089900000, 0x00000000d6d00000)
  object space 84992K, 0% used [0x0000000084600000,0x0000000084602000,0x0000000089900000)
 Metaspace       used 10147K, capacity 10276K, committed 10368K, reserved 1058816K
  class space    used 1091K, capacity 1152K, committed 1152K, reserved 1048576K
Event: 4.681 GC heap after
Heap after GC invocations=2 (full 0):
 PSYoungGen      total 36864K, used 2082K [0x00000000d6d00000, 0x00000000d9600000, 0x0000000100000000)
  eden space 31744K, 0% used [0x00000000d6d00000,0x00000000d6d00000,0x00000000d8c00000)
  from space 5120K, 40% used [0x00000000d9100000,0x00000000d9308830,0x00000000d9600000)
  to   space 5120K, 0% used [0x00000000d8c00000,0x00000000d8c00000,0x00000000d9100000)
 ParOldGen       total 84992K, used 16K [0x0000000084600000, 0x0000000089900000, 0x00000000d6d00000)
  object space 84992K, 0% used [0x0000000084600000,0x0000000084604000,0x0000000089900000)
 Metaspace       used 10147K, capacity 10276K, committed 10368K, reserved 1058816K
  class space    used 1091K, capacity 1152K, committed 1152K, reserved 1048576K
}

Deoptimization events (0 events):
No events

Internal exceptions (10 events):
Event: 1.993 Thread 0x00007fbd3c001000 Exception <a 'java/security/PrivilegedActionException'> (0x00000000d765f130) thrown at [/build/java8-openjdk/src/jdk8u-jdk8u20-b23/hotspot/src/share/vm/prims/jvm.cpp, line 1275]
Event: 1.993 Thread 0x00007fbd3c001000 Exception <a 'java/security/PrivilegedActionException'> (0x00000000d7664f88) thrown at [/build/java8-openjdk/src/jdk8u-jdk8u20-b23/hotspot/src/share/vm/prims/jvm.cpp, line 1275]
Event: 2.029 Thread 0x00007fbd64008800 Exception <a 'java/lang/UnsupportedOperationException': > (0x00000000d7347518) thrown at [/build/java8-openjdk/src/jdk8u-jdk8u20-b23/hotspot/src/share/vm/prims/jni.cpp, line 742]
Event: 4.671 Thread 0x00007fbd3c001000 Exception <a 'java/security/PrivilegedActionException'> (0x00000000d8bf2ab8) thrown at [/build/java8-openjdk/src/jdk8u-jdk8u20-b23/hotspot/src/share/vm/prims/jvm.cpp, line 1275]
Event: 4.672 Thread 0x00007fbd3c001000 Exception <a 'java/security/PrivilegedActionException'> (0x00000000d8bf8230) thrown at [/build/java8-openjdk/src/jdk8u-jdk8u20-b23/hotspot/src/share/vm/prims/jvm.cpp, line 1275]
Event: 4.689 Thread 0x00007fbd3c001000 Exception <a 'java/security/PrivilegedActionException'> (0x00000000d6d33ef8) thrown at [/build/java8-openjdk/src/jdk8u-jdk8u20-b23/hotspot/src/share/vm/prims/jvm.cpp, line 1275]
Event: 4.702 Thread 0x00007fbd3c001000 Exception <a 'java/security/PrivilegedActionException'> (0x00000000d6d39790) thrown at [/build/java8-openjdk/src/jdk8u-jdk8u20-b23/hotspot/src/share/vm/prims/jvm.cpp, line 1275]
Event: 4.703 Thread 0x00007fbd3c001000 Exception <a 'java/security/PrivilegedActionException'> (0x00000000d6d3ecd8) thrown at [/build/java8-openjdk/src/jdk8u-jdk8u20-b23/hotspot/src/share/vm/prims/jvm.cpp, line 1275]
Event: 4.707 Thread 0x00007fbd3c001000 Exception <a 'java/security/PrivilegedActionException'> (0x00000000d6d45f58) thrown at [/build/java8-openjdk/src/jdk8u-jdk8u20-b23/hotspot/src/share/vm/prims/jvm.cpp, line 1275]
Event: 4.711 Thread 0x00007fbd3c001000 Exception <a 'java/security/PrivilegedActionException'> (0x00000000d6d4f798) thrown at [/build/java8-openjdk/src/jdk8u-jdk8u20-b23/hotspot/src/share/vm/prims/jvm.cpp, line 1275]

Events (10 events):
Event: 5.891 Thread 0x00007fbd3c001000 Thread exited: 0x00007fbd3c001000
Event: 5.900 Thread 0x00007fbd3c001000 Thread added: 0x00007fbd3c001000
Event: 5.900 Thread 0x00007fbd3c001000 Thread exited: 0x00007fbd3c001000
Event: 5.909 Thread 0x00007fbd3c001000 Thread added: 0x00007fbd3c001000
Event: 5.909 Thread 0x00007fbd3c001000 Thread exited: 0x00007fbd3c001000
Event: 5.919 Thread 0x00007fbd3c001000 Thread added: 0x00007fbd3c001000
Event: 5.919 Thread 0x00007fbd3c001000 Thread exited: 0x00007fbd3c001000
Event: 5.927 Thread 0x00007fbd3c001000 Thread added: 0x00007fbd3c001000
Event: 5.927 Thread 0x00007fbd3c001000 Thread exited: 0x00007fbd3c001000
Event: 5.937 Thread 0x00007fbd3c001000 Thread added: 0x00007fbd3c001000


Dynamic libraries:
00400000-00401000 r-xp 00000000 08:13 3039260                            /usr/lib/jvm/java-8-openjdk/jre/bin/java
00600000-00601000 rw-p 00000000 08:13 3039260                            /usr/lib/jvm/java-8-openjdk/jre/bin/java
02408000-02429000 rw-p 00000000 00:00 0                                  [heap]
84600000-89900000 rw-p 00000000 00:00 0 
89900000-d6d00000 ---p 00000000 00:00 0 
d6d00000-d9600000 rw-p 00000000 00:00 0 
d9600000-100000000 ---p 00000000 00:00 0 
100000000-100140000 rw-p 00000000 00:00 0 
100140000-140000000 ---p 00000000 00:00 0 
7fbd38000000-7fbd3809a000 rw-p 00000000 00:00 0 
7fbd3809a000-7fbd3c000000 ---p 00000000 00:00 0 
7fbd3c000000-7fbd3c062000 rw-p 00000000 00:00 0 
7fbd3c062000-7fbd40000000 ---p 00000000 00:00 0 
7fbd40000000-7fbd4013c000 rw-p 00000000 00:00 0 
7fbd4013c000-7fbd44000000 ---p 00000000 00:00 0 
7fbd44000000-7fbd44021000 rw-p 00000000 00:00 0 
7fbd44021000-7fbd48000000 ---p 00000000 00:00 0 
7fbd48000000-7fbd48021000 rw-p 00000000 00:00 0 
7fbd48021000-7fbd4c000000 ---p 00000000 00:00 0 
7fbd4c000000-7fbd4c021000 rw-p 00000000 00:00 0 
7fbd4c021000-7fbd50000000 ---p 00000000 00:00 0 
7fbd50000000-7fbd50021000 rw-p 00000000 00:00 0 
7fbd50021000-7fbd54000000 ---p 00000000 00:00 0 
7fbd577ff000-7fbd57800000 ---p 00000000 00:00 0 
7fbd57800000-7fbd58000000 rw-p 00000000 00:00 0                          [stack:14391]
7fbd58000000-7fbd58021000 rw-p 00000000 00:00 0 
7fbd58021000-7fbd5c000000 ---p 00000000 00:00 0 
7fbd5c000000-7fbd5c1a5000 rw-p 00000000 00:00 0 
7fbd5c1a5000-7fbd60000000 ---p 00000000 00:00 0 
7fbd607f9000-7fbd607fa000 ---p 00000000 00:00 0 
7fbd607fa000-7fbd60ffa000 rw-p 00000000 00:00 0                          [stack:14387]
7fbd60ffa000-7fbd60ffb000 ---p 00000000 00:00 0 
7fbd60ffb000-7fbd617fb000 rw-p 00000000 00:00 0                          [stack:14386]
7fbd617fb000-7fbd617fe000 ---p 00000000 00:00 0 
7fbd617fe000-7fbd61ffc000 rw-p 00000000 00:00 0                          [stack:14385]
7fbd61ffc000-7fbd61ffd000 ---p 00000000 00:00 0 
7fbd61ffd000-7fbd627fd000 rw-p 00000000 00:00 0                          [stack:14384]
7fbd627fd000-7fbd627fe000 ---p 00000000 00:00 0 
7fbd627fe000-7fbd62ffe000 rw-p 00000000 00:00 0                          [stack:14383]
7fbd62ffe000-7fbd62fff000 ---p 00000000 00:00 0 
7fbd62fff000-7fbd637ff000 rw-p 00000000 00:00 0                          [stack:14382]
7fbd637ff000-7fbd63802000 ---p 00000000 00:00 0 
7fbd63802000-7fbd64000000 rw-p 00000000 00:00 0                          [stack:14381]
7fbd64000000-7fbd64021000 rw-p 00000000 00:00 0 
7fbd64021000-7fbd68000000 ---p 00000000 00:00 0 
7fbd68000000-7fbd68021000 rw-p 00000000 00:00 0 
7fbd68021000-7fbd6c000000 ---p 00000000 00:00 0 
7fbd6c000000-7fbd6c021000 rw-p 00000000 00:00 0 
7fbd6c021000-7fbd70000000 ---p 00000000 00:00 0 
7fbd70000000-7fbd70021000 rw-p 00000000 00:00 0 
7fbd70021000-7fbd74000000 ---p 00000000 00:00 0 
7fbd74752000-7fbd74753000 ---p 00000000 00:00 0 
7fbd74753000-7fbd74f53000 rw-p 00000000 00:00 0                          [stack:14380]
7fbd74f53000-7fbd75043000 r-xp 00000000 08:13 2901864                    /usr/lib/libstdc++.so.6.0.20
7fbd75043000-7fbd75243000 ---p 000f0000 08:13 2901864                    /usr/lib/libstdc++.so.6.0.20
7fbd75243000-7fbd7524b000 r--p 000f0000 08:13 2901864                    /usr/lib/libstdc++.so.6.0.20
7fbd7524b000-7fbd7524d000 rw-p 000f8000 08:13 2901864                    /usr/lib/libstdc++.so.6.0.20
7fbd7524d000-7fbd75262000 rw-p 00000000 00:00 0 
7fbd75262000-7fbd753fa000 r-xp 00000000 08:14 3934408                    /home/pold/Documents/Radboud/Java/photo-album/lib/native/nux/x64/libLeap.so
7fbd753fa000-7fbd755f9000 ---p 00198000 08:14 3934408                    /home/pold/Documents/Radboud/Java/photo-album/lib/native/nux/x64/libLeap.so
7fbd755f9000-7fbd75607000 r--p 00197000 08:14 3934408                    /home/pold/Documents/Radboud/Java/photo-album/lib/native/nux/x64/libLeap.so
7fbd75607000-7fbd75609000 rw-p 001a5000 08:14 3934408                    /home/pold/Documents/Radboud/Java/photo-album/lib/native/nux/x64/libLeap.so
7fbd75609000-7fbd7560b000 rw-p 00000000 00:00 0 
7fbd7560b000-7fbd75647000 r-xp 00000000 08:14 3934409                    /home/pold/Documents/Radboud/Java/photo-album/lib/native/nux/x64/libLeapJava.so
7fbd75647000-7fbd75846000 ---p 0003c000 08:14 3934409                    /home/pold/Documents/Radboud/Java/photo-album/lib/native/nux/x64/libLeapJava.so
7fbd75846000-7fbd75847000 r--p 0003b000 08:14 3934409                    /home/pold/Documents/Radboud/Java/photo-album/lib/native/nux/x64/libLeapJava.so
7fbd75847000-7fbd75848000 rw-p 0003c000 08:14 3934409                    /home/pold/Documents/Radboud/Java/photo-album/lib/native/nux/x64/libLeapJava.so
7fbd75848000-7fbd7584b000 ---p 00000000 00:00 0 
7fbd7584b000-7fbd75949000 rw-p 00000000 00:00 0                          [stack:14377]
7fbd75949000-7fbd7594c000 ---p 00000000 00:00 0 
7fbd7594c000-7fbd75b8a000 rw-p 00000000 00:00 0                          [stack:14376]
7fbd75b8a000-7fbd75c4a000 ---p 00000000 00:00 0 
7fbd75c4a000-7fbd75c4d000 ---p 00000000 00:00 0 
7fbd75c4d000-7fbd75d4b000 rw-p 00000000 00:00 0                          [stack:14373]
7fbd75d4b000-7fbd75d50000 r-xp 00000000 08:13 2906917                    /usr/lib/libXfixes.so.3.1.0
7fbd75d50000-7fbd75f4f000 ---p 00005000 08:13 2906917                    /usr/lib/libXfixes.so.3.1.0
7fbd75f4f000-7fbd75f50000 r--p 00004000 08:13 2906917                    /usr/lib/libXfixes.so.3.1.0
7fbd75f50000-7fbd75f51000 rw-p 00005000 08:13 2906917                    /usr/lib/libXfixes.so.3.1.0
7fbd75f51000-7fbd75f5b000 r-xp 00000000 08:13 2908044                    /usr/lib/libXcursor.so.1.0.2
7fbd75f5b000-7fbd7615a000 ---p 0000a000 08:13 2908044                    /usr/lib/libXcursor.so.1.0.2
7fbd7615a000-7fbd7615b000 r--p 00009000 08:13 2908044                    /usr/lib/libXcursor.so.1.0.2
7fbd7615b000-7fbd7615c000 rw-p 0000a000 08:13 2908044                    /usr/lib/libXcursor.so.1.0.2
7fbd7615c000-7fbd7615f000 ---p 00000000 00:00 0 
7fbd7615f000-7fbd7625d000 rw-p 00000000 00:00 0                          [stack:14372]
7fbd7625d000-7fbd762c6000 r-xp 00000000 08:13 2894270                    /usr/lib/libpcre.so.1.2.3
7fbd762c6000-7fbd764c5000 ---p 00069000 08:13 2894270                    /usr/lib/libpcre.so.1.2.3
7fbd764c5000-7fbd764c6000 r--p 00068000 08:13 2894270                    /usr/lib/libpcre.so.1.2.3
7fbd764c6000-7fbd764c7000 rw-p 00069000 08:13 2894270                    /usr/lib/libpcre.so.1.2.3
7fbd764c7000-7fbd764e3000 r-xp 00000000 08:13 2903074                    /usr/lib/libgraphite2.so.3.0.1
7fbd764e3000-7fbd766e2000 ---p 0001c000 08:13 2903074                    /usr/lib/libgraphite2.so.3.0.1
7fbd766e2000-7fbd766e4000 r--p 0001b000 08:13 2903074                    /usr/lib/libgraphite2.so.3.0.1
7fbd766e4000-7fbd766e5000 rw-p 0001d000 08:13 2903074                    /usr/lib/libgraphite2.so.3.0.1
7fbd766e5000-7fbd767ed000 r-xp 00000000 08:13 2894477                    /usr/lib/libglib-2.0.so.0.4000.0
7fbd767ed000-7fbd769ec000 ---p 00108000 08:13 2894477                    /usr/lib/libglib-2.0.so.0.4000.0
7fbd769ec000-7fbd769ed000 r--p 00107000 08:13 2894477                    /usr/lib/libglib-2.0.so.0.4000.0
7fbd769ed000-7fbd769ee000 rw-p 00108000 08:13 2894477                    /usr/lib/libglib-2.0.so.0.4000.0
7fbd769ee000-7fbd769ef000 rw-p 00000000 00:00 0 
7fbd769ef000-7fbd76a45000 r-xp 00000000 08:13 2903086                    /usr/lib/libharfbuzz.so.0.935.0
7fbd76a45000-7fbd76c44000 ---p 00056000 08:13 2903086                    /usr/lib/libharfbuzz.so.0.935.0
7fbd76c44000-7fbd76c46000 r--p 00055000 08:13 2903086                    /usr/lib/libharfbuzz.so.0.935.0
7fbd76c46000-7fbd76c47000 rw-p 00057000 08:13 2903086                    /usr/lib/libharfbuzz.so.0.935.0
7fbd76c47000-7fbd76c7c000 r-xp 00000000 08:13 2903059                    /usr/lib/libpng16.so.16.13.0
7fbd76c7c000-7fbd76e7b000 ---p 00035000 08:13 2903059                    /usr/lib/libpng16.so.16.13.0
7fbd76e7b000-7fbd76e7c000 r--p 00034000 08:13 2903059                    /usr/lib/libpng16.so.16.13.0
7fbd76e7c000-7fbd76e7d000 rw-p 00035000 08:13 2903059                    /usr/lib/libpng16.so.16.13.0
7fbd76e7d000-7fbd76e8c000 r-xp 00000000 08:13 2889842                    /usr/lib/libbz2.so.1.0.6
7fbd76e8c000-7fbd7708b000 ---p 0000f000 08:13 2889842                    /usr/lib/libbz2.so.1.0.6
7fbd7708b000-7fbd7708d000 rw-p 0000e000 08:13 2889842                    /usr/lib/libbz2.so.1.0.6
7fbd7708d000-7fbd770a3000 r-xp 00000000 08:13 2890099                    /usr/lib/libgcc_s.so.1
7fbd770a3000-7fbd772a2000 ---p 00016000 08:13 2890099                    /usr/lib/libgcc_s.so.1
7fbd772a2000-7fbd772a3000 rw-p 00015000 08:13 2890099                    /usr/lib/libgcc_s.so.1
7fbd772a3000-7fbd77346000 r-xp 00000000 08:13 2903092                    /usr/lib/libfreetype.so.6.11.2
7fbd77346000-7fbd77545000 ---p 000a3000 08:13 2903092                    /usr/lib/libfreetype.so.6.11.2
7fbd77545000-7fbd7754b000 r--p 000a2000 08:13 2903092                    /usr/lib/libfreetype.so.6.11.2
7fbd7754b000-7fbd7754c000 rw-p 000a8000 08:13 2903092                    /usr/lib/libfreetype.so.6.11.2
7fbd7754c000-7fbd775ac000 r-xp 00000000 08:13 3188480                    /usr/lib/jvm/java-8-openjdk/jre/lib/amd64/libfontmanager.so
7fbd775ac000-7fbd777ac000 ---p 00060000 08:13 3188480                    /usr/lib/jvm/java-8-openjdk/jre/lib/amd64/libfontmanager.so
7fbd777ac000-7fbd777b0000 rw-p 00060000 08:13 3188480                    /usr/lib/jvm/java-8-openjdk/jre/lib/amd64/libfontmanager.so
7fbd777b0000-7fbd777c3000 rw-p 00000000 00:00 0 
7fbd777c3000-7fbd777c8000 r-xp 00000000 08:13 2903054                    /usr/lib/libXdmcp.so.6.0.0
7fbd777c8000-7fbd779c7000 ---p 00005000 08:13 2903054                    /usr/lib/libXdmcp.so.6.0.0
7fbd779c7000-7fbd779c8000 r--p 00004000 08:13 2903054                    /usr/lib/libXdmcp.so.6.0.0
7fbd779c8000-7fbd779c9000 rw-p 00005000 08:13 2903054                    /usr/lib/libXdmcp.so.6.0.0
7fbd779c9000-7fbd779cb000 r-xp 00000000 08:13 2903138                    /usr/lib/libXau.so.6.0.0
7fbd779cb000-7fbd77bcb000 ---p 00002000 08:13 2903138                    /usr/lib/libXau.so.6.0.0
7fbd77bcb000-7fbd77bcc000 r--p 00002000 08:13 2903138                    /usr/lib/libXau.so.6.0.0
7fbd77bcc000-7fbd77bcd000 rw-p 00003000 08:13 2903138                    /usr/lib/libXau.so.6.0.0
7fbd77bcd000-7fbd77bee000 r-xp 00000000 08:13 2905498                    /usr/lib/libxcb.so.1.1.0
7fbd77bee000-7fbd77ded000 ---p 00021000 08:13 2905498                    /usr/lib/libxcb.so.1.1.0
7fbd77ded000-7fbd77dee000 r--p 00020000 08:13 2905498                    /usr/lib/libxcb.so.1.1.0
7fbd77dee000-7fbd77def000 rw-p 00021000 08:13 2905498                    /usr/lib/libxcb.so.1.1.0
7fbd77def000-7fbd77dfe000 r-xp 00000000 08:13 2907959                    /usr/lib/libXi.so.6.1.0
7fbd77dfe000-7fbd77ffe000 ---p 0000f000 08:13 2907959                    /usr/lib/libXi.so.6.1.0
7fbd77ffe000-7fbd77fff000 r--p 0000f000 08:13 2907959                    /usr/lib/libXi.so.6.1.0
7fbd77fff000-7fbd78000000 rw-p 00010000 08:13 2907959                    /usr/lib/libXi.so.6.1.0
7fbd78000000-7fbd78021000 rw-p 00000000 00:00 0 
7fbd78021000-7fbd7c000000 ---p 00000000 00:00 0 
7fbd7c000000-7fbd7c021000 rw-p 00000000 00:00 0 
7fbd7c021000-7fbd80000000 ---p 00000000 00:00 0 
7fbd80000000-7fbd80050000 rw-p 00000000 00:00 0 
7fbd80050000-7fbd84000000 ---p 00000000 00:00 0 
7fbd84000000-7fbd84294000 rw-p 00000000 00:00 0 
7fbd84294000-7fbd88000000 ---p 00000000 00:00 0 
7fbd88000000-7fbd88021000 rw-p 00000000 00:00 0 
7fbd88021000-7fbd8c000000 ---p 00000000 00:00 0 
7fbd8c000000-7fbd8c19f000 rw-p 00000000 00:00 0 
7fbd8c19f000-7fbd90000000 ---p 00000000 00:00 0 
7fbd90000000-7fbd90021000 rw-p 00000000 00:00 0 
7fbd90021000-7fbd94000000 ---p 00000000 00:00 0 
7fbd94000000-7fbd94022000 rw-p 00000000 00:00 0 
7fbd94022000-7fbd98000000 ---p 00000000 00:00 0 
7fbd98000000-7fbd98021000 rw-p 00000000 00:00 0 
7fbd98021000-7fbd9c000000 ---p 00000000 00:00 0 
7fbd9c000000-7fbd9c021000 rw-p 00000000 00:00 0 
7fbd9c021000-7fbda0000000 ---p 00000000 00:00 0 
7fbda0000000-7fbda0021000 rw-p 00000000 00:00 0 
7fbda0021000-7fbda4000000 ---p 00000000 00:00 0 
7fbda4000000-7fbda4021000 rw-p 00000000 00:00 0 
7fbda4021000-7fbda8000000 ---p 00000000 00:00 0 
7fbda802a000-7fbda802f000 r-xp 00000000 08:13 2908798                    /usr/lib/libXtst.so.6.1.0
7fbda802f000-7fbda822e000 ---p 00005000 08:13 2908798                    /usr/lib/libXtst.so.6.1.0
7fbda822e000-7fbda822f000 r--p 00004000 08:13 2908798                    /usr/lib/libXtst.so.6.1.0
7fbda822f000-7fbda8230000 rw-p 00005000 08:13 2908798                    /usr/lib/libXtst.so.6.1.0
7fbda8230000-7fbdac000000 rw-p 00000000 00:00 0 
7fbdac000000-7fbdac021000 rw-p 00000000 00:00 0 
7fbdac021000-7fbdb0000000 ---p 00000000 00:00 0 
7fbdb0070000-7fbdb0079000 r-xp 00000000 08:13 2906708                    /usr/lib/libXrender.so.1.3.0
7fbdb0079000-7fbdb0278000 ---p 00009000 08:13 2906708                    /usr/lib/libXrender.so.1.3.0
7fbdb0278000-7fbdb0279000 r--p 00008000 08:13 2906708                    /usr/lib/libXrender.so.1.3.0
7fbdb0279000-7fbdb027a000 rw-p 00009000 08:13 2906708                    /usr/lib/libXrender.so.1.3.0
7fbdb027a000-7fbdb03b5000 r-xp 00000000 08:13 2906397                    /usr/lib/libX11.so.6.3.0
7fbdb03b5000-7fbdb05b4000 ---p 0013b000 08:13 2906397                    /usr/lib/libX11.so.6.3.0
7fbdb05b4000-7fbdb05b6000 r--p 0013a000 08:13 2906397                    /usr/lib/libX11.so.6.3.0
7fbdb05b6000-7fbdb05bb000 rw-p 0013c000 08:13 2906397                    /usr/lib/libX11.so.6.3.0
7fbdb05bb000-7fbdb05bc000 rw-p 00000000 00:00 0 
7fbdb05bc000-7fbdb05cd000 r-xp 00000000 08:13 2906773                    /usr/lib/libXext.so.6.4.0
7fbdb05cd000-7fbdb07cc000 ---p 00011000 08:13 2906773                    /usr/lib/libXext.so.6.4.0
7fbdb07cc000-7fbdb07cd000 r--p 00010000 08:13 2906773                    /usr/lib/libXext.so.6.4.0
7fbdb07cd000-7fbdb07ce000 rw-p 00011000 08:13 2906773                    /usr/lib/libXext.so.6.4.0
7fbdb0803000-7fbdb0857000 r-xp 00000000 08:13 3188479                    /usr/lib/jvm/java-8-openjdk/jre/lib/amd64/libawt_xawt.so
7fbdb0857000-7fbdb0a56000 ---p 00054000 08:13 3188479                    /usr/lib/jvm/java-8-openjdk/jre/lib/amd64/libawt_xawt.so
7fbdb0a56000-7fbdb0a59000 rw-p 00053000 08:13 3188479                    /usr/lib/jvm/java-8-openjdk/jre/lib/amd64/libawt_xawt.so
7fbdb0a59000-7fbdb0a5b000 rw-p 00000000 00:00 0 
7fbdb0a5b000-7fbdb0afb000 r-xp 00000000 08:13 3188475                    /usr/lib/jvm/java-8-openjdk/jre/lib/amd64/libawt.so
7fbdb0afb000-7fbdb0cfb000 ---p 000a0000 08:13 3188475                    /usr/lib/jvm/java-8-openjdk/jre/lib/amd64/libawt.so
7fbdb0cfb000-7fbdb0d07000 rw-p 000a0000 08:13 3188475                    /usr/lib/jvm/java-8-openjdk/jre/lib/amd64/libawt.so
7fbdb0d07000-7fbdb0d2b000 rw-p 00000000 00:00 0 
7fbdb0d2b000-7fbdb0d2d000 r--s 00015000 08:13 3039235                    /usr/lib/jvm/java-8-openjdk/jre/lib/jce.jar
7fbdb0d2d000-7fbdb0d32000 r--s 00092000 08:13 3039238                    /usr/lib/jvm/java-8-openjdk/jre/lib/jsse.jar
7fbdb0d32000-7fbdb0d63000 rw-p 00000000 00:00 0 
7fbdb0d63000-7fbdb0d79000 r-xp 00000000 08:13 3188465                    /usr/lib/jvm/java-8-openjdk/jre/lib/amd64/libnet.so
7fbdb0d79000-7fbdb0f79000 ---p 00016000 08:13 3188465                    /usr/lib/jvm/java-8-openjdk/jre/lib/amd64/libnet.so
7fbdb0f79000-7fbdb0f7a000 rw-p 00016000 08:13 3188465                    /usr/lib/jvm/java-8-openjdk/jre/lib/amd64/libnet.so
7fbdb0f7a000-7fbdb0f7d000 ---p 00000000 00:00 0 
7fbdb0f7d000-7fbdb107b000 rw-p 00000000 00:00 0                          [stack:14353]
7fbdb107b000-7fbdb107c000 r-xp 00000000 08:13 3562549                    /usr/share/intellij-idea-ultimate-edition/bin/libbreakgen64.so
7fbdb107c000-7fbdb127b000 ---p 00001000 08:13 3562549                    /usr/share/intellij-idea-ultimate-edition/bin/libbreakgen64.so
7fbdb127b000-7fbdb127c000 r--p 00000000 08:13 3562549                    /usr/share/intellij-idea-ultimate-edition/bin/libbreakgen64.so
7fbdb127c000-7fbdb127d000 rw-p 00001000 08:13 3562549                    /usr/share/intellij-idea-ultimate-edition/bin/libbreakgen64.so
7fbdb127d000-7fbdb127f000 r--s 00016000 08:13 3299778                    /usr/share/intellij-idea-ultimate-edition/lib/idea_rt.jar
7fbdb127f000-7fbdb1281000 r--s 00011000 08:14 1838136                    /home/pold/Documents/Radboud/Java/photo-album/lib/LeapJava.jar
7fbdb1281000-7fbdb128d000 r--s 000a4000 08:14 10490126                   /home/pold/.m2/repository/com/seaglasslookandfeel/seaglasslookandfeel/0.2/seaglasslookandfeel-0.2.jar
7fbdb128d000-7fbdb1290000 r--s 00007000 08:14 11144186                   /home/pold/.m2/repository/com/fasterxml/jackson/core/jackson-annotations/2.4.4/jackson-annotations-2.4.4.jar
7fbdb1290000-7fbdb12a1000 r--s 000f6000 08:14 10751423                   /home/pold/.m2/repository/com/fasterxml/jackson/core/jackson-databind/2.4.4/jackson-databind-2.4.4.jar
7fbdb12a1000-7fbdb12a5000 r--s 00034000 08:14 10882043                   /home/pold/.m2/repository/com/fasterxml/jackson/core/jackson-core/2.4.4/jackson-core-2.4.4.jar
7fbdb12a5000-7fbdb12a7000 r--s 00008000 08:14 1837465                    /home/pold/.m2/repository/org/apache/httpcomponents/httpmime/4.3.6/httpmime-4.3.6.jar
7fbdb12a7000-7fbdb12ad000 r--s 00033000 08:14 11537519                   /home/pold/.m2/repository/commons-codec/commons-codec/1.6/commons-codec-1.6.jar
7fbdb12ad000-7fbdb12af000 r--s 0000e000 08:14 11930171                   /home/pold/.m2/repository/commons-logging/commons-logging/1.1.3/commons-logging-1.1.3.jar
7fbdb12af000-7fbdb12b6000 r--s 0003f000 08:14 11275927                   /home/pold/.m2/repository/org/apache/httpcomponents/httpcore/4.3.3/httpcore-4.3.3.jar
7fbdb12b6000-7fbdb12e1000 r--s 001f9000 08:14 11929891                   /home/pold/.m2/repository/com/google/guava/guava/17.0/guava-17.0.jar
7fbdb12e1000-7fbdb12ff000 r--s 00180000 08:14 10489951                   /home/pold/.m2/repository/org/apache/commons/commons-math3/3.2/commons-math3-3.2.jar
7fbdb12ff000-7fbdb1311000 r--s 00112000 08:14 11929886                   /home/pold/.m2/repository/edu/cmu/sphinx/sphinx4-core/1.0-SNAPSHOT/sphinx4-core-1.0-20140806.210945-2.jar
7fbdb1311000-7fbdb1312000 ---p 00000000 00:00 0 
7fbdb1312000-7fbdb1412000 rw-p 00000000 00:00 0                          [stack:14320]
7fbdb1412000-7fbdb1415000 ---p 00000000 00:00 0 
7fbdb1415000-7fbdb1513000 rw-p 00000000 00:00 0                          [stack:14319]
7fbdb1513000-7fbdb1516000 ---p 00000000 00:00 0 
7fbdb1516000-7fbdb1614000 rw-p 00000000 00:00 0                          [stack:14318]
7fbdb1614000-7fbdb1617000 ---p 00000000 00:00 0 
7fbdb1617000-7fbdb1715000 rw-p 00000000 00:00 0                          [stack:14317]
7fbdb1715000-7fbdb1718000 ---p 00000000 00:00 0 
7fbdb1718000-7fbdb1816000 rw-p 00000000 00:00 0                          [stack:14315]
7fbdb1816000-7fbdb1819000 ---p 00000000 00:00 0 
7fbdb1819000-7fbdb1917000 rw-p 00000000 00:00 0                          [stack:14314]
7fbdb1917000-7fbdb1b1a000 r--p 00000000 08:13 2922356                    /usr/lib/locale/locale-archive
7fbdb1b1a000-7fbdb1b1d000 ---p 00000000 00:00 0 
7fbdb1b1d000-7fbdb1c1b000 rw-p 00000000 00:00 0                          [stack:14312]
7fbdb1c1b000-7fbdb1c1e000 ---p 00000000 00:00 0 
7fbdb1c1e000-7fbdb1d1c000 rw-p 00000000 00:00 0                          [stack:14311]
7fbdb1d1c000-7fbdb1d1d000 ---p 00000000 00:00 0 
7fbdb1d1d000-7fbdb2ddc000 rw-p 00000000 00:00 0                          [stack:14310]
7fbdb2ddc000-7fbdb2fa9000 r--s 03bb2000 08:13 3039239                    /usr/lib/jvm/java-8-openjdk/jre/lib/rt.jar
7fbdb2fa9000-7fbdb3b86000 rw-p 00000000 00:00 0 
7fbdb3b86000-7fbdb3b87000 ---p 00000000 00:00 0 
7fbdb3b87000-7fbdb3c87000 rw-p 00000000 00:00 0                          [stack:14309]
7fbdb3c87000-7fbdb3c88000 ---p 00000000 00:00 0 
7fbdb3c88000-7fbdb3d88000 rw-p 00000000 00:00 0                          [stack:14308]
7fbdb3d88000-7fbdb3d89000 ---p 00000000 00:00 0 
7fbdb3d89000-7fbdb3e89000 rw-p 00000000 00:00 0                          [stack:14307]
7fbdb3e89000-7fbdb3e8a000 ---p 00000000 00:00 0 
7fbdb3e8a000-7fbdb3fb4000 rw-p 00000000 00:00 0                          [stack:14305]
7fbdb3fb4000-7fbdb421e000 ---p 00000000 00:00 0 
7fbdb421e000-7fbdb4248000 rw-p 00000000 00:00 0 
7fbdb4248000-7fbdb44b1000 ---p 00000000 00:00 0 
7fbdb44b1000-7fbdb44c6000 rw-p 00000000 00:00 0 
7fbdb44c6000-7fbdb45fb000 ---p 00000000 00:00 0 
7fbdb45fb000-7fbdb4606000 rw-p 00000000 00:00 0 
7fbdb4606000-7fbdb49bc000 ---p 00000000 00:00 0 
7fbdb49bc000-7fbdb4c2c000 rwxp 00000000 00:00 0 
7fbdb4c2c000-7fbdc39bc000 ---p 00000000 00:00 0 
7fbdc39bc000-7fbdc39c4000 r-xp 00000000 08:13 3188464                    /usr/lib/jvm/java-8-openjdk/jre/lib/amd64/libzip.so
7fbdc39c4000-7fbdc3bc3000 ---p 00008000 08:13 3188464                    /usr/lib/jvm/java-8-openjdk/jre/lib/amd64/libzip.so
7fbdc3bc3000-7fbdc3bc4000 rw-p 00007000 08:13 3188464                    /usr/lib/jvm/java-8-openjdk/jre/lib/amd64/libzip.so
7fbdc3bc4000-7fbdc3bcf000 r-xp 00000000 08:13 2886812                    /usr/lib/libnss_files-2.20.so
7fbdc3bcf000-7fbdc3dcf000 ---p 0000b000 08:13 2886812                    /usr/lib/libnss_files-2.20.so
7fbdc3dcf000-7fbdc3dd0000 r--p 0000b000 08:13 2886812                    /usr/lib/libnss_files-2.20.so
7fbdc3dd0000-7fbdc3dd1000 rw-p 0000c000 08:13 2886812                    /usr/lib/libnss_files-2.20.so
7fbdc3dd1000-7fbdc3dfe000 r-xp 00000000 08:13 3188463                    /usr/lib/jvm/java-8-openjdk/jre/lib/amd64/libjava.so
7fbdc3dfe000-7fbdc3ffe000 ---p 0002d000 08:13 3188463                    /usr/lib/jvm/java-8-openjdk/jre/lib/amd64/libjava.so
7fbdc3ffe000-7fbdc4000000 rw-p 0002d000 08:13 3188463                    /usr/lib/jvm/java-8-openjdk/jre/lib/amd64/libjava.so
7fbdc4000000-7fbdc42eb000 rw-p 00000000 00:00 0 
7fbdc42eb000-7fbdc8000000 ---p 00000000 00:00 0 
7fbdc8000000-7fbdc800c000 r--s 00085000 08:14 11013003                   /home/pold/.m2/repository/org/apache/httpcomponents/httpclient/4.3.6/httpclient-4.3.6.jar
7fbdc800c000-7fbdc800e000 r--s 02bf8000 08:14 11929885                   /home/pold/.m2/repository/edu/cmu/sphinx/sphinx4-data/1.0-SNAPSHOT/sphinx4-data-1.0-20140806.205007-2.jar
7fbdc800e000-7fbdc80a5000 rw-p 00000000 00:00 0 
7fbdc80a5000-7fbdc80b2000 r-xp 00000000 08:13 3188453                    /usr/lib/jvm/java-8-openjdk/jre/lib/amd64/libverify.so
7fbdc80b2000-7fbdc82b1000 ---p 0000d000 08:13 3188453                    /usr/lib/jvm/java-8-openjdk/jre/lib/amd64/libverify.so
7fbdc82b1000-7fbdc82b3000 rw-p 0000c000 08:13 3188453                    /usr/lib/jvm/java-8-openjdk/jre/lib/amd64/libverify.so
7fbdc82b3000-7fbdc82ba000 r-xp 00000000 08:13 2886867                    /usr/lib/librt-2.20.so
7fbdc82ba000-7fbdc84b9000 ---p 00007000 08:13 2886867                    /usr/lib/librt-2.20.so
7fbdc84b9000-7fbdc84ba000 r--p 00006000 08:13 2886867                    /usr/lib/librt-2.20.so
7fbdc84ba000-7fbdc84bb000 rw-p 00007000 08:13 2886867                    /usr/lib/librt-2.20.so
7fbdc84bb000-7fbdc85be000 r-xp 00000000 08:13 2886849                    /usr/lib/libm-2.20.so
7fbdc85be000-7fbdc87be000 ---p 00103000 08:13 2886849                    /usr/lib/libm-2.20.so
7fbdc87be000-7fbdc87bf000 r--p 00103000 08:13 2886849                    /usr/lib/libm-2.20.so
7fbdc87bf000-7fbdc87c0000 rw-p 00104000 08:13 2886849                    /usr/lib/libm-2.20.so
7fbdc87c0000-7fbdc940d000 r-xp 00000000 08:13 3293118                    /usr/lib/jvm/java-8-openjdk/jre/lib/amd64/server/libjvm.so
7fbdc940d000-7fbdc960d000 ---p 00c4d000 08:13 3293118                    /usr/lib/jvm/java-8-openjdk/jre/lib/amd64/server/libjvm.so
7fbdc960d000-7fbdc96d9000 rw-p 00c4d000 08:13 3293118                    /usr/lib/jvm/java-8-openjdk/jre/lib/amd64/server/libjvm.so
7fbdc96d9000-7fbdc9718000 rw-p 00000000 00:00 0 
7fbdc9718000-7fbdc98b1000 r-xp 00000000 08:13 2886850                    /usr/lib/libc-2.20.so
7fbdc98b1000-7fbdc9ab1000 ---p 00199000 08:13 2886850                    /usr/lib/libc-2.20.so
7fbdc9ab1000-7fbdc9ab5000 r--p 00199000 08:13 2886850                    /usr/lib/libc-2.20.so
7fbdc9ab5000-7fbdc9ab7000 rw-p 0019d000 08:13 2886850                    /usr/lib/libc-2.20.so
7fbdc9ab7000-7fbdc9abb000 rw-p 00000000 00:00 0 
7fbdc9abb000-7fbdc9abe000 r-xp 00000000 08:13 2886804                    /usr/lib/libdl-2.20.so
7fbdc9abe000-7fbdc9cbd000 ---p 00003000 08:13 2886804                    /usr/lib/libdl-2.20.so
7fbdc9cbd000-7fbdc9cbe000 r--p 00002000 08:13 2886804                    /usr/lib/libdl-2.20.so
7fbdc9cbe000-7fbdc9cbf000 rw-p 00003000 08:13 2886804                    /usr/lib/libdl-2.20.so
7fbdc9cbf000-7fbdc9ccc000 r-xp 00000000 08:13 3556665                    /usr/lib/jvm/java-8-openjdk/jre/lib/amd64/jli/libjli.so
7fbdc9ccc000-7fbdc9ecb000 ---p 0000d000 08:13 3556665                    /usr/lib/jvm/java-8-openjdk/jre/lib/amd64/jli/libjli.so
7fbdc9ecb000-7fbdc9ecc000 rw-p 0000c000 08:13 3556665                    /usr/lib/jvm/java-8-openjdk/jre/lib/amd64/jli/libjli.so
7fbdc9ecc000-7fbdc9ee1000 r-xp 00000000 08:13 2889850                    /usr/lib/libz.so.1.2.8
7fbdc9ee1000-7fbdca0e0000 ---p 00015000 08:13 2889850                    /usr/lib/libz.so.1.2.8
7fbdca0e0000-7fbdca0e1000 r--p 00014000 08:13 2889850                    /usr/lib/libz.so.1.2.8
7fbdca0e1000-7fbdca0e2000 rw-p 00015000 08:13 2889850                    /usr/lib/libz.so.1.2.8
7fbdca0e2000-7fbdca0f9000 r-xp 00000000 08:13 2886818                    /usr/lib/libpthread-2.20.so
7fbdca0f9000-7fbdca2f8000 ---p 00017000 08:13 2886818                    /usr/lib/libpthread-2.20.so
7fbdca2f8000-7fbdca2f9000 r--p 00016000 08:13 2886818                    /usr/lib/libpthread-2.20.so
7fbdca2f9000-7fbdca2fa000 rw-p 00017000 08:13 2886818                    /usr/lib/libpthread-2.20.so
7fbdca2fa000-7fbdca2fe000 rw-p 00000000 00:00 0 
7fbdca2fe000-7fbdca320000 r-xp 00000000 08:13 2886814                    /usr/lib/ld-2.20.so
7fbdca321000-7fbdca323000 r--s 00006000 08:14 11929892                   /home/pold/.m2/repository/org/slf4j/slf4j-api/1.7.6/slf4j-api-1.7.6.jar
7fbdca323000-7fbdca328000 r--s 00092000 08:13 3039238                    /usr/lib/jvm/java-8-openjdk/jre/lib/jsse.jar
7fbdca328000-7fbdca33b000 r--s 00345000 08:13 3039241                    /usr/lib/jvm/java-8-openjdk/jre/lib/resources.jar
7fbdca33b000-7fbdca340000 r--s 002f8000 08:13 3039240                    /usr/lib/jvm/java-8-openjdk/jre/lib/charsets.jar
7fbdca340000-7fbdca3e4000 rw-p 00000000 00:00 0 
7fbdca3e4000-7fbdca3e7000 ---p 00000000 00:00 0 
7fbdca3e7000-7fbdca4ea000 rw-p 00000000 00:00 0                          [stack:14304]
7fbdca4ea000-7fbdca4eb000 r--s 00000000 08:13 3039236                    /usr/lib/jvm/java-8-openjdk/jre/lib/management-agent.jar
7fbdca4eb000-7fbdca4ed000 r--s 00015000 08:13 3039235                    /usr/lib/jvm/java-8-openjdk/jre/lib/jce.jar
7fbdca4ed000-7fbdca514000 rw-p 00000000 00:00 0 
7fbdca514000-7fbdca51c000 rw-s 00000000 00:1f 6367325                    /tmp/hsperfdata_pold/14303
7fbdca51c000-7fbdca51d000 rw-p 00000000 00:00 0 
7fbdca51d000-7fbdca51e000 r--p 00000000 00:00 0 
7fbdca51e000-7fbdca51f000 rw-p 00000000 00:00 0 
7fbdca51f000-7fbdca520000 r--p 00021000 08:13 2886814                    /usr/lib/ld-2.20.so
7fbdca520000-7fbdca521000 rw-p 00022000 08:13 2886814                    /usr/lib/ld-2.20.so
7fbdca521000-7fbdca522000 rw-p 00000000 00:00 0 
7fffc4947000-7fffc4969000 rw-p 00000000 00:00 0                          [stack]
7fffc49fc000-7fffc49fe000 r-xp 00000000 00:00 0                          [vdso]
7fffc49fe000-7fffc4a00000 r--p 00000000 00:00 0                          [vvar]
ffffffffff600000-ffffffffff601000 r-xp 00000000 00:00 0                  [vsyscall]

VM Arguments:
jvm_args: -Djava.library.path=file:///home/pold/Documents/Radboud/Java/photo-album/lib/native/nux/x64/ -Didea.launcher.port=7532 -Didea.launcher.bin.path=/usr/share/intellij-idea-ultimate-edition/bin -Dfile.encoding=UTF-8 
java_command: com.intellij.rt.execution.application.AppMain main.java.gesturerecognition.DrawRect
java_class_path (initial): /usr/lib/jvm/default/jre/lib/rt.jar:/usr/lib/jvm/default/jre/lib/jce.jar:/usr/lib/jvm/default/jre/lib/charsets.jar:/usr/lib/jvm/default/jre/lib/resources.jar:/usr/lib/jvm/default/jre/lib/management-agent.jar:/usr/lib/jvm/default/jre/lib/jsse.jar:/usr/lib/jvm/default/jre/lib/ext/sunec.jar:/usr/lib/jvm/default/jre/lib/ext/dnsns.jar:/usr/lib/jvm/default/jre/lib/ext/nashorn.jar:/usr/lib/jvm/default/jre/lib/ext/sunjce_provider.jar:/usr/lib/jvm/default/jre/lib/ext/sunpkcs11.jar:/usr/lib/jvm/default/jre/lib/ext/zipfs.jar:/usr/lib/jvm/default/jre/lib/ext/localedata.jar:/usr/lib/jvm/default/jre/lib/ext/cldrdata.jar:/home/pold/Documents/Radboud/Java/photo-album/target/classes:/home/pold/.m2/repository/edu/cmu/sphinx/sphinx4-core/1.0-SNAPSHOT/sphinx4-core-1.0-20140806.210945-2.jar:/home/pold/.m2/repository/org/apache/commons/commons-math3/3.2/commons-math3-3.2.jar:/home/pold/.m2/repository/com/google/guava/guava/17.0/guava-17.0.jar:/home/pold/.m2/repository/org/slf4j/slf4j-api/1.7.6/slf4j-api-1.7.6.jar:/home/pold/.m2/repository/edu/cmu/sphinx/sphinx4-data/1.0-SNAPSHOT/sphinx4-data-1.0-20140806.205007-2.jar:/home/pold/.m2/repository/org/apache/httpcomponents/httpclient/4.3.6/httpclient-4.3.6.jar:/home/pold/.m2/repository/org/apache/httpcomponents/httpcore/4.3.3/httpcore-4.3.3.jar:/home/pold/.m2/repository/commons-logging/commons-logging/1.1.3/commons-logging-1.1.3.jar:/home/pold/.m2/repository/commons-codec/commons-codec/1.6/commons-codec-1.6.jar:/home/pold/.m2/repository/org/apache/httpcomponents/httpmime/4.3.6/httpmime-4.3.6.jar:/home/pold/.m2/repository/com/fasterxml/jackson/core/jackson-core/2.4.4/jackson-core-2.4.4.jar:/home/pold/.m2/repository/com/fasterxml/jackson/core/jackson-databind/2.4.4/jackson-databind-2.4.4.jar:/home/pold/.m2/repository/com/fasterxml/jackson/core/jackson-annotations/2.4.4/jackson-annotations-2.4.4.jar:/home/pold/.m2/repository/com/seaglasslookandfeel/seaglasslookandfeel/0.2/seaglasslookandfeel-0.2.jar:/home/pold/Docume
Launcher Type: SUN_STANDARD

Environment Variables:
JAVA_HOME=/usr/lib/jvm/default
CLASSPATH=./../lib/bootstrap.jar:./../lib/extensions.jar:./../lib/util.jar:./../lib/jdom.jar:./../lib/log4j.jar:./../lib/trove4j.jar:./../lib/jna.jar:/usr/lib/jvm/default//lib/tools.jar
PATH=/usr/local/sbin:/usr/local/bin:/usr/bin:/usr/bin/site_perl:/usr/bin/vendor_perl:/usr/bin/core_perl:/home/pold/bin:/usr/local/MATLAB/R2014a/bin:/home/pold/.cabal/bin:/home/pold/.config/sublime-text-2/Packages/myPDDL/
LD_LIBRARY_PATH=.:
SHELL=/usr/bin/zsh
DISPLAY=:0

Signal Handlers:
SIGSEGV: [libjvm.so+0xa49330], sa_mask[0]=11111111011111111101111111111110, sa_flags=SA_RESTART|SA_SIGINFO
SIGBUS: [libjvm.so+0xa49330], sa_mask[0]=11111111011111111101111111111110, sa_flags=SA_RESTART|SA_SIGINFO
SIGFPE: [libjvm.so+0x89f390], sa_mask[0]=11111111011111111101111111111110, sa_flags=SA_RESTART|SA_SIGINFO
SIGPIPE: [libjvm.so+0x89f390], sa_mask[0]=11111111011111111101111111111110, sa_flags=SA_RESTART|SA_SIGINFO
SIGXFSZ: [libjvm.so+0x89f390], sa_mask[0]=11111111011111111101111111111110, sa_flags=SA_RESTART|SA_SIGINFO
SIGILL: [libjvm.so+0x89f390], sa_mask[0]=11111111011111111101111111111110, sa_flags=SA_RESTART|SA_SIGINFO
SIGUSR1: SIG_DFL, sa_mask[0]=00000000000000000000000000000000, sa_flags=none
SIGUSR2: [libjvm.so+0x89f240], sa_mask[0]=00100000000000000000000000000000, sa_flags=SA_RESTART|SA_SIGINFO
SIGHUP: [libjvm.so+0x89f450], sa_mask[0]=11111111011111111101111111111110, sa_flags=SA_RESTART|SA_SIGINFO
SIGINT: [libjvm.so+0x89f450], sa_mask[0]=11111111011111111101111111111110, sa_flags=SA_RESTART|SA_SIGINFO
SIGTERM: [libjvm.so+0x89f450], sa_mask[0]=11111111011111111101111111111110, sa_flags=SA_RESTART|SA_SIGINFO
SIGQUIT: [libjvm.so+0x89f450], sa_mask[0]=11111111011111111101111111111110, sa_flags=SA_RESTART|SA_SIGINFO


---------------  S Y S T E M  ---------------

OS:LSB_VERSION=1.4
DISTRIB_ID=Arch
DISTRIB_RELEASE=rolling
DISTRIB_DESCRIPTION="Arch Linux"

uname:Linux 3.16.3-1-ARCH #1 SMP PREEMPT Wed Sep 17 21:54:13 CEST 2014 x86_64
libc:glibc 2.20 NPTL 2.20 
rlimit: STACK 8192k, CORE infinity, NPROC 31620, NOFILE 4096, AS infinity
load average:5.97 6.34 5.78

/proc/meminfo:
MemTotal:        8100400 kB
MemFree:          272196 kB
MemAvailable:    1024120 kB
Buffers:           54552 kB
Cached:           982092 kB
SwapCached:            0 kB
Active:          6839720 kB
Inactive:         677956 kB
Active(anon):    6496816 kB
Inactive(anon):   123668 kB
Active(file):     342904 kB
Inactive(file):   554288 kB
Unevictable:           4 kB
Mlocked:               4 kB
SwapTotal:             0 kB
SwapFree:              0 kB
Dirty:              4196 kB
Writeback:             0 kB
AnonPages:       6481036 kB
Mapped:           269512 kB
Shmem:            139452 kB
Slab:              84752 kB
SReclaimable:      47348 kB
SUnreclaim:        37404 kB
KernelStack:       13504 kB
PageTables:        68960 kB
NFS_Unstable:          0 kB
Bounce:                0 kB
WritebackTmp:          0 kB
CommitLimit:     4050200 kB
Committed_AS:   12144804 kB
VmallocTotal:   34359738367 kB
VmallocUsed:      169528 kB
VmallocChunk:   34359505336 kB
HardwareCorrupted:     0 kB
AnonHugePages:   1134592 kB
HugePages_Total:       0
HugePages_Free:        0
HugePages_Rsvd:        0
HugePages_Surp:        0
Hugepagesize:       2048 kB
DirectMap4k:      144604 kB
DirectMap2M:     8163328 kB
DirectMap1G:           0 kB


CPU:total 4 (4 cores per cpu, 1 threads per core) family 6 model 60 stepping 3, cmov, cx8, fxsr, mmx, sse, sse2, sse3, ssse3, sse4.1, sse4.2, popcnt, avx, avx2, aes, clmul, erms, rtm, lzcnt, tsc, tscinvbit, bmi1, bmi2

/proc/cpuinfo:
processor	: 0
vendor_id	: GenuineIntel
cpu family	: 6
model		: 60
model name	: Intel(R) Core(TM) i5-4570 CPU @ 3.20GHz
stepping	: 3
microcode	: 0x16
cpu MHz		: 3400.000
cache size	: 6144 KB
physical id	: 0
siblings	: 4
core id		: 0
cpu cores	: 4
apicid		: 0
initial apicid	: 0
fpu		: yes
fpu_exception	: yes
cpuid level	: 13
wp		: yes
flags		: fpu vme de pse tsc msr pae mce cx8 apic sep mtrr pge mca cmov pat pse36 clflush dts acpi mmx fxsr sse sse2 ss ht tm pbe syscall nx pdpe1gb rdtscp lm constant_tsc arch_perfmon pebs bts rep_good nopl xtopology nonstop_tsc aperfmperf eagerfpu pni pclmulqdq dtes64 monitor ds_cpl vmx smx est tm2 ssse3 fma cx16 xtpr pdcm pcid sse4_1 sse4_2 x2apic movbe popcnt tsc_deadline_timer aes xsave avx f16c rdrand lahf_lm abm ida arat epb xsaveopt pln pts dtherm tpr_shadow vnmi flexpriority ept vpid fsgsbase tsc_adjust bmi1 hle avx2 smep bmi2 erms invpcid rtm
bogomips	: 6388.78
clflush size	: 64
cache_alignment	: 64
address sizes	: 39 bits physical, 48 bits virtual
power management:

processor	: 1
vendor_id	: GenuineIntel
cpu family	: 6
model		: 60
model name	: Intel(R) Core(TM) i5-4570 CPU @ 3.20GHz
stepping	: 3
microcode	: 0x16
cpu MHz		: 3400.000
cache size	: 6144 KB
physical id	: 0
siblings	: 4
core id		: 1
cpu cores	: 4
apicid		: 2
initial apicid	: 2
fpu		: yes
fpu_exception	: yes
cpuid level	: 13
wp		: yes
flags		: fpu vme de pse tsc msr pae mce cx8 apic sep mtrr pge mca cmov pat pse36 clflush dts acpi mmx fxsr sse sse2 ss ht tm pbe syscall nx pdpe1gb rdtscp lm constant_tsc arch_perfmon pebs bts rep_good nopl xtopology nonstop_tsc aperfmperf eagerfpu pni pclmulqdq dtes64 monitor ds_cpl vmx smx est tm2 ssse3 fma cx16 xtpr pdcm pcid sse4_1 sse4_2 x2apic movbe popcnt tsc_deadline_timer aes xsave avx f16c rdrand lahf_lm abm ida arat epb xsaveopt pln pts dtherm tpr_shadow vnmi flexpriority ept vpid fsgsbase tsc_adjust bmi1 hle avx2 smep bmi2 erms invpcid rtm
bogomips	: 6388.78
clflush size	: 64
cache_alignment	: 64
address sizes	: 39 bits physical, 48 bits virtual
power management:

processor	: 2
vendor_id	: GenuineIntel
cpu family	: 6
model		: 60
model name	: Intel(R) Core(TM) i5-4570 CPU @ 3.20GHz
stepping	: 3
microcode	: 0x16
cpu MHz		: 3400.000
cache size	: 6144 KB
physical id	: 0
siblings	: 4
core id		: 2
cpu cores	: 4
apicid		: 4
initial apicid	: 4
fpu		: yes
fpu_exception	: yes
cpuid level	: 13
wp		: yes
flags		: fpu vme de pse tsc msr pae mce cx8 apic sep mtrr pge mca cmov pat pse36 clflush dts acpi mmx fxsr sse sse2 ss ht tm pbe syscall nx pdpe1gb rdtscp lm constant_tsc arch_perfmon pebs bts rep_good nopl xtopology nonstop_tsc aperfmperf eagerfpu pni pclmulqdq dtes64 monitor ds_cpl vmx smx est tm2 ssse3 fma cx16 xtpr pdcm pcid sse4_1 sse4_2 x2apic movbe popcnt tsc_deadline_timer aes xsave avx f16c rdrand lahf_lm abm ida arat epb xsaveopt pln pts dtherm tpr_shadow vnmi flexpriority ept vpid fsgsbase tsc_adjust bmi1 hle avx2 smep bmi2 erms invpcid rtm
bogomips	: 6388.78
clflush size	: 64
cache_alignment	: 64
address sizes	: 39 bits physical, 48 bits virtual
power management:

processor	: 3
vendor_id	: GenuineIntel
cpu family	: 6
model		: 60
model name	: Intel(R) Core(TM) i5-4570 CPU @ 3.20GHz
stepping	: 3
microcode	: 0x16
cpu MHz		: 3400.000
cache size	: 6144 KB
physical id	: 0
siblings	: 4
core id		: 3
cpu cores	: 4
apicid		: 6
initial apicid	: 6
fpu		: yes
fpu_exception	: yes
cpuid level	: 13
wp		: yes
flags		: fpu vme de pse tsc msr pae mce cx8 apic sep mtrr pge mca cmov pat pse36 clflush dts acpi mmx fxsr sse sse2 ss ht tm pbe syscall nx pdpe1gb rdtscp lm constant_tsc arch_perfmon pebs bts rep_good nopl xtopology nonstop_tsc aperfmperf eagerfpu pni pclmulqdq dtes64 monitor ds_cpl vmx smx est tm2 ssse3 fma cx16 xtpr pdcm pcid sse4_1 sse4_2 x2apic movbe popcnt tsc_deadline_timer aes xsave avx f16c rdrand lahf_lm abm ida arat epb xsaveopt pln pts dtherm tpr_shadow vnmi flexpriority ept vpid fsgsbase tsc_adjust bmi1 hle avx2 smep bmi2 erms invpcid rtm
bogomips	: 6388.78
clflush size	: 64
cache_alignment	: 64
address sizes	: 39 bits physical, 48 bits virtual
power management:



Memory: 4k page, physical 8100400k(272196k free), swap 0k(0k free)

vm_info: OpenJDK 64-Bit Server VM (25.20-b22) for linux-amd64 JRE (1.8.0_20-b23), built on Sep 17 2014 13:04:28 by "nobody" with gcc 4.9.1 20140903 (prerelease)

time: Mon Dec 15 19:11:15 2014
elapsed time: 5 seconds (0d 0h 0m 5s)

