#
# There is insufficient memory for the Java Runtime Environment to continue.
# Native memory allocation (mmap) failed to map 1431830528 bytes for committing reserved memory.
# Possible reasons:
#   The system is out of physical RAM or swap space
#   In 32 bit mode, the process size limit was hit
# Possible solutions:
#   Reduce memory load on the system
#   Increase physical memory or swap space
#   Check if swap backing store is full
#   Use 64 bit Java on a 64 bit OS
#   Decrease Java heap size (-Xmx/-Xms)
#   Decrease number of Java threads
#   Decrease Java thread stack sizes (-Xss)
#   Set larger code cache with -XX:ReservedCodeCacheSize=
# This output file may be truncated or incomplete.
#
#  Out of Memory Error (os_linux.cpp:2671), pid=3648, tid=140183973951232
#
# JRE version:  (8.0_31-b13) (build )
# Java VM: OpenJDK 64-Bit Server VM (25.31-b07 mixed mode linux-amd64 compressed oops)
# Core dump written. Default location: /home/pold/Documents/Radboud/Java/photo-album/core or core.3648
#

---------------  T H R E A D  ---------------

Current thread (0x00007f7f18009800):  JavaThread "Unknown thread" [_thread_in_vm, id=3650, stack(0x00007f7f1fe87000,0x00007f7f1ff88000)]

Stack: [0x00007f7f1fe87000,0x00007f7f1ff88000],  sp=0x00007f7f1ff866b0,  free space=1021k
Native frames: (J=compiled Java code, j=interpreted, Vv=VM code, C=native code)
V  [libjvm.so+0xa5c127]
V  [libjvm.so+0x4daaac]
V  [libjvm.so+0x8b54d0]
V  [libjvm.so+0x8b051e]
V  [libjvm.so+0x926b0b]
V  [libjvm.so+0x916e53]
V  [libjvm.so+0x2c6b05]
V  [libjvm.so+0x8d927a]
V  [libjvm.so+0xa2298b]
V  [libjvm.so+0xa22c6d]
V  [libjvm.so+0x6150ef]
V  [libjvm.so+0xa03b5f]
V  [libjvm.so+0x68a26e]  JNI_CreateJavaVM+0x5e
C  [libjli.so+0x2d2f]
C  [libpthread.so.0+0x7314]  start_thread+0xc4


---------------  P R O C E S S  ---------------

Java Threads: ( => current thread )

Other Threads:

=>0x00007f7f18009800 (exited) JavaThread "Unknown thread" [_thread_in_vm, id=3650, stack(0x00007f7f1fe87000,0x00007f7f1ff88000)]

VM state:not at safepoint (not fully initialized)

VM Mutex/Monitor currently owned by a thread: None

GC Heap History (0 events):
No events

Deoptimization events (0 events):
No events

Internal exceptions (0 events):
No events

Events (0 events):
No events


Dynamic libraries:
00400000-00401000 r-xp 00000000 08:13 3039260                            /usr/lib/jvm/java-8-openjdk/jre/bin/java
00600000-00601000 rw-p 00000000 08:13 3039260                            /usr/lib/jvm/java-8-openjdk/jre/bin/java
009f7000-00a18000 rw-p 00000000 00:00 0                                  [heap]
715580000-76ab00000 ---p 00000000 00:00 0 
76ab00000-795580000 rw-p 00000000 00:00 0 
795580000-7c0000000 ---p 00000000 00:00 0 
7f7f09000000-7f7f09270000 rwxp 00000000 00:00 0 
7f7f09270000-7f7f18000000 ---p 00000000 00:00 0 
7f7f18000000-7f7f18030000 rw-p 00000000 00:00 0 
7f7f18030000-7f7f1c000000 ---p 00000000 00:00 0 
7f7f1c928000-7f7f1ce7d000 ---p 00000000 00:00 0 
7f7f1ce7d000-7f7f1cfd3000 rw-p 00000000 00:00 0 
7f7f1cfd3000-7f7f1d128000 ---p 00000000 00:00 0 
7f7f1d128000-7f7f1d133000 rw-p 00000000 00:00 0 
7f7f1d133000-7f7f1d4e9000 ---p 00000000 00:00 0 
7f7f1d4e9000-7f7f1d4f1000 r-xp 00000000 08:13 3188461                    /usr/lib/jvm/java-8-openjdk/jre/lib/amd64/libzip.so
7f7f1d4f1000-7f7f1d6f0000 ---p 00008000 08:13 3188461                    /usr/lib/jvm/java-8-openjdk/jre/lib/amd64/libzip.so
7f7f1d6f0000-7f7f1d6f1000 rw-p 00007000 08:13 3188461                    /usr/lib/jvm/java-8-openjdk/jre/lib/amd64/libzip.so
7f7f1d6f1000-7f7f1d6fc000 r-xp 00000000 08:13 2886748                    /usr/lib/libnss_files-2.20.so
7f7f1d6fc000-7f7f1d8fc000 ---p 0000b000 08:13 2886748                    /usr/lib/libnss_files-2.20.so
7f7f1d8fc000-7f7f1d8fd000 r--p 0000b000 08:13 2886748                    /usr/lib/libnss_files-2.20.so
7f7f1d8fd000-7f7f1d8fe000 rw-p 0000c000 08:13 2886748                    /usr/lib/libnss_files-2.20.so
7f7f1d8fe000-7f7f1d92b000 r-xp 00000000 08:13 3188460                    /usr/lib/jvm/java-8-openjdk/jre/lib/amd64/libjava.so
7f7f1d92b000-7f7f1db2b000 ---p 0002d000 08:13 3188460                    /usr/lib/jvm/java-8-openjdk/jre/lib/amd64/libjava.so
7f7f1db2b000-7f7f1db2d000 rw-p 0002d000 08:13 3188460                    /usr/lib/jvm/java-8-openjdk/jre/lib/amd64/libjava.so
7f7f1db2d000-7f7f1db3a000 r-xp 00000000 08:13 3188453                    /usr/lib/jvm/java-8-openjdk/jre/lib/amd64/libverify.so
7f7f1db3a000-7f7f1dd39000 ---p 0000d000 08:13 3188453                    /usr/lib/jvm/java-8-openjdk/jre/lib/amd64/libverify.so
7f7f1dd39000-7f7f1dd3b000 rw-p 0000c000 08:13 3188453                    /usr/lib/jvm/java-8-openjdk/jre/lib/amd64/libverify.so
7f7f1dd3b000-7f7f1dd42000 r-xp 00000000 08:13 2886828                    /usr/lib/librt-2.20.so
7f7f1dd42000-7f7f1df41000 ---p 00007000 08:13 2886828                    /usr/lib/librt-2.20.so
7f7f1df41000-7f7f1df42000 r--p 00006000 08:13 2886828                    /usr/lib/librt-2.20.so
7f7f1df42000-7f7f1df43000 rw-p 00007000 08:13 2886828                    /usr/lib/librt-2.20.so
7f7f1df43000-7f7f1e046000 r-xp 00000000 08:13 2886800                    /usr/lib/libm-2.20.so
7f7f1e046000-7f7f1e246000 ---p 00103000 08:13 2886800                    /usr/lib/libm-2.20.so
7f7f1e246000-7f7f1e247000 r--p 00103000 08:13 2886800                    /usr/lib/libm-2.20.so
7f7f1e247000-7f7f1e248000 rw-p 00104000 08:13 2886800                    /usr/lib/libm-2.20.so
7f7f1e248000-7f7f1eea9000 r-xp 00000000 08:13 3278451                    /usr/lib/jvm/java-8-openjdk/jre/lib/amd64/server/libjvm.so
7f7f1eea9000-7f7f1f0a9000 ---p 00c61000 08:13 3278451                    /usr/lib/jvm/java-8-openjdk/jre/lib/amd64/server/libjvm.so
7f7f1f0a9000-7f7f1f175000 rw-p 00c61000 08:13 3278451                    /usr/lib/jvm/java-8-openjdk/jre/lib/amd64/server/libjvm.so
7f7f1f175000-7f7f1f1b4000 rw-p 00000000 00:00 0 
7f7f1f1b4000-7f7f1f34d000 r-xp 00000000 08:13 2886801                    /usr/lib/libc-2.20.so
7f7f1f34d000-7f7f1f54d000 ---p 00199000 08:13 2886801                    /usr/lib/libc-2.20.so
7f7f1f54d000-7f7f1f551000 r--p 00199000 08:13 2886801                    /usr/lib/libc-2.20.so
7f7f1f551000-7f7f1f553000 rw-p 0019d000 08:13 2886801                    /usr/lib/libc-2.20.so
7f7f1f553000-7f7f1f557000 rw-p 00000000 00:00 0 
7f7f1f557000-7f7f1f55a000 r-xp 00000000 08:13 2886744                    /usr/lib/libdl-2.20.so
7f7f1f55a000-7f7f1f759000 ---p 00003000 08:13 2886744                    /usr/lib/libdl-2.20.so
7f7f1f759000-7f7f1f75a000 r--p 00002000 08:13 2886744                    /usr/lib/libdl-2.20.so
7f7f1f75a000-7f7f1f75b000 rw-p 00003000 08:13 2886744                    /usr/lib/libdl-2.20.so
7f7f1f75b000-7f7f1f768000 r-xp 00000000 08:13 3556665                    /usr/lib/jvm/java-8-openjdk/jre/lib/amd64/jli/libjli.so
7f7f1f768000-7f7f1f967000 ---p 0000d000 08:13 3556665                    /usr/lib/jvm/java-8-openjdk/jre/lib/amd64/jli/libjli.so
7f7f1f967000-7f7f1f968000 rw-p 0000c000 08:13 3556665                    /usr/lib/jvm/java-8-openjdk/jre/lib/amd64/jli/libjli.so
7f7f1f968000-7f7f1f97d000 r-xp 00000000 08:13 2889850                    /usr/lib/libz.so.1.2.8
7f7f1f97d000-7f7f1fb7c000 ---p 00015000 08:13 2889850                    /usr/lib/libz.so.1.2.8
7f7f1fb7c000-7f7f1fb7d000 r--p 00014000 08:13 2889850                    /usr/lib/libz.so.1.2.8
7f7f1fb7d000-7f7f1fb7e000 rw-p 00015000 08:13 2889850                    /usr/lib/libz.so.1.2.8
7f7f1fb7e000-7f7f1fb95000 r-xp 00000000 08:13 2886758                    /usr/lib/libpthread-2.20.so
7f7f1fb95000-7f7f1fd94000 ---p 00017000 08:13 2886758                    /usr/lib/libpthread-2.20.so
7f7f1fd94000-7f7f1fd95000 r--p 00016000 08:13 2886758                    /usr/lib/libpthread-2.20.so
7f7f1fd95000-7f7f1fd96000 rw-p 00017000 08:13 2886758                    /usr/lib/libpthread-2.20.so
7f7f1fd96000-7f7f1fd9a000 rw-p 00000000 00:00 0 
7f7f1fd9a000-7f7f1fdbc000 r-xp 00000000 08:13 2886752                    /usr/lib/ld-2.20.so
7f7f1fe87000-7f7f1fe8a000 ---p 00000000 00:00 0 
7f7f1fe8a000-7f7f1ff8c000 rw-p 00000000 00:00 0                          [stack:3650]
7f7f1ffad000-7f7f1ffb0000 rw-p 00000000 00:00 0 
7f7f1ffb0000-7f7f1ffb8000 rw-s 00000000 00:1e 1663607                    /tmp/hsperfdata_pold/3648
7f7f1ffb8000-7f7f1ffb9000 rw-p 00000000 00:00 0 
7f7f1ffb9000-7f7f1ffba000 r--p 00000000 00:00 0 
7f7f1ffba000-7f7f1ffbb000 rw-p 00000000 00:00 0 
7f7f1ffbb000-7f7f1ffbc000 r--p 00021000 08:13 2886752                    /usr/lib/ld-2.20.so
7f7f1ffbc000-7f7f1ffbd000 rw-p 00022000 08:13 2886752                    /usr/lib/ld-2.20.so
7f7f1ffbd000-7f7f1ffbe000 rw-p 00000000 00:00 0 
7ffff8299000-7ffff82bb000 rw-p 00000000 00:00 0                          [stack]
7ffff8350000-7ffff8352000 r--p 00000000 00:00 0                          [vvar]
7ffff8352000-7ffff8354000 r-xp 00000000 00:00 0                          [vdso]
ffffffffff600000-ffffffffff601000 r-xp 00000000 00:00 0                  [vsyscall]

VM Arguments:
jvm_args: -Djava.library.path=file:///home/pold/Documents/Radboud/Java/photo-album/lib/native/nux/x64/ -Xms2048m -Xmx4096m -Didea.launcher.port=7534 -Didea.launcher.bin.path=/usr/share/intellij-idea-ultimate-edition/bin -Dfile.encoding=UTF-8 
java_command: com.intellij.rt.execution.application.AppMain main.java.userInterface.App
java_class_path (initial): /usr/lib/jvm/default/jre/lib/rt.jar:/usr/lib/jvm/default/jre/lib/jce.jar:/usr/lib/jvm/default/jre/lib/charsets.jar:/usr/lib/jvm/default/jre/lib/resources.jar:/usr/lib/jvm/default/jre/lib/management-agent.jar:/usr/lib/jvm/default/jre/lib/jsse.jar:/usr/lib/jvm/default/jre/lib/ext/sunec.jar:/usr/lib/jvm/default/jre/lib/ext/dnsns.jar:/usr/lib/jvm/default/jre/lib/ext/nashorn.jar:/usr/lib/jvm/default/jre/lib/ext/sunjce_provider.jar:/usr/lib/jvm/default/jre/lib/ext/sunpkcs11.jar:/usr/lib/jvm/default/jre/lib/ext/zipfs.jar:/usr/lib/jvm/default/jre/lib/ext/localedata.jar:/usr/lib/jvm/default/jre/lib/ext/cldrdata.jar:/home/pold/Documents/Radboud/Java/photo-album/target/classes:/home/pold/.m2/repository/edu/cmu/sphinx/sphinx4-core/1.0-SNAPSHOT/sphinx4-core-1.0-20150207.140759-4.jar:/home/pold/.m2/repository/org/apache/commons/commons-math3/3.2/commons-math3-3.2.jar:/home/pold/.m2/repository/edu/cmu/sphinx/sphinx4-data/1.0-SNAPSHOT/sphinx4-data-1.0-20150207.140723-4.jar:/home/pold/.m2/repository/org/apache/httpcomponents/httpclient/4.3.6/httpclient-4.3.6.jar:/home/pold/.m2/repository/org/apache/httpcomponents/httpcore/4.3.3/httpcore-4.3.3.jar:/home/pold/.m2/repository/commons-logging/commons-logging/1.1.3/commons-logging-1.1.3.jar:/home/pold/.m2/repository/commons-codec/commons-codec/1.6/commons-codec-1.6.jar:/home/pold/.m2/repository/org/apache/httpcomponents/httpmime/4.3.6/httpmime-4.3.6.jar:/home/pold/.m2/repository/com/fasterxml/jackson/core/jackson-core/2.4.4/jackson-core-2.4.4.jar:/home/pold/.m2/repository/com/fasterxml/jackson/core/jackson-databind/2.4.4/jackson-databind-2.4.4.jar:/home/pold/.m2/repository/com/fasterxml/jackson/core/jackson-annotations/2.4.4/jackson-annotations-2.4.4.jar:/home/pold/.m2/repository/com/seaglasslookandfeel/seaglasslookandfeel/0.2/seaglasslookandfeel-0.2.jar:/home/pold/Documents/Radboud/Java/photo-album/lib/LeapJava.jar:/home/pold/.m2/repository/org/glassfish/javax.json/1.0.4/javax.json-1.0.4.jar:/home/pold/.m2/re
Launcher Type: SUN_STANDARD

Environment Variables:
CLASSPATH=./../lib/bootstrap.jar:./../lib/extensions.jar:./../lib/util.jar:./../lib/jdom.jar:./../lib/log4j.jar:./../lib/trove4j.jar:./../lib/jna.jar:/usr/lib/jvm/default//lib/tools.jar
PATH=/usr/local/sbin:/usr/local/bin:/usr/bin:/usr/lib/jvm/default/bin:/usr/bin/site_perl:/usr/bin/vendor_perl:/usr/bin/core_perl:/home/pold/bin:/usr/local/MATLAB/R2014a/bin:/home/pold/.cabal/bin:/home/pold/.config/sublime-text-2/Packages/myPDDL/
LD_LIBRARY_PATH=.:
SHELL=/usr/bin/zsh
DISPLAY=:0

Signal Handlers:
SIGSEGV: [libjvm.so+0xa5cbe0], sa_mask[0]=11111111011111111101111111111110, sa_flags=SA_RESTART|SA_SIGINFO
SIGBUS: [libjvm.so+0xa5cbe0], sa_mask[0]=11111111011111111101111111111110, sa_flags=SA_RESTART|SA_SIGINFO
SIGFPE: [libjvm.so+0x8b11b0], sa_mask[0]=11111111011111111101111111111110, sa_flags=SA_RESTART|SA_SIGINFO
SIGPIPE: [libjvm.so+0x8b11b0], sa_mask[0]=11111111011111111101111111111110, sa_flags=SA_RESTART|SA_SIGINFO
SIGXFSZ: [libjvm.so+0x8b11b0], sa_mask[0]=11111111011111111101111111111110, sa_flags=SA_RESTART|SA_SIGINFO
SIGILL: [libjvm.so+0x8b11b0], sa_mask[0]=11111111011111111101111111111110, sa_flags=SA_RESTART|SA_SIGINFO
SIGUSR1: SIG_DFL, sa_mask[0]=00000000000000000000000000000000, sa_flags=none
SIGUSR2: [libjvm.so+0x8b1060], sa_mask[0]=00100000000000000000000000000000, sa_flags=SA_RESTART|SA_SIGINFO
SIGHUP: SIG_DFL, sa_mask[0]=00000000000000000000000000000000, sa_flags=none
SIGINT: SIG_DFL, sa_mask[0]=00000000000000000000000000000000, sa_flags=none
SIGTERM: SIG_DFL, sa_mask[0]=00000000000000000000000000000000, sa_flags=none
SIGQUIT: SIG_DFL, sa_mask[0]=00000000000000000000000000000000, sa_flags=none


---------------  S Y S T E M  ---------------

OS:LSB_VERSION=1.4
DISTRIB_ID=Arch
DISTRIB_RELEASE=rolling
DISTRIB_DESCRIPTION="Arch Linux"

uname:Linux 3.18.2-2-ARCH #1 SMP PREEMPT Fri Jan 9 07:37:51 CET 2015 x86_64
libc:glibc 2.20 NPTL 2.20 
rlimit: STACK 8192k, CORE infinity, NPROC 31619, NOFILE 4096, AS infinity
load average:5.63 4.43 4.15

/proc/meminfo:
MemTotal:        8100172 kB
MemFree:          580000 kB
MemAvailable:    1300076 kB
Buffers:          128668 kB
Cached:           804192 kB
SwapCached:            0 kB
Active:          6695928 kB
Inactive:         497676 kB
Active(anon):    6265672 kB
Inactive(anon):    85996 kB
Active(file):     430256 kB
Inactive(file):   411680 kB
Unevictable:           0 kB
Mlocked:               0 kB
SwapTotal:             0 kB
SwapFree:              0 kB
Dirty:              1620 kB
Writeback:             0 kB
AnonPages:       6260604 kB
Mapped:           273964 kB
Shmem:             90928 kB
Slab:             127652 kB
SReclaimable:      94168 kB
SUnreclaim:        33484 kB
KernelStack:       12784 kB
PageTables:        63940 kB
NFS_Unstable:          0 kB
Bounce:                0 kB
WritebackTmp:          0 kB
CommitLimit:     4050084 kB
Committed_AS:   13651200 kB
VmallocTotal:   34359738367 kB
VmallocUsed:      143528 kB
VmallocChunk:   34359512612 kB
HardwareCorrupted:     0 kB
AnonHugePages:   2514944 kB
HugePages_Total:       0
HugePages_Free:        0
HugePages_Rsvd:        0
HugePages_Surp:        0
Hugepagesize:       2048 kB
DirectMap4k:      183516 kB
DirectMap2M:     7075840 kB
DirectMap1G:     1048576 kB


CPU:total 4 (4 cores per cpu, 1 threads per core) family 6 model 60 stepping 3, cmov, cx8, fxsr, mmx, sse, sse2, sse3, ssse3, sse4.1, sse4.2, popcnt, avx, avx2, aes, clmul, erms, rtm, lzcnt, tsc, tscinvbit, bmi1, bmi2

/proc/cpuinfo:
processor	: 0
vendor_id	: GenuineIntel
cpu family	: 6
model		: 60
model name	: Intel(R) Core(TM) i5-4570 CPU @ 3.20GHz
stepping	: 3
microcode	: 0x16
cpu MHz		: 3422.875
cache size	: 6144 KB
physical id	: 0
siblings	: 4
core id		: 0
cpu cores	: 4
apicid		: 0
initial apicid	: 0
fpu		: yes
fpu_exception	: yes
cpuid level	: 13
wp		: yes
flags		: fpu vme de pse tsc msr pae mce cx8 apic sep mtrr pge mca cmov pat pse36 clflush dts acpi mmx fxsr sse sse2 ss ht tm pbe syscall nx pdpe1gb rdtscp lm constant_tsc arch_perfmon pebs bts rep_good nopl xtopology nonstop_tsc aperfmperf eagerfpu pni pclmulqdq dtes64 monitor ds_cpl vmx smx est tm2 ssse3 fma cx16 xtpr pdcm pcid sse4_1 sse4_2 x2apic movbe popcnt tsc_deadline_timer aes xsave avx f16c rdrand lahf_lm abm ida arat epb pln pts dtherm tpr_shadow vnmi flexpriority ept vpid fsgsbase tsc_adjust bmi1 hle avx2 smep bmi2 erms invpcid rtm xsaveopt
bugs		:
bogomips	: 6388.85
clflush size	: 64
cache_alignment	: 64
address sizes	: 39 bits physical, 48 bits virtual
power management:

processor	: 1
vendor_id	: GenuineIntel
cpu family	: 6
model		: 60
model name	: Intel(R) Core(TM) i5-4570 CPU @ 3.20GHz
stepping	: 3
microcode	: 0x16
cpu MHz		: 3400.000
cache size	: 6144 KB
physical id	: 0
siblings	: 4
core id		: 1
cpu cores	: 4
apicid		: 2
initial apicid	: 2
fpu		: yes
fpu_exception	: yes
cpuid level	: 13
wp		: yes
flags		: fpu vme de pse tsc msr pae mce cx8 apic sep mtrr pge mca cmov pat pse36 clflush dts acpi mmx fxsr sse sse2 ss ht tm pbe syscall nx pdpe1gb rdtscp lm constant_tsc arch_perfmon pebs bts rep_good nopl xtopology nonstop_tsc aperfmperf eagerfpu pni pclmulqdq dtes64 monitor ds_cpl vmx smx est tm2 ssse3 fma cx16 xtpr pdcm pcid sse4_1 sse4_2 x2apic movbe popcnt tsc_deadline_timer aes xsave avx f16c rdrand lahf_lm abm ida arat epb pln pts dtherm tpr_shadow vnmi flexpriority ept vpid fsgsbase tsc_adjust bmi1 hle avx2 smep bmi2 erms invpcid rtm xsaveopt
bugs		:
bogomips	: 6388.85
clflush size	: 64
cache_alignment	: 64
address sizes	: 39 bits physical, 48 bits virtual
power management:

processor	: 2
vendor_id	: GenuineIntel
cpu family	: 6
model		: 60
model name	: Intel(R) Core(TM) i5-4570 CPU @ 3.20GHz
stepping	: 3
microcode	: 0x16
cpu MHz		: 3422.875
cache size	: 6144 KB
physical id	: 0
siblings	: 4
core id		: 2
cpu cores	: 4
apicid		: 4
initial apicid	: 4
fpu		: yes
fpu_exception	: yes
cpuid level	: 13
wp		: yes
flags		: fpu vme de pse tsc msr pae mce cx8 apic sep mtrr pge mca cmov pat pse36 clflush dts acpi mmx fxsr sse sse2 ss ht tm pbe syscall nx pdpe1gb rdtscp lm constant_tsc arch_perfmon pebs bts rep_good nopl xtopology nonstop_tsc aperfmperf eagerfpu pni pclmulqdq dtes64 monitor ds_cpl vmx smx est tm2 ssse3 fma cx16 xtpr pdcm pcid sse4_1 sse4_2 x2apic movbe popcnt tsc_deadline_timer aes xsave avx f16c rdrand lahf_lm abm ida arat epb pln pts dtherm tpr_shadow vnmi flexpriority ept vpid fsgsbase tsc_adjust bmi1 hle avx2 smep bmi2 erms invpcid rtm xsaveopt
bugs		:
bogomips	: 6388.85
clflush size	: 64
cache_alignment	: 64
address sizes	: 39 bits physical, 48 bits virtual
power management:

processor	: 3
vendor_id	: GenuineIntel
cpu family	: 6
model		: 60
model name	: Intel(R) Core(TM) i5-4570 CPU @ 3.20GHz
stepping	: 3
microcode	: 0x16
cpu MHz		: 3423.000
cache size	: 6144 KB
physical id	: 0
siblings	: 4
core id		: 3
cpu cores	: 4
apicid		: 6
initial apicid	: 6
fpu		: yes
fpu_exception	: yes
cpuid level	: 13
wp		: yes
flags		: fpu vme de pse tsc msr pae mce cx8 apic sep mtrr pge mca cmov pat pse36 clflush dts acpi mmx fxsr sse sse2 ss ht tm pbe syscall nx pdpe1gb rdtscp lm constant_tsc arch_perfmon pebs bts rep_good nopl xtopology nonstop_tsc aperfmperf eagerfpu pni pclmulqdq dtes64 monitor ds_cpl vmx smx est tm2 ssse3 fma cx16 xtpr pdcm pcid sse4_1 sse4_2 x2apic movbe popcnt tsc_deadline_timer aes xsave avx f16c rdrand lahf_lm abm ida arat epb pln pts dtherm tpr_shadow vnmi flexpriority ept vpid fsgsbase tsc_adjust bmi1 hle avx2 smep bmi2 erms invpcid rtm xsaveopt
bugs		:
bogomips	: 6388.85
clflush size	: 64
cache_alignment	: 64
address sizes	: 39 bits physical, 48 bits virtual
power management:



Memory: 4k page, physical 8100172k(580000k free), swap 0k(0k free)

vm_info: OpenJDK 64-Bit Server VM (25.31-b07) for linux-amd64 JRE (1.8.0_31-b13), built on Jan 22 2015 21:30:59 by "builduser" with gcc 4.9.2 20141224 (prerelease)

time: Sun Feb  8 02:59:51 2015
elapsed time: 0 seconds (0d 0h 0m 0s)

